<?xml version="1.0" encoding="UTF-8"?>
<coverage generated="1728455264828" clover="3.2.0">
  <project timestamp="1728455264828" name="All files">
    <metrics statements="276" coveredstatements="179" conditionals="60" coveredconditionals="54" methods="85" coveredmethods="50" elements="421" coveredelements="283" complexity="0" loc="276" ncloc="276" packages="3" files="23" classes="23"/>
    <package name="src">
      <metrics statements="68" coveredstatements="0" conditionals="2" coveredconditionals="0" methods="16" coveredmethods="0"/>
      <file name="chatroomHandler.ts" path="C:\CodeProjects\Apps\Chess\server\src\chatroomHandler.ts">
        <metrics statements="17" coveredstatements="0" conditionals="0" coveredconditionals="0" methods="4" coveredmethods="0"/>
        <line num="1" count="0" type="stmt"/>
        <line num="2" count="0" type="stmt"/>
        <line num="3" count="0" type="stmt"/>
        <line num="4" count="0" type="stmt"/>
        <line num="5" count="0" type="stmt"/>
        <line num="6" count="0" type="stmt"/>
        <line num="8" count="0" type="stmt"/>
        <line num="11" count="0" type="stmt"/>
        <line num="12" count="0" type="stmt"/>
        <line num="13" count="0" type="stmt"/>
        <line num="14" count="0" type="stmt"/>
        <line num="16" count="0" type="stmt"/>
        <line num="19" count="0" type="stmt"/>
        <line num="20" count="0" type="stmt"/>
        <line num="21" count="0" type="stmt"/>
        <line num="22" count="0" type="stmt"/>
        <line num="24" count="0" type="stmt"/>
      </file>
      <file name="gameroomHandler.ts" path="C:\CodeProjects\Apps\Chess\server\src\gameroomHandler.ts">
        <metrics statements="17" coveredstatements="0" conditionals="0" coveredconditionals="0" methods="4" coveredmethods="0"/>
        <line num="1" count="0" type="stmt"/>
        <line num="2" count="0" type="stmt"/>
        <line num="3" count="0" type="stmt"/>
        <line num="4" count="0" type="stmt"/>
        <line num="5" count="0" type="stmt"/>
        <line num="6" count="0" type="stmt"/>
        <line num="8" count="0" type="stmt"/>
        <line num="11" count="0" type="stmt"/>
        <line num="12" count="0" type="stmt"/>
        <line num="13" count="0" type="stmt"/>
        <line num="14" count="0" type="stmt"/>
        <line num="16" count="0" type="stmt"/>
        <line num="19" count="0" type="stmt"/>
        <line num="20" count="0" type="stmt"/>
        <line num="21" count="0" type="stmt"/>
        <line num="22" count="0" type="stmt"/>
        <line num="24" count="0" type="stmt"/>
      </file>
      <file name="index.ts" path="C:\CodeProjects\Apps\Chess\server\src\index.ts">
        <metrics statements="9" coveredstatements="0" conditionals="2" coveredconditionals="0" methods="3" coveredmethods="0"/>
        <line num="11" count="0" type="stmt"/>
        <line num="12" count="0" type="stmt"/>
        <line num="13" count="0" type="stmt"/>
        <line num="18" count="0" type="cond" truecount="0" falsecount="2"/>
        <line num="20" count="0" type="stmt"/>
        <line num="21" count="0" type="stmt"/>
        <line num="24" count="0" type="stmt"/>
        <line num="25" count="0" type="stmt"/>
        <line num="29" count="0" type="stmt"/>
      </file>
      <file name="lobbyHandler.ts" path="C:\CodeProjects\Apps\Chess\server\src\lobbyHandler.ts">
        <metrics statements="19" coveredstatements="0" conditionals="0" coveredconditionals="0" methods="4" coveredmethods="0"/>
        <line num="8" count="0" type="stmt"/>
        <line num="9" count="0" type="stmt"/>
        <line num="10" count="0" type="stmt"/>
        <line num="11" count="0" type="stmt"/>
        <line num="12" count="0" type="stmt"/>
        <line num="13" count="0" type="stmt"/>
        <line num="14" count="0" type="stmt"/>
        <line num="15" count="0" type="stmt"/>
        <line num="17" count="0" type="stmt"/>
        <line num="20" count="0" type="stmt"/>
        <line num="21" count="0" type="stmt"/>
        <line num="22" count="0" type="stmt"/>
        <line num="23" count="0" type="stmt"/>
        <line num="25" count="0" type="stmt"/>
        <line num="28" count="0" type="stmt"/>
        <line num="29" count="0" type="stmt"/>
        <line num="30" count="0" type="stmt"/>
        <line num="31" count="0" type="stmt"/>
        <line num="33" count="0" type="stmt"/>
      </file>
      <file name="mainHandler.ts" path="C:\CodeProjects\Apps\Chess\server\src\mainHandler.ts">
        <metrics statements="2" coveredstatements="0" conditionals="0" coveredconditionals="0" methods="1" coveredmethods="0"/>
        <line num="1" count="0" type="stmt"/>
        <line num="2" count="0" type="stmt"/>
      </file>
      <file name="manual-test.ts" path="C:\CodeProjects\Apps\Chess\server\src\manual-test.ts">
        <metrics statements="4" coveredstatements="0" conditionals="0" coveredconditionals="0" methods="0" coveredmethods="0"/>
        <line num="7" count="0" type="stmt"/>
        <line num="9" count="0" type="stmt"/>
        <line num="11" count="0" type="stmt"/>
        <line num="12" count="0" type="stmt"/>
      </file>
    </package>
    <package name="src.Models">
      <metrics statements="206" coveredstatements="177" conditionals="58" coveredconditionals="54" methods="68" coveredmethods="49"/>
      <file name="Bishop.ts" path="C:\CodeProjects\Apps\Chess\server\src\Models\Bishop.ts">
        <metrics statements="3" coveredstatements="3" conditionals="4" coveredconditionals="4" methods="1" coveredmethods="1"/>
        <line num="1" count="2" type="stmt"/>
        <line num="6" count="8" type="stmt"/>
        <line num="15" count="2" type="stmt"/>
      </file>
      <file name="Board.ts" path="C:\CodeProjects\Apps\Chess\server\src\Models\Board.ts">
        <metrics statements="4" coveredstatements="3" conditionals="0" coveredconditionals="0" methods="2" coveredmethods="1"/>
        <line num="1" count="2" type="stmt"/>
        <line num="10" count="2" type="stmt"/>
        <line num="14" count="0" type="stmt"/>
        <line num="23" count="2" type="stmt"/>
      </file>
      <file name="Game.ts" path="C:\CodeProjects\Apps\Chess\server\src\Models\Game.ts">
        <metrics statements="12" coveredstatements="12" conditionals="0" coveredconditionals="0" methods="6" coveredmethods="6"/>
        <line num="1" count="2" type="stmt"/>
        <line num="8" count="2" type="stmt"/>
        <line num="11" count="2" type="stmt"/>
        <line num="14" count="2" type="stmt"/>
        <line num="15" count="2" type="stmt"/>
        <line num="16" count="2" type="stmt"/>
        <line num="20" count="10" type="stmt"/>
        <line num="24" count="1" type="stmt"/>
        <line num="28" count="1" type="stmt"/>
        <line num="32" count="1" type="stmt"/>
        <line num="36" count="1" type="stmt"/>
        <line num="46" count="2" type="stmt"/>
      </file>
      <file name="King.ts" path="C:\CodeProjects\Apps\Chess\server\src\Models\King.ts">
        <metrics statements="4" coveredstatements="4" conditionals="4" coveredconditionals="4" methods="1" coveredmethods="1"/>
        <line num="1" count="2" type="stmt"/>
        <line num="5" count="4" type="stmt"/>
        <line num="8" count="4" type="stmt"/>
        <line num="17" count="2" type="stmt"/>
      </file>
      <file name="Knight.ts" path="C:\CodeProjects\Apps\Chess\server\src\Models\Knight.ts">
        <metrics statements="3" coveredstatements="3" conditionals="4" coveredconditionals="4" methods="1" coveredmethods="1"/>
        <line num="1" count="2" type="stmt"/>
        <line num="6" count="8" type="stmt"/>
        <line num="15" count="2" type="stmt"/>
      </file>
      <file name="Lobby.ts" path="C:\CodeProjects\Apps\Chess\server\src\Models\Lobby.ts">
        <metrics statements="23" coveredstatements="23" conditionals="4" coveredconditionals="3" methods="13" coveredmethods="13"/>
        <line num="2" count="1" type="stmt"/>
        <line num="9" count="2" type="stmt"/>
        <line num="10" count="2" type="stmt"/>
        <line num="23" count="2" type="stmt"/>
        <line num="24" count="2" type="stmt"/>
        <line num="25" count="2" type="stmt"/>
        <line num="26" count="2" type="stmt"/>
        <line num="27" count="2" type="stmt"/>
        <line num="28" count="2" type="cond" truecount="2" falsecount="0"/>
        <line num="29" count="2" type="cond" truecount="1" falsecount="1"/>
        <line num="33" count="4" type="stmt"/>
        <line num="37" count="2" type="stmt"/>
        <line num="41" count="2" type="stmt"/>
        <line num="45" count="16" type="stmt"/>
        <line num="49" count="2" type="stmt"/>
        <line num="53" count="10" type="stmt"/>
        <line num="57" count="2" type="stmt"/>
        <line num="61" count="2" type="stmt"/>
        <line num="65" count="4" type="stmt"/>
        <line num="69" count="2" type="stmt"/>
        <line num="73" count="4" type="stmt"/>
        <line num="77" count="2" type="stmt"/>
        <line num="81" count="1" type="stmt"/>
      </file>
      <file name="Pawn.ts" path="C:\CodeProjects\Apps\Chess\server\src\Models\Pawn.ts">
        <metrics statements="4" coveredstatements="4" conditionals="4" coveredconditionals="4" methods="1" coveredmethods="1"/>
        <line num="1" count="2" type="stmt"/>
        <line num="5" count="32" type="stmt"/>
        <line num="8" count="32" type="stmt"/>
        <line num="17" count="2" type="stmt"/>
      </file>
      <file name="Piece.ts" path="C:\CodeProjects\Apps\Chess\server\src\Models\Piece.ts">
        <metrics statements="11" coveredstatements="8" conditionals="0" coveredconditionals="0" methods="6" coveredmethods="3"/>
        <line num="7" count="64" type="stmt"/>
        <line num="16" count="64" type="stmt"/>
        <line num="17" count="64" type="stmt"/>
        <line num="18" count="64" type="stmt"/>
        <line num="19" count="64" type="stmt"/>
        <line num="23" count="0" type="stmt"/>
        <line num="27" count="0" type="stmt"/>
        <line num="31" count="32" type="stmt"/>
        <line num="35" count="0" type="stmt"/>
        <line num="39" count="32" type="stmt"/>
        <line num="45" count="2" type="stmt"/>
      </file>
      <file name="Player.ts" path="C:\CodeProjects\Apps\Chess\server\src\Models\Player.ts">
        <metrics statements="6" coveredstatements="5" conditionals="0" coveredconditionals="0" methods="3" coveredmethods="2"/>
        <line num="1" count="2" type="stmt"/>
        <line num="8" count="5" type="stmt"/>
        <line num="9" count="5" type="stmt"/>
        <line num="13" count="20" type="stmt"/>
        <line num="17" count="0" type="stmt"/>
        <line num="21" count="2" type="stmt"/>
      </file>
      <file name="Position.ts" path="C:\CodeProjects\Apps\Chess\server\src\Models\Position.ts">
        <metrics statements="7" coveredstatements="7" conditionals="0" coveredconditionals="0" methods="4" coveredmethods="4"/>
        <line num="7" count="128" type="stmt"/>
        <line num="8" count="128" type="stmt"/>
        <line num="9" count="128" type="stmt"/>
        <line num="13" count="128" type="stmt"/>
        <line num="17" count="128" type="stmt"/>
        <line num="21" count="128" type="stmt"/>
        <line num="25" count="2" type="stmt"/>
      </file>
      <file name="Queen.ts" path="C:\CodeProjects\Apps\Chess\server\src\Models\Queen.ts">
        <metrics statements="3" coveredstatements="3" conditionals="4" coveredconditionals="4" methods="1" coveredmethods="1"/>
        <line num="1" count="2" type="stmt"/>
        <line num="6" count="4" type="stmt"/>
        <line num="15" count="2" type="stmt"/>
      </file>
      <file name="Rook.ts" path="C:\CodeProjects\Apps\Chess\server\src\Models\Rook.ts">
        <metrics statements="3" coveredstatements="3" conditionals="4" coveredconditionals="4" methods="1" coveredmethods="1"/>
        <line num="1" count="2" type="stmt"/>
        <line num="6" count="8" type="stmt"/>
        <line num="15" count="2" type="stmt"/>
      </file>
      <file name="Square.ts" path="C:\CodeProjects\Apps\Chess\server\src\Models\Square.ts">
        <metrics statements="24" coveredstatements="21" conditionals="6" coveredconditionals="6" methods="10" coveredmethods="7"/>
        <line num="10" count="128" type="stmt"/>
        <line num="12" count="128" type="stmt"/>
        <line num="24" count="128" type="stmt"/>
        <line num="25" count="128" type="stmt"/>
        <line num="26" count="128" type="stmt"/>
        <line num="27" count="128" type="stmt"/>
        <line num="28" count="128" type="stmt"/>
        <line num="32" count="128" type="stmt"/>
        <line num="33" count="128" type="stmt"/>
        <line num="34" count="128" type="stmt"/>
        <line num="35" count="1024" type="stmt"/>
        <line num="36" count="1024" type="stmt"/>
        <line num="37" count="1024" type="cond" truecount="2" falsecount="0"/>
        <line num="43" count="840" type="stmt"/>
        <line num="45" count="184" type="stmt"/>
        <line num="51" count="0" type="stmt"/>
        <line num="55" count="320" type="stmt"/>
        <line num="59" count="0" type="stmt"/>
        <line num="63" count="64" type="stmt"/>
        <line num="67" count="128" type="stmt"/>
        <line num="71" count="64" type="stmt"/>
        <line num="75" count="0" type="stmt"/>
        <line num="79" count="2" type="stmt"/>
        <line num="81" count="2" type="stmt"/>
      </file>
      <file name="StandardChess.ts" path="C:\CodeProjects\Apps\Chess\server\src\Models\StandardChess.ts">
        <metrics statements="7" coveredstatements="6" conditionals="0" coveredconditionals="0" methods="5" coveredmethods="2"/>
        <line num="1" count="2" type="stmt"/>
        <line num="3" count="2" type="stmt"/>
        <line num="6" count="2" type="stmt"/>
        <line num="8" count="2" type="stmt"/>
        <line num="12" count="1" type="stmt"/>
        <line num="20" count="0" type="stmt"/>
        <line num="24" count="2" type="stmt"/>
      </file>
      <file name="StandardChessBoard.ts" path="C:\CodeProjects\Apps\Chess\server\src\Models\StandardChessBoard.ts">
        <metrics statements="85" coveredstatements="72" conditionals="24" coveredconditionals="21" methods="6" coveredmethods="5"/>
        <line num="1" count="2" type="stmt"/>
        <line num="2" count="2" type="stmt"/>
        <line num="3" count="2" type="stmt"/>
        <line num="4" count="2" type="stmt"/>
        <line num="5" count="2" type="stmt"/>
        <line num="7" count="2" type="stmt"/>
        <line num="8" count="2" type="stmt"/>
        <line num="9" count="2" type="stmt"/>
        <line num="10" count="2" type="stmt"/>
        <line num="13" count="2" type="stmt"/>
        <line num="15" count="16" type="stmt"/>
        <line num="18" count="2" type="stmt"/>
        <line num="19" count="2" type="stmt"/>
        <line num="20" count="2" type="stmt"/>
        <line num="24" count="2" type="stmt"/>
        <line num="25" count="16" type="stmt"/>
        <line num="26" count="128" type="stmt"/>
        <line num="27" count="128" type="stmt"/>
        <line num="39" count="2" type="stmt"/>
        <line num="40" count="16" type="stmt"/>
        <line num="41" count="128" type="stmt"/>
        <line num="42" count="128" type="stmt"/>
        <line num="43" count="128" type="stmt"/>
        <line num="45" count="128" type="cond" truecount="1" falsecount="0"/>
        <line num="46" count="16" type="cond" truecount="8" falsecount="0"/>
        <line num="48" count="2" type="stmt"/>
        <line num="51" count="2" type="stmt"/>
        <line num="53" count="2" type="stmt"/>
        <line num="56" count="2" type="stmt"/>
        <line num="58" count="2" type="stmt"/>
        <line num="61" count="2" type="stmt"/>
        <line num="63" count="2" type="stmt"/>
        <line num="66" count="2" type="stmt"/>
        <line num="68" count="2" type="stmt"/>
        <line num="71" count="2" type="stmt"/>
        <line num="73" count="2" type="stmt"/>
        <line num="76" count="2" type="stmt"/>
        <line num="78" count="2" type="stmt"/>
        <line num="81" count="2" type="stmt"/>
        <line num="83" count="2" type="stmt"/>
        <line num="86" count="2" type="stmt"/>
        <line num="88" count="16" type="stmt"/>
        <line num="91" count="128" type="cond" truecount="1" falsecount="0"/>
        <line num="92" count="16" type="stmt"/>
        <line num="95" count="16" type="stmt"/>
        <line num="98" count="128" type="cond" truecount="1" falsecount="0"/>
        <line num="99" count="16" type="stmt"/>
        <line num="102" count="16" type="stmt"/>
        <line num="105" count="128" type="cond" truecount="1" falsecount="0"/>
        <line num="106" count="16" type="cond" truecount="8" falsecount="0"/>
        <line num="108" count="2" type="stmt"/>
        <line num="111" count="2" type="stmt"/>
        <line num="113" count="2" type="stmt"/>
        <line num="116" count="2" type="stmt"/>
        <line num="118" count="2" type="stmt"/>
        <line num="121" count="2" type="stmt"/>
        <line num="123" count="2" type="stmt"/>
        <line num="126" count="2" type="stmt"/>
        <line num="128" count="2" type="stmt"/>
        <line num="131" count="2" type="stmt"/>
        <line num="133" count="2" type="stmt"/>
        <line num="136" count="2" type="stmt"/>
        <line num="138" count="2" type="stmt"/>
        <line num="141" count="2" type="stmt"/>
        <line num="143" count="2" type="stmt"/>
        <line num="146" count="2" type="stmt"/>
        <line num="148" count="16" type="stmt"/>
        <line num="155" count="337" type="stmt"/>
        <line num="160" count="0" type="stmt"/>
        <line num="161" count="0" type="stmt"/>
        <line num="162" count="0" type="stmt"/>
        <line num="163" count="0" type="stmt"/>
        <line num="164" count="0" type="stmt"/>
        <line num="165" count="0" type="stmt"/>
        <line num="166" count="0" type="stmt"/>
        <line num="168" count="0" type="cond" truecount="0" falsecount="2"/>
        <line num="169" count="0" type="stmt"/>
        <line num="171" count="0" type="stmt"/>
        <line num="174" count="0" type="stmt"/>
        <line num="177" count="0" type="stmt"/>
        <line num="179" count="0" type="stmt"/>
        <line num="183" count="2" type="stmt"/>
        <line num="185" count="2" type="stmt"/>
        <line num="196" count="2" type="stmt"/>
        <line num="207" count="2" type="stmt"/>
      </file>
      <file name="Time.ts" path="C:\CodeProjects\Apps\Chess\server\src\Models\Time.ts">
        <metrics statements="7" coveredstatements="0" conditionals="0" coveredconditionals="0" methods="7" coveredmethods="0"/>
        <line num="7" count="0" type="stmt"/>
        <line num="8" count="0" type="stmt"/>
        <line num="9" count="0" type="stmt"/>
        <line num="17" count="0" type="stmt"/>
        <line num="21" count="0" type="stmt"/>
        <line num="25" count="0" type="stmt"/>
        <line num="29" count="0" type="stmt"/>
      </file>
    </package>
    <package name="src.utils">
      <metrics statements="2" coveredstatements="2" conditionals="0" coveredconditionals="0" methods="1" coveredmethods="1"/>
      <file name="utils.ts" path="C:\CodeProjects\Apps\Chess\server\src\utils\utils.ts">
        <metrics statements="2" coveredstatements="2" conditionals="0" coveredconditionals="0" methods="1" coveredmethods="1"/>
        <line num="1" count="2" type="stmt"/>
        <line num="2" count="11" type="stmt"/>
      </file>
    </package>
  </project>
</coverage>
