{"C:\\CodeProjects\\Apps\\Chess\\server\\src\\index.ts": {"path":"C:\\CodeProjects\\Apps\\Chess\\server\\src\\index.ts","statementMap":{"0":{"start":{"line":11,"column":12},"end":{"line":11,"column":21}},"1":{"start":{"line":12,"column":15},"end":{"line":12,"column":32}},"2":{"start":{"line":13,"column":18},"end":{"line":17,"column":2}},"3":{"start":{"line":18,"column":13},"end":{"line":18,"column":37}},"4":{"start":{"line":20,"column":0},"end":{"line":22,"column":3}},"5":{"start":{"line":21,"column":2},"end":{"line":21,"column":27}},"6":{"start":{"line":24,"column":0},"end":{"line":26,"column":3}},"7":{"start":{"line":25,"column":2},"end":{"line":25,"column":68}},"8":{"start":{"line":29,"column":0},"end":{"line":29,"column":36}}},"fnMap":{"0":{"name":"(anonymous_0)","decl":{"start":{"line":20,"column":13},"end":{"line":20,"column":14}},"loc":{"start":{"line":20,"column":45},"end":{"line":22,"column":1}}},"1":{"name":"(anonymous_1)","decl":{"start":{"line":24,"column":20},"end":{"line":24,"column":23}},"loc":{"start":{"line":24,"column":25},"end":{"line":26,"column":1}}},"2":{"name":"(anonymous_2)","decl":{"start":{"line":29,"column":20},"end":{"line":29,"column":21}},"loc":{"start":{"line":29,"column":31},"end":{"line":29,"column":34}}}},"branchMap":{"0":{"loc":{"start":{"line":18,"column":13},"end":{"line":18,"column":37}},"type":"binary-expr","locations":[{"start":{"line":18,"column":13},"end":{"line":18,"column":29}},{"start":{"line":18,"column":33},"end":{"line":18,"column":37}}]}},"s":{"0":0,"1":0,"2":0,"3":0,"4":0,"5":0,"6":0,"7":0,"8":0},"f":{"0":0,"1":0,"2":0},"b":{"0":[0,0]}}
,"C:\\CodeProjects\\Apps\\Chess\\server\\src\\manual-test.ts": {"path":"C:\\CodeProjects\\Apps\\Chess\\server\\src\\manual-test.ts","statementMap":{"0":{"start":{"line":7,"column":14},"end":{"line":7,"column":72}},"1":{"start":{"line":9,"column":14},"end":{"line":9,"column":30}},"2":{"start":{"line":11,"column":0},"end":{"line":11,"column":19}},"3":{"start":{"line":12,"column":0},"end":{"line":12,"column":41}}},"fnMap":{},"branchMap":{},"s":{"0":0,"1":0,"2":0,"3":0},"f":{},"b":{}}
,"C:\\CodeProjects\\Apps\\Chess\\server\\src\\play.ts": {"path":"C:\\CodeProjects\\Apps\\Chess\\server\\src\\play.ts","statementMap":{"0":{"start":{"line":1,"column":0},"end":{"line":1,"column":30}}},"fnMap":{},"branchMap":{},"s":{"0":0},"f":{},"b":{}}
,"C:\\CodeProjects\\Apps\\Chess\\server\\src\\Models\\Bishop.ts": {"path":"C:\\CodeProjects\\Apps\\Chess\\server\\src\\Models\\Bishop.ts","statementMap":{"0":{"start":{"line":2,"column":0},"end":{"line":2,"column":31}},"1":{"start":{"line":7,"column":4},"end":{"line":12,"column":6}},"2":{"start":{"line":16,"column":21},"end":{"line":16,"column":34}},"3":{"start":{"line":17,"column":19},"end":{"line":17,"column":44}},"4":{"start":{"line":18,"column":18},"end":{"line":18,"column":28}},"5":{"start":{"line":19,"column":17},"end":{"line":19,"column":41}},"6":{"start":{"line":20,"column":4},"end":{"line":38,"column":7}},"7":{"start":{"line":21,"column":32},"end":{"line":21,"column":37}},"8":{"start":{"line":22,"column":27},"end":{"line":22,"column":60}},"9":{"start":{"line":23,"column":6},"end":{"line":37,"column":7}},"10":{"start":{"line":24,"column":8},"end":{"line":36,"column":9}},"11":{"start":{"line":25,"column":10},"end":{"line":29,"column":11}},"12":{"start":{"line":26,"column":12},"end":{"line":26,"column":56}},"13":{"start":{"line":28,"column":12},"end":{"line":28,"column":56}},"14":{"start":{"line":30,"column":35},"end":{"line":30,"column":65}},"15":{"start":{"line":31,"column":10},"end":{"line":35,"column":11}},"16":{"start":{"line":32,"column":12},"end":{"line":32,"column":39}},"17":{"start":{"line":34,"column":12},"end":{"line":34,"column":70}},"18":{"start":{"line":42,"column":29},"end":{"line":42,"column":31}},"19":{"start":{"line":43,"column":21},"end":{"line":43,"column":39}},"20":{"start":{"line":44,"column":19},"end":{"line":44,"column":44}},"21":{"start":{"line":45,"column":23},"end":{"line":45,"column":53}},"22":{"start":{"line":46,"column":22},"end":{"line":46,"column":46}},"23":{"start":{"line":47,"column":17},"end":{"line":47,"column":41}},"24":{"start":{"line":48,"column":4},"end":{"line":68,"column":7}},"25":{"start":{"line":49,"column":32},"end":{"line":49,"column":37}},"26":{"start":{"line":50,"column":27},"end":{"line":50,"column":48}},"27":{"start":{"line":51,"column":6},"end":{"line":67,"column":7}},"28":{"start":{"line":52,"column":27},"end":{"line":52,"column":58}},"29":{"start":{"line":53,"column":8},"end":{"line":66,"column":9}},"30":{"start":{"line":54,"column":10},"end":{"line":54,"column":37}},"31":{"start":{"line":55,"column":43},"end":{"line":57,"column":24}},"32":{"start":{"line":58,"column":10},"end":{"line":61,"column":11}},"33":{"start":{"line":59,"column":24},"end":{"line":59,"column":53}},"34":{"start":{"line":60,"column":12},"end":{"line":60,"column":36}},"35":{"start":{"line":63,"column":22},"end":{"line":63,"column":51}},"36":{"start":{"line":64,"column":10},"end":{"line":64,"column":34}},"37":{"start":{"line":65,"column":10},"end":{"line":65,"column":69}},"38":{"start":{"line":69,"column":4},"end":{"line":69,"column":18}},"39":{"start":{"line":73,"column":0},"end":{"line":73,"column":22}}},"fnMap":{"0":{"name":"(anonymous_1)","decl":{"start":{"line":6,"column":2},"end":{"line":6,"column":14}},"loc":{"start":{"line":6,"column":58},"end":{"line":13,"column":3}}},"1":{"name":"(anonymous_2)","decl":{"start":{"line":15,"column":9},"end":{"line":15,"column":29}},"loc":{"start":{"line":15,"column":42},"end":{"line":39,"column":3}}},"2":{"name":"(anonymous_3)","decl":{"start":{"line":20,"column":17},"end":{"line":20,"column":18}},"loc":{"start":{"line":20,"column":25},"end":{"line":38,"column":5}}},"3":{"name":"(anonymous_4)","decl":{"start":{"line":41,"column":9},"end":{"line":41,"column":23}},"loc":{"start":{"line":41,"column":36},"end":{"line":70,"column":3}}},"4":{"name":"(anonymous_5)","decl":{"start":{"line":48,"column":17},"end":{"line":48,"column":18}},"loc":{"start":{"line":48,"column":25},"end":{"line":68,"column":5}}}},"branchMap":{"0":{"loc":{"start":{"line":10,"column":9},"end":{"line":10,"column":59}},"type":"cond-expr","locations":[{"start":{"line":10,"column":29},"end":{"line":10,"column":32}},{"start":{"line":10,"column":35},"end":{"line":10,"column":59}}]},"1":{"loc":{"start":{"line":10,"column":35},"end":{"line":10,"column":59}},"type":"binary-expr","locations":[{"start":{"line":10,"column":35},"end":{"line":10,"column":52}},{"start":{"line":10,"column":56},"end":{"line":10,"column":59}}]},"2":{"loc":{"start":{"line":11,"column":6},"end":{"line":11,"column":37}},"type":"cond-expr","locations":[{"start":{"line":11,"column":26},"end":{"line":11,"column":30}},{"start":{"line":11,"column":33},"end":{"line":11,"column":37}}]},"3":{"loc":{"start":{"line":24,"column":8},"end":{"line":36,"column":9}},"type":"if","locations":[{"start":{"line":24,"column":8},"end":{"line":36,"column":9}}]},"4":{"loc":{"start":{"line":25,"column":10},"end":{"line":29,"column":11}},"type":"if","locations":[{"start":{"line":25,"column":10},"end":{"line":29,"column":11}},{"start":{"line":27,"column":17},"end":{"line":29,"column":11}}]},"5":{"loc":{"start":{"line":31,"column":10},"end":{"line":35,"column":11}},"type":"if","locations":[{"start":{"line":31,"column":10},"end":{"line":35,"column":11}},{"start":{"line":33,"column":17},"end":{"line":35,"column":11}}]},"6":{"loc":{"start":{"line":53,"column":8},"end":{"line":66,"column":9}},"type":"if","locations":[{"start":{"line":53,"column":8},"end":{"line":66,"column":9}},{"start":{"line":62,"column":15},"end":{"line":66,"column":9}}]},"7":{"loc":{"start":{"line":58,"column":10},"end":{"line":61,"column":11}},"type":"if","locations":[{"start":{"line":58,"column":10},"end":{"line":61,"column":11}}]},"8":{"loc":{"start":{"line":60,"column":12},"end":{"line":60,"column":35}},"type":"binary-expr","locations":[{"start":{"line":60,"column":12},"end":{"line":60,"column":15}},{"start":{"line":60,"column":19},"end":{"line":60,"column":35}}]},"9":{"loc":{"start":{"line":64,"column":10},"end":{"line":64,"column":33}},"type":"binary-expr","locations":[{"start":{"line":64,"column":10},"end":{"line":64,"column":13}},{"start":{"line":64,"column":17},"end":{"line":64,"column":33}}]}},"s":{"0":4,"1":13,"2":0,"3":0,"4":0,"5":0,"6":0,"7":0,"8":0,"9":0,"10":0,"11":0,"12":0,"13":0,"14":0,"15":0,"16":0,"17":0,"18":0,"19":0,"20":0,"21":0,"22":0,"23":0,"24":0,"25":0,"26":0,"27":0,"28":0,"29":0,"30":0,"31":0,"32":0,"33":0,"34":0,"35":0,"36":0,"37":0,"38":0,"39":4},"f":{"0":13,"1":0,"2":0,"3":0,"4":0},"b":{"0":[7,6],"1":[6,6],"2":[7,6],"3":[0],"4":[0,0],"5":[0,0],"6":[0,0],"7":[0],"8":[0,0],"9":[0,0]}}
,"C:\\CodeProjects\\Apps\\Chess\\server\\src\\Models\\Board.ts": {"path":"C:\\CodeProjects\\Apps\\Chess\\server\\src\\Models\\Board.ts","statementMap":{"0":{"start":{"line":3,"column":0},"end":{"line":3,"column":36}},"1":{"start":{"line":11,"column":4},"end":{"line":11,"column":28}},"2":{"start":{"line":15,"column":4},"end":{"line":15,"column":24}},"3":{"start":{"line":26,"column":0},"end":{"line":26,"column":21}}},"fnMap":{"0":{"name":"(anonymous_0)","decl":{"start":{"line":10,"column":2},"end":{"line":10,"column":null}},"loc":{"start":{"line":10,"column":2},"end":{"line":12,"column":3}}},"1":{"name":"(anonymous_1)","decl":{"start":{"line":14,"column":9},"end":{"line":14,"column":19}},"loc":{"start":{"line":14,"column":19},"end":{"line":16,"column":3}}}},"branchMap":{},"s":{"0":3,"1":3,"2":0,"3":3},"f":{"0":3,"1":0},"b":{}}
,"C:\\CodeProjects\\Apps\\Chess\\server\\src\\Models\\Clock.ts": {"path":"C:\\CodeProjects\\Apps\\Chess\\server\\src\\Models\\Clock.ts","statementMap":{"0":{"start":{"line":10,"column":4},"end":{"line":10,"column":48}},"1":{"start":{"line":11,"column":4},"end":{"line":11,"column":43}},"2":{"start":{"line":12,"column":4},"end":{"line":12,"column":43}},"3":{"start":{"line":16,"column":4},"end":{"line":16,"column":26}},"4":{"start":{"line":20,"column":4},"end":{"line":20,"column":26}},"5":{"start":{"line":24,"column":4},"end":{"line":24,"column":26}}},"fnMap":{"0":{"name":"(anonymous_0)","decl":{"start":{"line":9,"column":2},"end":{"line":9,"column":14}},"loc":{"start":{"line":9,"column":38},"end":{"line":13,"column":3}}},"1":{"name":"(anonymous_1)","decl":{"start":{"line":15,"column":9},"end":{"line":15,"column":21}},"loc":{"start":{"line":15,"column":21},"end":{"line":17,"column":3}}},"2":{"name":"(anonymous_2)","decl":{"start":{"line":19,"column":9},"end":{"line":19,"column":21}},"loc":{"start":{"line":19,"column":21},"end":{"line":21,"column":3}}},"3":{"name":"(anonymous_3)","decl":{"start":{"line":23,"column":9},"end":{"line":23,"column":21}},"loc":{"start":{"line":23,"column":21},"end":{"line":25,"column":3}}}},"branchMap":{},"s":{"0":0,"1":0,"2":0,"3":0,"4":0,"5":0},"f":{"0":0,"1":0,"2":0,"3":0},"b":{}}
,"C:\\CodeProjects\\Apps\\Chess\\server\\src\\Models\\Game.ts": {"path":"C:\\CodeProjects\\Apps\\Chess\\server\\src\\Models\\Game.ts","statementMap":{"0":{"start":{"line":2,"column":0},"end":{"line":2,"column":36}},"1":{"start":{"line":8,"column":49},"end":{"line":8,"column":53}},"2":{"start":{"line":11,"column":33},"end":{"line":11,"column":38}},"3":{"start":{"line":12,"column":33},"end":{"line":12,"column":38}},"4":{"start":{"line":13,"column":69},"end":{"line":13,"column":78}},"5":{"start":{"line":16,"column":4},"end":{"line":16,"column":27}},"6":{"start":{"line":17,"column":4},"end":{"line":17,"column":35}},"7":{"start":{"line":18,"column":4},"end":{"line":18,"column":35}},"8":{"start":{"line":22,"column":4},"end":{"line":22,"column":23}},"9":{"start":{"line":26,"column":4},"end":{"line":26,"column":30}},"10":{"start":{"line":30,"column":4},"end":{"line":30,"column":28}},"11":{"start":{"line":34,"column":4},"end":{"line":34,"column":28}},"12":{"start":{"line":38,"column":4},"end":{"line":38,"column":23}},"13":{"start":{"line":48,"column":0},"end":{"line":48,"column":20}}},"fnMap":{"0":{"name":"(anonymous_0)","decl":{"start":{"line":15,"column":2},"end":{"line":15,"column":14}},"loc":{"start":{"line":15,"column":54},"end":{"line":19,"column":3}}},"1":{"name":"(anonymous_1)","decl":{"start":{"line":21,"column":9},"end":{"line":21,"column":18}},"loc":{"start":{"line":21,"column":18},"end":{"line":23,"column":3}}},"2":{"name":"(anonymous_2)","decl":{"start":{"line":25,"column":9},"end":{"line":25,"column":25}},"loc":{"start":{"line":25,"column":25},"end":{"line":27,"column":3}}},"3":{"name":"(anonymous_3)","decl":{"start":{"line":29,"column":9},"end":{"line":29,"column":23}},"loc":{"start":{"line":29,"column":23},"end":{"line":31,"column":3}}},"4":{"name":"(anonymous_4)","decl":{"start":{"line":33,"column":9},"end":{"line":33,"column":23}},"loc":{"start":{"line":33,"column":23},"end":{"line":35,"column":3}}},"5":{"name":"(anonymous_5)","decl":{"start":{"line":37,"column":9},"end":{"line":37,"column":18}},"loc":{"start":{"line":37,"column":18},"end":{"line":39,"column":3}}}},"branchMap":{},"s":{"0":3,"1":3,"2":3,"3":3,"4":3,"5":3,"6":3,"7":3,"8":10,"9":1,"10":1,"11":1,"12":1,"13":3},"f":{"0":3,"1":10,"2":1,"3":1,"4":1,"5":1},"b":{}}
,"C:\\CodeProjects\\Apps\\Chess\\server\\src\\Models\\King.ts": {"path":"C:\\CodeProjects\\Apps\\Chess\\server\\src\\Models\\King.ts","statementMap":{"0":{"start":{"line":2,"column":0},"end":{"line":2,"column":31}},"1":{"start":{"line":5,"column":0},"end":{"line":5,"column":41}},"2":{"start":{"line":8,"column":30},"end":{"line":8,"column":35}},"3":{"start":{"line":9,"column":29},"end":{"line":9,"column":34}},"4":{"start":{"line":12,"column":4},"end":{"line":17,"column":6}},"5":{"start":{"line":21,"column":4},"end":{"line":21,"column":25}},"6":{"start":{"line":25,"column":4},"end":{"line":25,"column":24}},"7":{"start":{"line":29,"column":20},"end":{"line":29,"column":38}},"8":{"start":{"line":30,"column":21},"end":{"line":30,"column":34}},"9":{"start":{"line":31,"column":17},"end":{"line":31,"column":47}},"10":{"start":{"line":32,"column":17},"end":{"line":32,"column":47}},"11":{"start":{"line":33,"column":18},"end":{"line":33,"column":28}},"12":{"start":{"line":34,"column":4},"end":{"line":43,"column":7}},"13":{"start":{"line":35,"column":21},"end":{"line":35,"column":64}},"14":{"start":{"line":36,"column":6},"end":{"line":42,"column":7}},"15":{"start":{"line":37,"column":8},"end":{"line":41,"column":9}},"16":{"start":{"line":38,"column":10},"end":{"line":38,"column":46}},"17":{"start":{"line":40,"column":10},"end":{"line":40,"column":46}},"18":{"start":{"line":48,"column":29},"end":{"line":48,"column":31}},"19":{"start":{"line":49,"column":16},"end":{"line":49,"column":29}},"20":{"start":{"line":50,"column":22},"end":{"line":50,"column":47}},"21":{"start":{"line":51,"column":22},"end":{"line":51,"column":47}},"22":{"start":{"line":52,"column":20},"end":{"line":52,"column":42}},"23":{"start":{"line":53,"column":20},"end":{"line":53,"column":38}},"24":{"start":{"line":56,"column":4},"end":{"line":89,"column":7}},"25":{"start":{"line":57,"column":30},"end":{"line":57,"column":42}},"26":{"start":{"line":58,"column":30},"end":{"line":58,"column":42}},"27":{"start":{"line":59,"column":30},"end":{"line":59,"column":57}},"28":{"start":{"line":60,"column":30},"end":{"line":60,"column":57}},"29":{"start":{"line":61,"column":21},"end":{"line":61,"column":62}},"30":{"start":{"line":62,"column":29},"end":{"line":62,"column":49}},"31":{"start":{"line":63,"column":34},"end":{"line":63,"column":65}},"32":{"start":{"line":64,"column":34},"end":{"line":64,"column":65}},"33":{"start":{"line":65,"column":25},"end":{"line":65,"column":47}},"34":{"start":{"line":66,"column":26},"end":{"line":66,"column":70}},"35":{"start":{"line":68,"column":6},"end":{"line":88,"column":7}},"36":{"start":{"line":69,"column":8},"end":{"line":77,"column":9}},"37":{"start":{"line":70,"column":10},"end":{"line":76,"column":11}},"38":{"start":{"line":71,"column":12},"end":{"line":73,"column":13}},"39":{"start":{"line":72,"column":14},"end":{"line":72,"column":42}},"40":{"start":{"line":75,"column":12},"end":{"line":75,"column":40}},"41":{"start":{"line":79,"column":8},"end":{"line":87,"column":9}},"42":{"start":{"line":80,"column":10},"end":{"line":86,"column":11}},"43":{"start":{"line":81,"column":12},"end":{"line":83,"column":13}},"44":{"start":{"line":82,"column":14},"end":{"line":82,"column":42}},"45":{"start":{"line":85,"column":12},"end":{"line":85,"column":40}},"46":{"start":{"line":92,"column":4},"end":{"line":178,"column":5}},"47":{"start":{"line":93,"column":6},"end":{"line":177,"column":7}},"48":{"start":{"line":95,"column":42},"end":{"line":95,"column":47}},"49":{"start":{"line":96,"column":33},"end":{"line":96,"column":46}},"50":{"start":{"line":97,"column":8},"end":{"line":103,"column":9}},"51":{"start":{"line":97,"column":24},"end":{"line":97,"column":40}},"52":{"start":{"line":98,"column":25},"end":{"line":98,"column":61}},"53":{"start":{"line":99,"column":29},"end":{"line":99,"column":51}},"54":{"start":{"line":100,"column":10},"end":{"line":102,"column":11}},"55":{"start":{"line":101,"column":12},"end":{"line":101,"column":47}},"56":{"start":{"line":104,"column":29},"end":{"line":104,"column":66}},"57":{"start":{"line":105,"column":27},"end":{"line":105,"column":40}},"58":{"start":{"line":106,"column":21},"end":{"line":106,"column":50}},"59":{"start":{"line":107,"column":8},"end":{"line":113,"column":9}},"60":{"start":{"line":108,"column":31},"end":{"line":108,"column":49}},"61":{"start":{"line":109,"column":10},"end":{"line":112,"column":11}},"62":{"start":{"line":110,"column":30},"end":{"line":110,"column":65}},"63":{"start":{"line":111,"column":12},"end":{"line":111,"column":35}},"64":{"start":{"line":116,"column":41},"end":{"line":116,"column":46}},"65":{"start":{"line":117,"column":32},"end":{"line":117,"column":45}},"66":{"start":{"line":118,"column":8},"end":{"line":124,"column":9}},"67":{"start":{"line":118,"column":24},"end":{"line":118,"column":39}},"68":{"start":{"line":119,"column":25},"end":{"line":119,"column":60}},"69":{"start":{"line":120,"column":29},"end":{"line":120,"column":51}},"70":{"start":{"line":121,"column":10},"end":{"line":123,"column":11}},"71":{"start":{"line":122,"column":12},"end":{"line":122,"column":46}},"72":{"start":{"line":125,"column":29},"end":{"line":125,"column":66}},"73":{"start":{"line":126,"column":31},"end":{"line":126,"column":44}},"74":{"start":{"line":127,"column":25},"end":{"line":127,"column":58}},"75":{"start":{"line":128,"column":8},"end":{"line":134,"column":9}},"76":{"start":{"line":129,"column":31},"end":{"line":129,"column":53}},"77":{"start":{"line":130,"column":10},"end":{"line":133,"column":11}},"78":{"start":{"line":131,"column":30},"end":{"line":131,"column":65}},"79":{"start":{"line":132,"column":12},"end":{"line":132,"column":35}},"80":{"start":{"line":137,"column":42},"end":{"line":137,"column":47}},"81":{"start":{"line":138,"column":33},"end":{"line":138,"column":46}},"82":{"start":{"line":139,"column":8},"end":{"line":145,"column":9}},"83":{"start":{"line":139,"column":24},"end":{"line":139,"column":40}},"84":{"start":{"line":140,"column":25},"end":{"line":140,"column":61}},"85":{"start":{"line":141,"column":29},"end":{"line":141,"column":51}},"86":{"start":{"line":142,"column":10},"end":{"line":144,"column":11}},"87":{"start":{"line":143,"column":12},"end":{"line":143,"column":47}},"88":{"start":{"line":146,"column":29},"end":{"line":146,"column":66}},"89":{"start":{"line":147,"column":27},"end":{"line":147,"column":40}},"90":{"start":{"line":148,"column":21},"end":{"line":148,"column":50}},"91":{"start":{"line":149,"column":8},"end":{"line":155,"column":9}},"92":{"start":{"line":150,"column":31},"end":{"line":150,"column":49}},"93":{"start":{"line":151,"column":10},"end":{"line":154,"column":11}},"94":{"start":{"line":152,"column":30},"end":{"line":152,"column":65}},"95":{"start":{"line":153,"column":12},"end":{"line":153,"column":35}},"96":{"start":{"line":158,"column":41},"end":{"line":158,"column":46}},"97":{"start":{"line":159,"column":32},"end":{"line":159,"column":45}},"98":{"start":{"line":160,"column":8},"end":{"line":166,"column":9}},"99":{"start":{"line":160,"column":24},"end":{"line":160,"column":39}},"100":{"start":{"line":161,"column":25},"end":{"line":161,"column":60}},"101":{"start":{"line":162,"column":29},"end":{"line":162,"column":51}},"102":{"start":{"line":163,"column":10},"end":{"line":165,"column":11}},"103":{"start":{"line":164,"column":12},"end":{"line":164,"column":46}},"104":{"start":{"line":167,"column":29},"end":{"line":167,"column":66}},"105":{"start":{"line":168,"column":31},"end":{"line":168,"column":44}},"106":{"start":{"line":169,"column":25},"end":{"line":169,"column":58}},"107":{"start":{"line":170,"column":8},"end":{"line":176,"column":9}},"108":{"start":{"line":171,"column":31},"end":{"line":171,"column":53}},"109":{"start":{"line":172,"column":10},"end":{"line":175,"column":11}},"110":{"start":{"line":173,"column":30},"end":{"line":173,"column":65}},"111":{"start":{"line":174,"column":12},"end":{"line":174,"column":35}},"112":{"start":{"line":180,"column":4},"end":{"line":180,"column":18}},"113":{"start":{"line":184,"column":0},"end":{"line":184,"column":20}}},"fnMap":{"0":{"name":"(anonymous_1)","decl":{"start":{"line":11,"column":2},"end":{"line":11,"column":14}},"loc":{"start":{"line":11,"column":58},"end":{"line":18,"column":3}}},"1":{"name":"(anonymous_2)","decl":{"start":{"line":20,"column":9},"end":{"line":20,"column":20}},"loc":{"start":{"line":20,"column":20},"end":{"line":22,"column":3}}},"2":{"name":"(anonymous_3)","decl":{"start":{"line":24,"column":9},"end":{"line":24,"column":19}},"loc":{"start":{"line":24,"column":19},"end":{"line":26,"column":3}}},"3":{"name":"(anonymous_4)","decl":{"start":{"line":28,"column":9},"end":{"line":28,"column":29}},"loc":{"start":{"line":28,"column":42},"end":{"line":44,"column":3}}},"4":{"name":"(anonymous_5)","decl":{"start":{"line":34,"column":23},"end":{"line":34,"column":24}},"loc":{"start":{"line":34,"column":44},"end":{"line":43,"column":5}}},"5":{"name":"(anonymous_6)","decl":{"start":{"line":46,"column":9},"end":{"line":46,"column":23}},"loc":{"start":{"line":46,"column":36},"end":{"line":181,"column":3}}},"6":{"name":"(anonymous_7)","decl":{"start":{"line":56,"column":23},"end":{"line":56,"column":24}},"loc":{"start":{"line":56,"column":37},"end":{"line":89,"column":5}}}},"branchMap":{"0":{"loc":{"start":{"line":15,"column":9},"end":{"line":15,"column":59}},"type":"cond-expr","locations":[{"start":{"line":15,"column":29},"end":{"line":15,"column":32}},{"start":{"line":15,"column":35},"end":{"line":15,"column":59}}]},"1":{"loc":{"start":{"line":15,"column":35},"end":{"line":15,"column":59}},"type":"binary-expr","locations":[{"start":{"line":15,"column":35},"end":{"line":15,"column":52}},{"start":{"line":15,"column":56},"end":{"line":15,"column":59}}]},"2":{"loc":{"start":{"line":16,"column":6},"end":{"line":16,"column":37}},"type":"cond-expr","locations":[{"start":{"line":16,"column":26},"end":{"line":16,"column":30}},{"start":{"line":16,"column":33},"end":{"line":16,"column":37}}]},"3":{"loc":{"start":{"line":36,"column":6},"end":{"line":42,"column":7}},"type":"if","locations":[{"start":{"line":36,"column":6},"end":{"line":42,"column":7}}]},"4":{"loc":{"start":{"line":37,"column":8},"end":{"line":41,"column":9}},"type":"if","locations":[{"start":{"line":37,"column":8},"end":{"line":41,"column":9}},{"start":{"line":39,"column":15},"end":{"line":41,"column":9}}]},"5":{"loc":{"start":{"line":68,"column":6},"end":{"line":88,"column":7}},"type":"if","locations":[{"start":{"line":68,"column":6},"end":{"line":88,"column":7}},{"start":{"line":78,"column":13},"end":{"line":88,"column":7}}]},"6":{"loc":{"start":{"line":69,"column":8},"end":{"line":77,"column":9}},"type":"if","locations":[{"start":{"line":69,"column":8},"end":{"line":77,"column":9}}]},"7":{"loc":{"start":{"line":70,"column":10},"end":{"line":76,"column":11}},"type":"if","locations":[{"start":{"line":70,"column":10},"end":{"line":76,"column":11}},{"start":{"line":74,"column":17},"end":{"line":76,"column":11}}]},"8":{"loc":{"start":{"line":71,"column":12},"end":{"line":73,"column":13}},"type":"if","locations":[{"start":{"line":71,"column":12},"end":{"line":73,"column":13}}]},"9":{"loc":{"start":{"line":79,"column":8},"end":{"line":87,"column":9}},"type":"if","locations":[{"start":{"line":79,"column":8},"end":{"line":87,"column":9}}]},"10":{"loc":{"start":{"line":80,"column":10},"end":{"line":86,"column":11}},"type":"if","locations":[{"start":{"line":80,"column":10},"end":{"line":86,"column":11}},{"start":{"line":84,"column":17},"end":{"line":86,"column":11}}]},"11":{"loc":{"start":{"line":81,"column":12},"end":{"line":83,"column":13}},"type":"if","locations":[{"start":{"line":81,"column":12},"end":{"line":83,"column":13}}]},"12":{"loc":{"start":{"line":92,"column":4},"end":{"line":178,"column":5}},"type":"if","locations":[{"start":{"line":92,"column":4},"end":{"line":178,"column":5}}]},"13":{"loc":{"start":{"line":92,"column":8},"end":{"line":92,"column":39}},"type":"binary-expr","locations":[{"start":{"line":92,"column":8},"end":{"line":92,"column":22}},{"start":{"line":92,"column":26},"end":{"line":92,"column":39}}]},"14":{"loc":{"start":{"line":93,"column":6},"end":{"line":177,"column":7}},"type":"if","locations":[{"start":{"line":93,"column":6},"end":{"line":177,"column":7}},{"start":{"line":135,"column":13},"end":{"line":177,"column":7}}]},"15":{"loc":{"start":{"line":100,"column":10},"end":{"line":102,"column":11}},"type":"if","locations":[{"start":{"line":100,"column":10},"end":{"line":102,"column":11}}]},"16":{"loc":{"start":{"line":107,"column":8},"end":{"line":113,"column":9}},"type":"if","locations":[{"start":{"line":107,"column":8},"end":{"line":113,"column":9}}]},"17":{"loc":{"start":{"line":109,"column":10},"end":{"line":112,"column":11}},"type":"if","locations":[{"start":{"line":109,"column":10},"end":{"line":112,"column":11}}]},"18":{"loc":{"start":{"line":109,"column":14},"end":{"line":109,"column":76}},"type":"binary-expr","locations":[{"start":{"line":109,"column":14},"end":{"line":109,"column":42}},{"start":{"line":109,"column":46},"end":{"line":109,"column":59}},{"start":{"line":109,"column":63},"end":{"line":109,"column":76}}]},"19":{"loc":{"start":{"line":121,"column":10},"end":{"line":123,"column":11}},"type":"if","locations":[{"start":{"line":121,"column":10},"end":{"line":123,"column":11}}]},"20":{"loc":{"start":{"line":128,"column":8},"end":{"line":134,"column":9}},"type":"if","locations":[{"start":{"line":128,"column":8},"end":{"line":134,"column":9}}]},"21":{"loc":{"start":{"line":130,"column":10},"end":{"line":133,"column":11}},"type":"if","locations":[{"start":{"line":130,"column":10},"end":{"line":133,"column":11}}]},"22":{"loc":{"start":{"line":130,"column":14},"end":{"line":130,"column":75}},"type":"binary-expr","locations":[{"start":{"line":130,"column":14},"end":{"line":130,"column":41}},{"start":{"line":130,"column":45},"end":{"line":130,"column":58}},{"start":{"line":130,"column":62},"end":{"line":130,"column":75}}]},"23":{"loc":{"start":{"line":142,"column":10},"end":{"line":144,"column":11}},"type":"if","locations":[{"start":{"line":142,"column":10},"end":{"line":144,"column":11}}]},"24":{"loc":{"start":{"line":149,"column":8},"end":{"line":155,"column":9}},"type":"if","locations":[{"start":{"line":149,"column":8},"end":{"line":155,"column":9}}]},"25":{"loc":{"start":{"line":151,"column":10},"end":{"line":154,"column":11}},"type":"if","locations":[{"start":{"line":151,"column":10},"end":{"line":154,"column":11}}]},"26":{"loc":{"start":{"line":151,"column":14},"end":{"line":151,"column":76}},"type":"binary-expr","locations":[{"start":{"line":151,"column":14},"end":{"line":151,"column":42}},{"start":{"line":151,"column":46},"end":{"line":151,"column":59}},{"start":{"line":151,"column":63},"end":{"line":151,"column":76}}]},"27":{"loc":{"start":{"line":163,"column":10},"end":{"line":165,"column":11}},"type":"if","locations":[{"start":{"line":163,"column":10},"end":{"line":165,"column":11}}]},"28":{"loc":{"start":{"line":170,"column":8},"end":{"line":176,"column":9}},"type":"if","locations":[{"start":{"line":170,"column":8},"end":{"line":176,"column":9}}]},"29":{"loc":{"start":{"line":172,"column":10},"end":{"line":175,"column":11}},"type":"if","locations":[{"start":{"line":172,"column":10},"end":{"line":175,"column":11}}]},"30":{"loc":{"start":{"line":172,"column":14},"end":{"line":172,"column":75}},"type":"binary-expr","locations":[{"start":{"line":172,"column":14},"end":{"line":172,"column":41}},{"start":{"line":172,"column":45},"end":{"line":172,"column":58}},{"start":{"line":172,"column":62},"end":{"line":172,"column":75}}]}},"s":{"0":4,"1":4,"2":7,"3":7,"4":7,"5":0,"6":0,"7":0,"8":0,"9":0,"10":0,"11":0,"12":0,"13":0,"14":0,"15":0,"16":0,"17":0,"18":0,"19":0,"20":0,"21":0,"22":0,"23":0,"24":0,"25":0,"26":0,"27":0,"28":0,"29":0,"30":0,"31":0,"32":0,"33":0,"34":0,"35":0,"36":0,"37":0,"38":0,"39":0,"40":0,"41":0,"42":0,"43":0,"44":0,"45":0,"46":0,"47":0,"48":0,"49":0,"50":0,"51":0,"52":0,"53":0,"54":0,"55":0,"56":0,"57":0,"58":0,"59":0,"60":0,"61":0,"62":0,"63":0,"64":0,"65":0,"66":0,"67":0,"68":0,"69":0,"70":0,"71":0,"72":0,"73":0,"74":0,"75":0,"76":0,"77":0,"78":0,"79":0,"80":0,"81":0,"82":0,"83":0,"84":0,"85":0,"86":0,"87":0,"88":0,"89":0,"90":0,"91":0,"92":0,"93":0,"94":0,"95":0,"96":0,"97":0,"98":0,"99":0,"100":0,"101":0,"102":0,"103":0,"104":0,"105":0,"106":0,"107":0,"108":0,"109":0,"110":0,"111":0,"112":0,"113":4},"f":{"0":7,"1":0,"2":0,"3":0,"4":0,"5":0,"6":0},"b":{"0":[4,3],"1":[3,3],"2":[4,3],"3":[0],"4":[0,0],"5":[0,0],"6":[0],"7":[0,0],"8":[0],"9":[0],"10":[0,0],"11":[0],"12":[0],"13":[0,0],"14":[0,0],"15":[0],"16":[0],"17":[0],"18":[0,0,0],"19":[0],"20":[0],"21":[0],"22":[0,0,0],"23":[0],"24":[0],"25":[0],"26":[0,0,0],"27":[0],"28":[0],"29":[0],"30":[0,0,0]}}
,"C:\\CodeProjects\\Apps\\Chess\\server\\src\\Models\\Knight.ts": {"path":"C:\\CodeProjects\\Apps\\Chess\\server\\src\\Models\\Knight.ts","statementMap":{"0":{"start":{"line":2,"column":0},"end":{"line":2,"column":31}},"1":{"start":{"line":7,"column":4},"end":{"line":12,"column":6}},"2":{"start":{"line":16,"column":20},"end":{"line":16,"column":38}},"3":{"start":{"line":17,"column":21},"end":{"line":17,"column":34}},"4":{"start":{"line":18,"column":17},"end":{"line":18,"column":47}},"5":{"start":{"line":19,"column":17},"end":{"line":19,"column":47}},"6":{"start":{"line":20,"column":18},"end":{"line":20,"column":28}},"7":{"start":{"line":21,"column":4},"end":{"line":30,"column":7}},"8":{"start":{"line":22,"column":21},"end":{"line":22,"column":64}},"9":{"start":{"line":23,"column":6},"end":{"line":29,"column":7}},"10":{"start":{"line":24,"column":8},"end":{"line":28,"column":9}},"11":{"start":{"line":25,"column":10},"end":{"line":25,"column":46}},"12":{"start":{"line":27,"column":10},"end":{"line":27,"column":46}},"13":{"start":{"line":34,"column":4},"end":{"line":58,"column":5}},"14":{"start":{"line":35,"column":31},"end":{"line":35,"column":33}},"15":{"start":{"line":36,"column":18},"end":{"line":36,"column":31}},"16":{"start":{"line":37,"column":26},"end":{"line":37,"column":51}},"17":{"start":{"line":38,"column":26},"end":{"line":38,"column":51}},"18":{"start":{"line":39,"column":22},"end":{"line":39,"column":40}},"19":{"start":{"line":40,"column":25},"end":{"line":40,"column":35}},"20":{"start":{"line":41,"column":6},"end":{"line":53,"column":9}},"21":{"start":{"line":43,"column":10},"end":{"line":43,"column":67}},"22":{"start":{"line":44,"column":27},"end":{"line":44,"column":49}},"23":{"start":{"line":45,"column":22},"end":{"line":45,"column":51}},"24":{"start":{"line":46,"column":8},"end":{"line":52,"column":9}},"25":{"start":{"line":47,"column":10},"end":{"line":49,"column":11}},"26":{"start":{"line":48,"column":12},"end":{"line":48,"column":46}},"27":{"start":{"line":51,"column":10},"end":{"line":51,"column":44}},"28":{"start":{"line":54,"column":6},"end":{"line":54,"column":20}},"29":{"start":{"line":57,"column":6},"end":{"line":57,"column":16}},"30":{"start":{"line":62,"column":0},"end":{"line":62,"column":22}},"31":{"start":{"line":64,"column":22},"end":{"line":73,"column":2}}},"fnMap":{"0":{"name":"(anonymous_1)","decl":{"start":{"line":6,"column":2},"end":{"line":6,"column":14}},"loc":{"start":{"line":6,"column":58},"end":{"line":13,"column":3}}},"1":{"name":"(anonymous_2)","decl":{"start":{"line":15,"column":9},"end":{"line":15,"column":29}},"loc":{"start":{"line":15,"column":42},"end":{"line":31,"column":3}}},"2":{"name":"(anonymous_3)","decl":{"start":{"line":21,"column":26},"end":{"line":21,"column":27}},"loc":{"start":{"line":21,"column":47},"end":{"line":30,"column":5}}},"3":{"name":"(anonymous_4)","decl":{"start":{"line":33,"column":9},"end":{"line":33,"column":23}},"loc":{"start":{"line":33,"column":36},"end":{"line":59,"column":3}}},"4":{"name":"(anonymous_5)","decl":{"start":{"line":41,"column":28},"end":{"line":41,"column":29}},"loc":{"start":{"line":41,"column":49},"end":{"line":53,"column":7}}}},"branchMap":{"0":{"loc":{"start":{"line":10,"column":9},"end":{"line":10,"column":59}},"type":"cond-expr","locations":[{"start":{"line":10,"column":29},"end":{"line":10,"column":32}},{"start":{"line":10,"column":35},"end":{"line":10,"column":59}}]},"1":{"loc":{"start":{"line":10,"column":35},"end":{"line":10,"column":59}},"type":"binary-expr","locations":[{"start":{"line":10,"column":35},"end":{"line":10,"column":52}},{"start":{"line":10,"column":56},"end":{"line":10,"column":59}}]},"2":{"loc":{"start":{"line":11,"column":6},"end":{"line":11,"column":37}},"type":"cond-expr","locations":[{"start":{"line":11,"column":26},"end":{"line":11,"column":30}},{"start":{"line":11,"column":33},"end":{"line":11,"column":37}}]},"3":{"loc":{"start":{"line":23,"column":6},"end":{"line":29,"column":7}},"type":"if","locations":[{"start":{"line":23,"column":6},"end":{"line":29,"column":7}}]},"4":{"loc":{"start":{"line":24,"column":8},"end":{"line":28,"column":9}},"type":"if","locations":[{"start":{"line":24,"column":8},"end":{"line":28,"column":9}},{"start":{"line":26,"column":15},"end":{"line":28,"column":9}}]},"5":{"loc":{"start":{"line":34,"column":4},"end":{"line":58,"column":5}},"type":"if","locations":[{"start":{"line":34,"column":4},"end":{"line":58,"column":5}},{"start":{"line":55,"column":11},"end":{"line":58,"column":5}}]},"6":{"loc":{"start":{"line":46,"column":8},"end":{"line":52,"column":9}},"type":"if","locations":[{"start":{"line":46,"column":8},"end":{"line":52,"column":9}},{"start":{"line":50,"column":15},"end":{"line":52,"column":9}}]},"7":{"loc":{"start":{"line":47,"column":10},"end":{"line":49,"column":11}},"type":"if","locations":[{"start":{"line":47,"column":10},"end":{"line":49,"column":11}}]}},"s":{"0":4,"1":13,"2":0,"3":0,"4":0,"5":0,"6":0,"7":0,"8":0,"9":0,"10":0,"11":0,"12":0,"13":0,"14":0,"15":0,"16":0,"17":0,"18":0,"19":0,"20":0,"21":0,"22":0,"23":0,"24":0,"25":0,"26":0,"27":0,"28":0,"29":0,"30":4,"31":4},"f":{"0":13,"1":0,"2":0,"3":0,"4":0},"b":{"0":[7,6],"1":[6,6],"2":[7,6],"3":[0],"4":[0,0],"5":[0,0],"6":[0,0],"7":[0]}}
,"C:\\CodeProjects\\Apps\\Chess\\server\\src\\Models\\Lobby.ts": {"path":"C:\\CodeProjects\\Apps\\Chess\\server\\src\\Models\\Lobby.ts","statementMap":{"0":{"start":{"line":4,"column":0},"end":{"line":4,"column":36}},"1":{"start":{"line":9,"column":41},"end":{"line":9,"column":66}},"2":{"start":{"line":10,"column":37},"end":{"line":10,"column":60}},"3":{"start":{"line":23,"column":4},"end":{"line":23,"column":28}},"4":{"start":{"line":24,"column":4},"end":{"line":24,"column":31}},"5":{"start":{"line":25,"column":4},"end":{"line":25,"column":21}},"6":{"start":{"line":26,"column":4},"end":{"line":26,"column":47}},"7":{"start":{"line":27,"column":4},"end":{"line":27,"column":25}},"8":{"start":{"line":28,"column":4},"end":{"line":28,"column":66}},"9":{"start":{"line":29,"column":4},"end":{"line":29,"column":73}},"10":{"start":{"line":33,"column":4},"end":{"line":33,"column":24}},"11":{"start":{"line":37,"column":4},"end":{"line":37,"column":26}},"12":{"start":{"line":41,"column":4},"end":{"line":41,"column":21}},"13":{"start":{"line":45,"column":4},"end":{"line":45,"column":24}},"14":{"start":{"line":49,"column":4},"end":{"line":49,"column":27}},"15":{"start":{"line":53,"column":4},"end":{"line":53,"column":22}},"16":{"start":{"line":57,"column":4},"end":{"line":57,"column":23}},"17":{"start":{"line":61,"column":4},"end":{"line":61,"column":25}},"18":{"start":{"line":65,"column":4},"end":{"line":65,"column":51}},"19":{"start":{"line":69,"column":4},"end":{"line":69,"column":36}},"20":{"start":{"line":73,"column":4},"end":{"line":73,"column":43}},"21":{"start":{"line":77,"column":4},"end":{"line":77,"column":30}},"22":{"start":{"line":81,"column":0},"end":{"line":81,"column":21}}},"fnMap":{"0":{"name":"(anonymous_0)","decl":{"start":{"line":16,"column":2},"end":{"line":16,"column":null}},"loc":{"start":{"line":21,"column":23},"end":{"line":30,"column":3}}},"1":{"name":"(anonymous_1)","decl":{"start":{"line":32,"column":9},"end":{"line":32,"column":19}},"loc":{"start":{"line":32,"column":19},"end":{"line":34,"column":3}}},"2":{"name":"(anonymous_2)","decl":{"start":{"line":36,"column":9},"end":{"line":36,"column":21}},"loc":{"start":{"line":36,"column":21},"end":{"line":38,"column":3}}},"3":{"name":"(anonymous_3)","decl":{"start":{"line":40,"column":9},"end":{"line":40,"column":16}},"loc":{"start":{"line":40,"column":16},"end":{"line":42,"column":3}}},"4":{"name":"(anonymous_4)","decl":{"start":{"line":44,"column":9},"end":{"line":44,"column":19}},"loc":{"start":{"line":44,"column":19},"end":{"line":46,"column":3}}},"5":{"name":"(anonymous_5)","decl":{"start":{"line":48,"column":9},"end":{"line":48,"column":22}},"loc":{"start":{"line":48,"column":22},"end":{"line":50,"column":3}}},"6":{"name":"(anonymous_6)","decl":{"start":{"line":52,"column":9},"end":{"line":52,"column":17}},"loc":{"start":{"line":52,"column":17},"end":{"line":54,"column":3}}},"7":{"name":"(anonymous_7)","decl":{"start":{"line":56,"column":9},"end":{"line":56,"column":18}},"loc":{"start":{"line":56,"column":18},"end":{"line":58,"column":3}}},"8":{"name":"(anonymous_8)","decl":{"start":{"line":60,"column":9},"end":{"line":60,"column":20}},"loc":{"start":{"line":60,"column":20},"end":{"line":62,"column":3}}},"9":{"name":"(anonymous_9)","decl":{"start":{"line":64,"column":9},"end":{"line":64,"column":18}},"loc":{"start":{"line":64,"column":33},"end":{"line":66,"column":3}}},"10":{"name":"(anonymous_10)","decl":{"start":{"line":68,"column":9},"end":{"line":68,"column":21}},"loc":{"start":{"line":68,"column":40},"end":{"line":70,"column":3}}},"11":{"name":"(anonymous_11)","decl":{"start":{"line":72,"column":9},"end":{"line":72,"column":16}},"loc":{"start":{"line":72,"column":27},"end":{"line":74,"column":3}}},"12":{"name":"(anonymous_12)","decl":{"start":{"line":76,"column":9},"end":{"line":76,"column":19}},"loc":{"start":{"line":76,"column":34},"end":{"line":78,"column":3}}}},"branchMap":{"0":{"loc":{"start":{"line":28,"column":4},"end":{"line":28,"column":65}},"type":"cond-expr","locations":[{"start":{"line":28,"column":28},"end":{"line":28,"column":52}},{"start":{"line":28,"column":56},"end":{"line":28,"column":65}}]},"1":{"loc":{"start":{"line":29,"column":4},"end":{"line":29,"column":72}},"type":"cond-expr","locations":[{"start":{"line":29,"column":18},"end":{"line":29,"column":46}},{"start":{"line":29,"column":51},"end":{"line":29,"column":71}}]}},"s":{"0":1,"1":2,"2":2,"3":2,"4":2,"5":2,"6":2,"7":2,"8":2,"9":2,"10":2,"11":2,"12":2,"13":16,"14":2,"15":10,"16":2,"17":2,"18":4,"19":2,"20":4,"21":2,"22":1},"f":{"0":2,"1":2,"2":2,"3":2,"4":16,"5":2,"6":10,"7":2,"8":2,"9":4,"10":2,"11":4,"12":2},"b":{"0":[1,1],"1":[0,2]}}
,"C:\\CodeProjects\\Apps\\Chess\\server\\src\\Models\\Pawn.ts": {"path":"C:\\CodeProjects\\Apps\\Chess\\server\\src\\Models\\Pawn.ts","statementMap":{"0":{"start":{"line":2,"column":0},"end":{"line":2,"column":31}},"1":{"start":{"line":7,"column":30},"end":{"line":7,"column":35}},"2":{"start":{"line":10,"column":4},"end":{"line":15,"column":6}},"3":{"start":{"line":21,"column":21},"end":{"line":21,"column":34}},"4":{"start":{"line":22,"column":29},"end":{"line":22,"column":31}},"5":{"start":{"line":23,"column":18},"end":{"line":23,"column":28}},"6":{"start":{"line":24,"column":19},"end":{"line":24,"column":44}},"7":{"start":{"line":25,"column":4},"end":{"line":104,"column":5}},"8":{"start":{"line":26,"column":6},"end":{"line":102,"column":7}},"9":{"start":{"line":28,"column":25},"end":{"line":28,"column":59}},"10":{"start":{"line":29,"column":25},"end":{"line":29,"column":59}},"11":{"start":{"line":30,"column":26},"end":{"line":30,"column":46}},"12":{"start":{"line":31,"column":8},"end":{"line":41,"column":11}},"13":{"start":{"line":32,"column":10},"end":{"line":40,"column":11}},"14":{"start":{"line":33,"column":37},"end":{"line":33,"column":60}},"15":{"start":{"line":34,"column":31},"end":{"line":34,"column":61}},"16":{"start":{"line":35,"column":12},"end":{"line":39,"column":13}},"17":{"start":{"line":36,"column":14},"end":{"line":38,"column":15}},"18":{"start":{"line":37,"column":16},"end":{"line":37,"column":51}},"19":{"start":{"line":44,"column":24},"end":{"line":44,"column":57}},"20":{"start":{"line":45,"column":25},"end":{"line":45,"column":59}},"21":{"start":{"line":46,"column":25},"end":{"line":46,"column":34}},"22":{"start":{"line":47,"column":8},"end":{"line":49,"column":9}},"23":{"start":{"line":48,"column":10},"end":{"line":48,"column":34}},"24":{"start":{"line":50,"column":34},"end":{"line":50,"column":39}},"25":{"start":{"line":51,"column":20},"end":{"line":51,"column":21}},"26":{"start":{"line":52,"column":8},"end":{"line":63,"column":9}},"27":{"start":{"line":53,"column":25},"end":{"line":53,"column":40}},"28":{"start":{"line":54,"column":35},"end":{"line":54,"column":58}},"29":{"start":{"line":55,"column":10},"end":{"line":61,"column":11}},"30":{"start":{"line":56,"column":12},"end":{"line":60,"column":13}},"31":{"start":{"line":57,"column":14},"end":{"line":57,"column":49}},"32":{"start":{"line":59,"column":14},"end":{"line":59,"column":41}},"33":{"start":{"line":62,"column":10},"end":{"line":62,"column":18}},"34":{"start":{"line":66,"column":25},"end":{"line":66,"column":59}},"35":{"start":{"line":67,"column":25},"end":{"line":67,"column":59}},"36":{"start":{"line":68,"column":26},"end":{"line":68,"column":46}},"37":{"start":{"line":69,"column":8},"end":{"line":79,"column":11}},"38":{"start":{"line":70,"column":10},"end":{"line":78,"column":11}},"39":{"start":{"line":71,"column":37},"end":{"line":71,"column":60}},"40":{"start":{"line":72,"column":31},"end":{"line":72,"column":61}},"41":{"start":{"line":73,"column":12},"end":{"line":77,"column":13}},"42":{"start":{"line":74,"column":14},"end":{"line":76,"column":15}},"43":{"start":{"line":75,"column":16},"end":{"line":75,"column":51}},"44":{"start":{"line":82,"column":24},"end":{"line":82,"column":57}},"45":{"start":{"line":83,"column":25},"end":{"line":83,"column":59}},"46":{"start":{"line":84,"column":25},"end":{"line":84,"column":34}},"47":{"start":{"line":85,"column":8},"end":{"line":87,"column":9}},"48":{"start":{"line":86,"column":10},"end":{"line":86,"column":34}},"49":{"start":{"line":88,"column":34},"end":{"line":88,"column":39}},"50":{"start":{"line":89,"column":20},"end":{"line":89,"column":21}},"51":{"start":{"line":90,"column":8},"end":{"line":101,"column":9}},"52":{"start":{"line":91,"column":25},"end":{"line":91,"column":40}},"53":{"start":{"line":92,"column":35},"end":{"line":92,"column":58}},"54":{"start":{"line":93,"column":10},"end":{"line":99,"column":11}},"55":{"start":{"line":94,"column":12},"end":{"line":98,"column":13}},"56":{"start":{"line":95,"column":14},"end":{"line":95,"column":49}},"57":{"start":{"line":97,"column":14},"end":{"line":97,"column":41}},"58":{"start":{"line":100,"column":10},"end":{"line":100,"column":18}},"59":{"start":{"line":105,"column":4},"end":{"line":105,"column":18}},"60":{"start":{"line":109,"column":0},"end":{"line":109,"column":20}}},"fnMap":{"0":{"name":"(anonymous_1)","decl":{"start":{"line":9,"column":2},"end":{"line":9,"column":14}},"loc":{"start":{"line":9,"column":58},"end":{"line":16,"column":3}}},"1":{"name":"(anonymous_2)","decl":{"start":{"line":18,"column":9},"end":{"line":18,"column":29}},"loc":{"start":{"line":18,"column":42},"end":{"line":18,"column":52}}},"2":{"name":"(anonymous_3)","decl":{"start":{"line":20,"column":9},"end":{"line":20,"column":23}},"loc":{"start":{"line":20,"column":36},"end":{"line":106,"column":3}}},"3":{"name":"(anonymous_4)","decl":{"start":{"line":31,"column":26},"end":{"line":31,"column":27}},"loc":{"start":{"line":31,"column":57},"end":{"line":41,"column":9}}},"4":{"name":"(anonymous_5)","decl":{"start":{"line":69,"column":26},"end":{"line":69,"column":27}},"loc":{"start":{"line":69,"column":57},"end":{"line":79,"column":9}}}},"branchMap":{"0":{"loc":{"start":{"line":13,"column":9},"end":{"line":13,"column":59}},"type":"cond-expr","locations":[{"start":{"line":13,"column":29},"end":{"line":13,"column":32}},{"start":{"line":13,"column":35},"end":{"line":13,"column":59}}]},"1":{"loc":{"start":{"line":13,"column":35},"end":{"line":13,"column":59}},"type":"binary-expr","locations":[{"start":{"line":13,"column":35},"end":{"line":13,"column":52}},{"start":{"line":13,"column":56},"end":{"line":13,"column":59}}]},"2":{"loc":{"start":{"line":14,"column":6},"end":{"line":14,"column":38}},"type":"cond-expr","locations":[{"start":{"line":14,"column":26},"end":{"line":14,"column":31}},{"start":{"line":14,"column":34},"end":{"line":14,"column":38}}]},"3":{"loc":{"start":{"line":25,"column":4},"end":{"line":104,"column":5}},"type":"if","locations":[{"start":{"line":25,"column":4},"end":{"line":104,"column":5}},{"start":{"line":103,"column":11},"end":{"line":104,"column":5}}]},"4":{"loc":{"start":{"line":26,"column":6},"end":{"line":102,"column":7}},"type":"if","locations":[{"start":{"line":26,"column":6},"end":{"line":102,"column":7}},{"start":{"line":64,"column":13},"end":{"line":102,"column":7}}]},"5":{"loc":{"start":{"line":32,"column":10},"end":{"line":40,"column":11}},"type":"if","locations":[{"start":{"line":32,"column":10},"end":{"line":40,"column":11}}]},"6":{"loc":{"start":{"line":35,"column":12},"end":{"line":39,"column":13}},"type":"if","locations":[{"start":{"line":35,"column":12},"end":{"line":39,"column":13}}]},"7":{"loc":{"start":{"line":36,"column":14},"end":{"line":38,"column":15}},"type":"if","locations":[{"start":{"line":36,"column":14},"end":{"line":38,"column":15}}]},"8":{"loc":{"start":{"line":47,"column":8},"end":{"line":49,"column":9}},"type":"if","locations":[{"start":{"line":47,"column":8},"end":{"line":49,"column":9}}]},"9":{"loc":{"start":{"line":52,"column":15},"end":{"line":52,"column":62}},"type":"binary-expr","locations":[{"start":{"line":52,"column":15},"end":{"line":52,"column":35}},{"start":{"line":52,"column":39},"end":{"line":52,"column":62}}]},"10":{"loc":{"start":{"line":55,"column":10},"end":{"line":61,"column":11}},"type":"if","locations":[{"start":{"line":55,"column":10},"end":{"line":61,"column":11}}]},"11":{"loc":{"start":{"line":56,"column":12},"end":{"line":60,"column":13}},"type":"if","locations":[{"start":{"line":56,"column":12},"end":{"line":60,"column":13}},{"start":{"line":58,"column":19},"end":{"line":60,"column":13}}]},"12":{"loc":{"start":{"line":70,"column":10},"end":{"line":78,"column":11}},"type":"if","locations":[{"start":{"line":70,"column":10},"end":{"line":78,"column":11}}]},"13":{"loc":{"start":{"line":73,"column":12},"end":{"line":77,"column":13}},"type":"if","locations":[{"start":{"line":73,"column":12},"end":{"line":77,"column":13}}]},"14":{"loc":{"start":{"line":74,"column":14},"end":{"line":76,"column":15}},"type":"if","locations":[{"start":{"line":74,"column":14},"end":{"line":76,"column":15}}]},"15":{"loc":{"start":{"line":85,"column":8},"end":{"line":87,"column":9}},"type":"if","locations":[{"start":{"line":85,"column":8},"end":{"line":87,"column":9}}]},"16":{"loc":{"start":{"line":90,"column":15},"end":{"line":90,"column":62}},"type":"binary-expr","locations":[{"start":{"line":90,"column":15},"end":{"line":90,"column":35}},{"start":{"line":90,"column":39},"end":{"line":90,"column":62}}]},"17":{"loc":{"start":{"line":93,"column":10},"end":{"line":99,"column":11}},"type":"if","locations":[{"start":{"line":93,"column":10},"end":{"line":99,"column":11}}]},"18":{"loc":{"start":{"line":94,"column":12},"end":{"line":98,"column":13}},"type":"if","locations":[{"start":{"line":94,"column":12},"end":{"line":98,"column":13}},{"start":{"line":96,"column":19},"end":{"line":98,"column":13}}]}},"s":{"0":4,"1":49,"2":49,"3":0,"4":0,"5":0,"6":0,"7":0,"8":0,"9":0,"10":0,"11":0,"12":0,"13":0,"14":0,"15":0,"16":0,"17":0,"18":0,"19":0,"20":0,"21":0,"22":0,"23":0,"24":0,"25":0,"26":0,"27":0,"28":0,"29":0,"30":0,"31":0,"32":0,"33":0,"34":0,"35":0,"36":0,"37":0,"38":0,"39":0,"40":0,"41":0,"42":0,"43":0,"44":0,"45":0,"46":0,"47":0,"48":0,"49":0,"50":0,"51":0,"52":0,"53":0,"54":0,"55":0,"56":0,"57":0,"58":0,"59":0,"60":4},"f":{"0":49,"1":0,"2":0,"3":0,"4":0},"b":{"0":[25,24],"1":[24,24],"2":[25,24],"3":[0,0],"4":[0,0],"5":[0],"6":[0],"7":[0],"8":[0],"9":[0,0],"10":[0],"11":[0,0],"12":[0],"13":[0],"14":[0],"15":[0],"16":[0,0],"17":[0],"18":[0,0]}}
,"C:\\CodeProjects\\Apps\\Chess\\server\\src\\Models\\Piece.ts": {"path":"C:\\CodeProjects\\Apps\\Chess\\server\\src\\Models\\Piece.ts","statementMap":{"0":{"start":{"line":3,"column":0},"end":{"line":3,"column":36}},"1":{"start":{"line":9,"column":32},"end":{"line":9,"column":37}},"2":{"start":{"line":12,"column":37},"end":{"line":12,"column":39}},"3":{"start":{"line":21,"column":4},"end":{"line":21,"column":28}},"4":{"start":{"line":22,"column":4},"end":{"line":22,"column":29}},"5":{"start":{"line":23,"column":4},"end":{"line":23,"column":23}},"6":{"start":{"line":24,"column":4},"end":{"line":24,"column":29}},"7":{"start":{"line":25,"column":4},"end":{"line":25,"column":37}},"8":{"start":{"line":29,"column":4},"end":{"line":29,"column":24}},"9":{"start":{"line":33,"column":4},"end":{"line":33,"column":25}},"10":{"start":{"line":37,"column":4},"end":{"line":37,"column":22}},"11":{"start":{"line":41,"column":4},"end":{"line":41,"column":25}},"12":{"start":{"line":45,"column":4},"end":{"line":45,"column":25}},"13":{"start":{"line":49,"column":4},"end":{"line":49,"column":29}},"14":{"start":{"line":53,"column":4},"end":{"line":53,"column":25}},"15":{"start":{"line":57,"column":4},"end":{"line":57,"column":26}},"16":{"start":{"line":64,"column":0},"end":{"line":64,"column":21}}},"fnMap":{"0":{"name":"(anonymous_0)","decl":{"start":{"line":15,"column":2},"end":{"line":15,"column":null}},"loc":{"start":{"line":19,"column":24},"end":{"line":26,"column":3}}},"1":{"name":"(anonymous_1)","decl":{"start":{"line":28,"column":9},"end":{"line":28,"column":19}},"loc":{"start":{"line":28,"column":19},"end":{"line":30,"column":3}}},"2":{"name":"(anonymous_2)","decl":{"start":{"line":32,"column":9},"end":{"line":32,"column":20}},"loc":{"start":{"line":32,"column":20},"end":{"line":34,"column":3}}},"3":{"name":"(anonymous_3)","decl":{"start":{"line":36,"column":9},"end":{"line":36,"column":17}},"loc":{"start":{"line":36,"column":17},"end":{"line":38,"column":3}}},"4":{"name":"(anonymous_4)","decl":{"start":{"line":40,"column":9},"end":{"line":40,"column":18}},"loc":{"start":{"line":40,"column":18},"end":{"line":42,"column":3}}},"5":{"name":"(anonymous_5)","decl":{"start":{"line":44,"column":9},"end":{"line":44,"column":20}},"loc":{"start":{"line":44,"column":20},"end":{"line":46,"column":3}}},"6":{"name":"(anonymous_6)","decl":{"start":{"line":48,"column":9},"end":{"line":48,"column":24}},"loc":{"start":{"line":48,"column":24},"end":{"line":50,"column":3}}},"7":{"name":"(anonymous_7)","decl":{"start":{"line":52,"column":9},"end":{"line":52,"column":20}},"loc":{"start":{"line":52,"column":20},"end":{"line":54,"column":3}}},"8":{"name":"(anonymous_8)","decl":{"start":{"line":56,"column":9},"end":{"line":56,"column":20}},"loc":{"start":{"line":56,"column":33},"end":{"line":58,"column":3}}}},"branchMap":{},"s":{"0":9,"1":102,"2":102,"3":102,"4":102,"5":102,"6":102,"7":102,"8":0,"9":0,"10":64,"11":0,"12":64,"13":0,"14":0,"15":0,"16":9},"f":{"0":102,"1":0,"2":0,"3":64,"4":0,"5":64,"6":0,"7":0,"8":0},"b":{}}
,"C:\\CodeProjects\\Apps\\Chess\\server\\src\\Models\\Pin.ts": {"path":"C:\\CodeProjects\\Apps\\Chess\\server\\src\\Models\\Pin.ts","statementMap":{"0":{"start":{"line":22,"column":4},"end":{"line":22,"column":35}},"1":{"start":{"line":23,"column":4},"end":{"line":23,"column":45}},"2":{"start":{"line":24,"column":4},"end":{"line":24,"column":37}},"3":{"start":{"line":25,"column":4},"end":{"line":25,"column":47}},"4":{"start":{"line":26,"column":4},"end":{"line":26,"column":21}},"5":{"start":{"line":27,"column":4},"end":{"line":27,"column":31}},"6":{"start":{"line":28,"column":4},"end":{"line":28,"column":31}},"7":{"start":{"line":32,"column":4},"end":{"line":32,"column":28}},"8":{"start":{"line":36,"column":4},"end":{"line":36,"column":33}},"9":{"start":{"line":40,"column":4},"end":{"line":40,"column":29}},"10":{"start":{"line":44,"column":4},"end":{"line":44,"column":34}},"11":{"start":{"line":48,"column":4},"end":{"line":48,"column":21}},"12":{"start":{"line":52,"column":4},"end":{"line":52,"column":26}},"13":{"start":{"line":56,"column":4},"end":{"line":56,"column":26}}},"fnMap":{"0":{"name":"(anonymous_0)","decl":{"start":{"line":13,"column":2},"end":{"line":13,"column":null}},"loc":{"start":{"line":20,"column":23},"end":{"line":29,"column":3}}},"1":{"name":"(anonymous_1)","decl":{"start":{"line":31,"column":9},"end":{"line":31,"column":23}},"loc":{"start":{"line":31,"column":23},"end":{"line":33,"column":3}}},"2":{"name":"(anonymous_2)","decl":{"start":{"line":35,"column":9},"end":{"line":35,"column":28}},"loc":{"start":{"line":35,"column":28},"end":{"line":37,"column":3}}},"3":{"name":"(anonymous_3)","decl":{"start":{"line":39,"column":9},"end":{"line":39,"column":24}},"loc":{"start":{"line":39,"column":24},"end":{"line":41,"column":3}}},"4":{"name":"(anonymous_4)","decl":{"start":{"line":43,"column":9},"end":{"line":43,"column":29}},"loc":{"start":{"line":43,"column":29},"end":{"line":45,"column":3}}},"5":{"name":"(anonymous_5)","decl":{"start":{"line":47,"column":9},"end":{"line":47,"column":16}},"loc":{"start":{"line":47,"column":16},"end":{"line":49,"column":3}}},"6":{"name":"(anonymous_6)","decl":{"start":{"line":51,"column":9},"end":{"line":51,"column":21}},"loc":{"start":{"line":51,"column":21},"end":{"line":53,"column":3}}},"7":{"name":"(anonymous_7)","decl":{"start":{"line":55,"column":9},"end":{"line":55,"column":21}},"loc":{"start":{"line":55,"column":21},"end":{"line":57,"column":3}}}},"branchMap":{},"s":{"0":0,"1":0,"2":0,"3":0,"4":0,"5":0,"6":0,"7":0,"8":0,"9":0,"10":0,"11":0,"12":0,"13":0},"f":{"0":0,"1":0,"2":0,"3":0,"4":0,"5":0,"6":0,"7":0},"b":{}}
,"C:\\CodeProjects\\Apps\\Chess\\server\\src\\Models\\Player.ts": {"path":"C:\\CodeProjects\\Apps\\Chess\\server\\src\\Models\\Player.ts","statementMap":{"0":{"start":{"line":1,"column":0},"end":{"line":1,"column":36}},"1":{"start":{"line":8,"column":4},"end":{"line":8,"column":29}},"2":{"start":{"line":9,"column":4},"end":{"line":9,"column":29}},"3":{"start":{"line":13,"column":4},"end":{"line":13,"column":25}},"4":{"start":{"line":17,"column":4},"end":{"line":17,"column":25}},"5":{"start":{"line":21,"column":0},"end":{"line":21,"column":22}}},"fnMap":{"0":{"name":"(anonymous_0)","decl":{"start":{"line":7,"column":2},"end":{"line":7,"column":14}},"loc":{"start":{"line":7,"column":30},"end":{"line":10,"column":3}}},"1":{"name":"(anonymous_1)","decl":{"start":{"line":12,"column":9},"end":{"line":12,"column":20}},"loc":{"start":{"line":12,"column":20},"end":{"line":14,"column":3}}},"2":{"name":"(anonymous_2)","decl":{"start":{"line":16,"column":9},"end":{"line":16,"column":20}},"loc":{"start":{"line":16,"column":20},"end":{"line":18,"column":3}}}},"branchMap":{},"s":{"0":3,"1":7,"2":7,"3":20,"4":0,"5":3},"f":{"0":7,"1":20,"2":0},"b":{}}
,"C:\\CodeProjects\\Apps\\Chess\\server\\src\\Models\\Position.ts": {"path":"C:\\CodeProjects\\Apps\\Chess\\server\\src\\Models\\Position.ts","statementMap":{"0":{"start":{"line":7,"column":4},"end":{"line":7,"column":21}},"1":{"start":{"line":8,"column":4},"end":{"line":8,"column":21}},"2":{"start":{"line":9,"column":4},"end":{"line":9,"column":39}},"3":{"start":{"line":13,"column":4},"end":{"line":13,"column":21}},"4":{"start":{"line":17,"column":4},"end":{"line":17,"column":21}},"5":{"start":{"line":21,"column":4},"end":{"line":21,"column":30}},"6":{"start":{"line":25,"column":0},"end":{"line":25,"column":24}}},"fnMap":{"0":{"name":"(anonymous_0)","decl":{"start":{"line":6,"column":2},"end":{"line":6,"column":14}},"loc":{"start":{"line":6,"column":65},"end":{"line":10,"column":3}}},"1":{"name":"(anonymous_1)","decl":{"start":{"line":12,"column":9},"end":{"line":12,"column":16}},"loc":{"start":{"line":12,"column":16},"end":{"line":14,"column":3}}},"2":{"name":"(anonymous_2)","decl":{"start":{"line":16,"column":9},"end":{"line":16,"column":16}},"loc":{"start":{"line":16,"column":16},"end":{"line":18,"column":3}}},"3":{"name":"(anonymous_3)","decl":{"start":{"line":20,"column":9},"end":{"line":20,"column":25}},"loc":{"start":{"line":20,"column":25},"end":{"line":22,"column":3}}}},"branchMap":{},"s":{"0":198,"1":198,"2":198,"3":192,"4":192,"5":192,"6":9},"f":{"0":198,"1":192,"2":192,"3":192},"b":{}}
,"C:\\CodeProjects\\Apps\\Chess\\server\\src\\Models\\Queen.ts": {"path":"C:\\CodeProjects\\Apps\\Chess\\server\\src\\Models\\Queen.ts","statementMap":{"0":{"start":{"line":2,"column":0},"end":{"line":2,"column":31}},"1":{"start":{"line":4,"column":0},"end":{"line":4,"column":41}},"2":{"start":{"line":8,"column":4},"end":{"line":13,"column":6}},"3":{"start":{"line":17,"column":21},"end":{"line":17,"column":34}},"4":{"start":{"line":18,"column":19},"end":{"line":18,"column":44}},"5":{"start":{"line":19,"column":18},"end":{"line":19,"column":28}},"6":{"start":{"line":20,"column":4},"end":{"line":38,"column":7}},"7":{"start":{"line":21,"column":32},"end":{"line":21,"column":37}},"8":{"start":{"line":22,"column":27},"end":{"line":22,"column":60}},"9":{"start":{"line":23,"column":6},"end":{"line":37,"column":7}},"10":{"start":{"line":24,"column":8},"end":{"line":36,"column":9}},"11":{"start":{"line":25,"column":10},"end":{"line":29,"column":11}},"12":{"start":{"line":26,"column":12},"end":{"line":26,"column":56}},"13":{"start":{"line":28,"column":12},"end":{"line":28,"column":56}},"14":{"start":{"line":30,"column":35},"end":{"line":30,"column":65}},"15":{"start":{"line":31,"column":10},"end":{"line":35,"column":11}},"16":{"start":{"line":32,"column":12},"end":{"line":32,"column":39}},"17":{"start":{"line":34,"column":12},"end":{"line":34,"column":70}},"18":{"start":{"line":42,"column":29},"end":{"line":42,"column":31}},"19":{"start":{"line":43,"column":21},"end":{"line":43,"column":39}},"20":{"start":{"line":44,"column":19},"end":{"line":44,"column":44}},"21":{"start":{"line":45,"column":23},"end":{"line":45,"column":53}},"22":{"start":{"line":46,"column":22},"end":{"line":46,"column":46}},"23":{"start":{"line":47,"column":4},"end":{"line":67,"column":7}},"24":{"start":{"line":48,"column":32},"end":{"line":48,"column":37}},"25":{"start":{"line":49,"column":27},"end":{"line":49,"column":48}},"26":{"start":{"line":50,"column":6},"end":{"line":66,"column":7}},"27":{"start":{"line":51,"column":27},"end":{"line":51,"column":58}},"28":{"start":{"line":52,"column":8},"end":{"line":65,"column":9}},"29":{"start":{"line":53,"column":10},"end":{"line":53,"column":37}},"30":{"start":{"line":54,"column":43},"end":{"line":56,"column":24}},"31":{"start":{"line":57,"column":10},"end":{"line":60,"column":11}},"32":{"start":{"line":58,"column":24},"end":{"line":58,"column":53}},"33":{"start":{"line":59,"column":12},"end":{"line":59,"column":36}},"34":{"start":{"line":62,"column":22},"end":{"line":62,"column":51}},"35":{"start":{"line":63,"column":10},"end":{"line":63,"column":34}},"36":{"start":{"line":64,"column":10},"end":{"line":64,"column":69}},"37":{"start":{"line":70,"column":4},"end":{"line":72,"column":5}},"38":{"start":{"line":74,"column":4},"end":{"line":74,"column":18}},"39":{"start":{"line":78,"column":0},"end":{"line":78,"column":21}}},"fnMap":{"0":{"name":"(anonymous_1)","decl":{"start":{"line":7,"column":2},"end":{"line":7,"column":14}},"loc":{"start":{"line":7,"column":58},"end":{"line":14,"column":3}}},"1":{"name":"(anonymous_2)","decl":{"start":{"line":16,"column":9},"end":{"line":16,"column":29}},"loc":{"start":{"line":16,"column":42},"end":{"line":39,"column":3}}},"2":{"name":"(anonymous_3)","decl":{"start":{"line":20,"column":23},"end":{"line":20,"column":24}},"loc":{"start":{"line":20,"column":34},"end":{"line":38,"column":5}}},"3":{"name":"(anonymous_4)","decl":{"start":{"line":41,"column":9},"end":{"line":41,"column":23}},"loc":{"start":{"line":41,"column":36},"end":{"line":75,"column":3}}},"4":{"name":"(anonymous_5)","decl":{"start":{"line":47,"column":23},"end":{"line":47,"column":24}},"loc":{"start":{"line":47,"column":34},"end":{"line":67,"column":5}}}},"branchMap":{"0":{"loc":{"start":{"line":11,"column":9},"end":{"line":11,"column":59}},"type":"cond-expr","locations":[{"start":{"line":11,"column":29},"end":{"line":11,"column":32}},{"start":{"line":11,"column":35},"end":{"line":11,"column":59}}]},"1":{"loc":{"start":{"line":11,"column":35},"end":{"line":11,"column":59}},"type":"binary-expr","locations":[{"start":{"line":11,"column":35},"end":{"line":11,"column":52}},{"start":{"line":11,"column":56},"end":{"line":11,"column":59}}]},"2":{"loc":{"start":{"line":12,"column":6},"end":{"line":12,"column":37}},"type":"cond-expr","locations":[{"start":{"line":12,"column":26},"end":{"line":12,"column":30}},{"start":{"line":12,"column":33},"end":{"line":12,"column":37}}]},"3":{"loc":{"start":{"line":24,"column":8},"end":{"line":36,"column":9}},"type":"if","locations":[{"start":{"line":24,"column":8},"end":{"line":36,"column":9}}]},"4":{"loc":{"start":{"line":25,"column":10},"end":{"line":29,"column":11}},"type":"if","locations":[{"start":{"line":25,"column":10},"end":{"line":29,"column":11}},{"start":{"line":27,"column":17},"end":{"line":29,"column":11}}]},"5":{"loc":{"start":{"line":31,"column":10},"end":{"line":35,"column":11}},"type":"if","locations":[{"start":{"line":31,"column":10},"end":{"line":35,"column":11}},{"start":{"line":33,"column":17},"end":{"line":35,"column":11}}]},"6":{"loc":{"start":{"line":52,"column":8},"end":{"line":65,"column":9}},"type":"if","locations":[{"start":{"line":52,"column":8},"end":{"line":65,"column":9}},{"start":{"line":61,"column":15},"end":{"line":65,"column":9}}]},"7":{"loc":{"start":{"line":57,"column":10},"end":{"line":60,"column":11}},"type":"if","locations":[{"start":{"line":57,"column":10},"end":{"line":60,"column":11}}]},"8":{"loc":{"start":{"line":59,"column":12},"end":{"line":59,"column":35}},"type":"binary-expr","locations":[{"start":{"line":59,"column":12},"end":{"line":59,"column":15}},{"start":{"line":59,"column":19},"end":{"line":59,"column":35}}]},"9":{"loc":{"start":{"line":63,"column":10},"end":{"line":63,"column":33}},"type":"binary-expr","locations":[{"start":{"line":63,"column":10},"end":{"line":63,"column":13}},{"start":{"line":63,"column":17},"end":{"line":63,"column":33}}]},"10":{"loc":{"start":{"line":70,"column":4},"end":{"line":72,"column":5}},"type":"if","locations":[{"start":{"line":70,"column":4},"end":{"line":72,"column":5}}]}},"s":{"0":4,"1":4,"2":7,"3":0,"4":0,"5":0,"6":0,"7":0,"8":0,"9":0,"10":0,"11":0,"12":0,"13":0,"14":0,"15":0,"16":0,"17":0,"18":0,"19":0,"20":0,"21":0,"22":0,"23":0,"24":0,"25":0,"26":0,"27":0,"28":0,"29":0,"30":0,"31":0,"32":0,"33":0,"34":0,"35":0,"36":0,"37":0,"38":0,"39":4},"f":{"0":7,"1":0,"2":0,"3":0,"4":0},"b":{"0":[4,3],"1":[3,3],"2":[4,3],"3":[0],"4":[0,0],"5":[0,0],"6":[0,0],"7":[0],"8":[0,0],"9":[0,0],"10":[0]}}
,"C:\\CodeProjects\\Apps\\Chess\\server\\src\\Models\\Rook.ts": {"path":"C:\\CodeProjects\\Apps\\Chess\\server\\src\\Models\\Rook.ts","statementMap":{"0":{"start":{"line":2,"column":0},"end":{"line":2,"column":31}},"1":{"start":{"line":6,"column":30},"end":{"line":6,"column":35}},"2":{"start":{"line":9,"column":4},"end":{"line":14,"column":6}},"3":{"start":{"line":18,"column":4},"end":{"line":18,"column":25}},"4":{"start":{"line":22,"column":21},"end":{"line":22,"column":34}},"5":{"start":{"line":23,"column":19},"end":{"line":23,"column":44}},"6":{"start":{"line":24,"column":18},"end":{"line":24,"column":28}},"7":{"start":{"line":25,"column":17},"end":{"line":25,"column":37}},"8":{"start":{"line":26,"column":4},"end":{"line":44,"column":7}},"9":{"start":{"line":27,"column":32},"end":{"line":27,"column":37}},"10":{"start":{"line":28,"column":27},"end":{"line":28,"column":60}},"11":{"start":{"line":29,"column":6},"end":{"line":43,"column":7}},"12":{"start":{"line":30,"column":8},"end":{"line":42,"column":9}},"13":{"start":{"line":31,"column":10},"end":{"line":35,"column":11}},"14":{"start":{"line":32,"column":12},"end":{"line":32,"column":56}},"15":{"start":{"line":34,"column":12},"end":{"line":34,"column":56}},"16":{"start":{"line":36,"column":35},"end":{"line":36,"column":65}},"17":{"start":{"line":37,"column":10},"end":{"line":41,"column":11}},"18":{"start":{"line":38,"column":12},"end":{"line":38,"column":39}},"19":{"start":{"line":40,"column":12},"end":{"line":40,"column":70}},"20":{"start":{"line":48,"column":29},"end":{"line":48,"column":31}},"21":{"start":{"line":49,"column":21},"end":{"line":49,"column":39}},"22":{"start":{"line":50,"column":19},"end":{"line":50,"column":44}},"23":{"start":{"line":51,"column":23},"end":{"line":51,"column":53}},"24":{"start":{"line":52,"column":22},"end":{"line":52,"column":46}},"25":{"start":{"line":53,"column":17},"end":{"line":53,"column":37}},"26":{"start":{"line":54,"column":4},"end":{"line":74,"column":7}},"27":{"start":{"line":55,"column":32},"end":{"line":55,"column":37}},"28":{"start":{"line":56,"column":27},"end":{"line":56,"column":48}},"29":{"start":{"line":57,"column":6},"end":{"line":73,"column":7}},"30":{"start":{"line":58,"column":27},"end":{"line":58,"column":58}},"31":{"start":{"line":59,"column":8},"end":{"line":72,"column":9}},"32":{"start":{"line":60,"column":10},"end":{"line":60,"column":37}},"33":{"start":{"line":61,"column":43},"end":{"line":63,"column":24}},"34":{"start":{"line":64,"column":10},"end":{"line":67,"column":11}},"35":{"start":{"line":65,"column":24},"end":{"line":65,"column":53}},"36":{"start":{"line":66,"column":12},"end":{"line":66,"column":36}},"37":{"start":{"line":69,"column":22},"end":{"line":69,"column":51}},"38":{"start":{"line":70,"column":10},"end":{"line":70,"column":34}},"39":{"start":{"line":71,"column":10},"end":{"line":71,"column":69}},"40":{"start":{"line":75,"column":4},"end":{"line":75,"column":18}},"41":{"start":{"line":79,"column":0},"end":{"line":79,"column":20}}},"fnMap":{"0":{"name":"(anonymous_1)","decl":{"start":{"line":8,"column":2},"end":{"line":8,"column":14}},"loc":{"start":{"line":8,"column":58},"end":{"line":15,"column":3}}},"1":{"name":"(anonymous_2)","decl":{"start":{"line":17,"column":9},"end":{"line":17,"column":20}},"loc":{"start":{"line":17,"column":20},"end":{"line":19,"column":3}}},"2":{"name":"(anonymous_3)","decl":{"start":{"line":21,"column":9},"end":{"line":21,"column":29}},"loc":{"start":{"line":21,"column":42},"end":{"line":45,"column":3}}},"3":{"name":"(anonymous_4)","decl":{"start":{"line":26,"column":17},"end":{"line":26,"column":18}},"loc":{"start":{"line":26,"column":25},"end":{"line":44,"column":5}}},"4":{"name":"(anonymous_5)","decl":{"start":{"line":47,"column":9},"end":{"line":47,"column":23}},"loc":{"start":{"line":47,"column":36},"end":{"line":76,"column":3}}},"5":{"name":"(anonymous_6)","decl":{"start":{"line":54,"column":17},"end":{"line":54,"column":18}},"loc":{"start":{"line":54,"column":25},"end":{"line":74,"column":5}}}},"branchMap":{"0":{"loc":{"start":{"line":12,"column":9},"end":{"line":12,"column":59}},"type":"cond-expr","locations":[{"start":{"line":12,"column":29},"end":{"line":12,"column":32}},{"start":{"line":12,"column":35},"end":{"line":12,"column":59}}]},"1":{"loc":{"start":{"line":12,"column":35},"end":{"line":12,"column":59}},"type":"binary-expr","locations":[{"start":{"line":12,"column":35},"end":{"line":12,"column":52}},{"start":{"line":12,"column":56},"end":{"line":12,"column":59}}]},"2":{"loc":{"start":{"line":13,"column":6},"end":{"line":13,"column":37}},"type":"cond-expr","locations":[{"start":{"line":13,"column":26},"end":{"line":13,"column":30}},{"start":{"line":13,"column":33},"end":{"line":13,"column":37}}]},"3":{"loc":{"start":{"line":30,"column":8},"end":{"line":42,"column":9}},"type":"if","locations":[{"start":{"line":30,"column":8},"end":{"line":42,"column":9}}]},"4":{"loc":{"start":{"line":31,"column":10},"end":{"line":35,"column":11}},"type":"if","locations":[{"start":{"line":31,"column":10},"end":{"line":35,"column":11}},{"start":{"line":33,"column":17},"end":{"line":35,"column":11}}]},"5":{"loc":{"start":{"line":37,"column":10},"end":{"line":41,"column":11}},"type":"if","locations":[{"start":{"line":37,"column":10},"end":{"line":41,"column":11}},{"start":{"line":39,"column":17},"end":{"line":41,"column":11}}]},"6":{"loc":{"start":{"line":59,"column":8},"end":{"line":72,"column":9}},"type":"if","locations":[{"start":{"line":59,"column":8},"end":{"line":72,"column":9}},{"start":{"line":68,"column":15},"end":{"line":72,"column":9}}]},"7":{"loc":{"start":{"line":64,"column":10},"end":{"line":67,"column":11}},"type":"if","locations":[{"start":{"line":64,"column":10},"end":{"line":67,"column":11}}]},"8":{"loc":{"start":{"line":66,"column":12},"end":{"line":66,"column":35}},"type":"binary-expr","locations":[{"start":{"line":66,"column":12},"end":{"line":66,"column":15}},{"start":{"line":66,"column":19},"end":{"line":66,"column":35}}]},"9":{"loc":{"start":{"line":70,"column":10},"end":{"line":70,"column":33}},"type":"binary-expr","locations":[{"start":{"line":70,"column":10},"end":{"line":70,"column":13}},{"start":{"line":70,"column":17},"end":{"line":70,"column":33}}]}},"s":{"0":4,"1":13,"2":13,"3":0,"4":0,"5":0,"6":0,"7":0,"8":0,"9":0,"10":0,"11":0,"12":0,"13":0,"14":0,"15":0,"16":0,"17":0,"18":0,"19":0,"20":0,"21":0,"22":0,"23":0,"24":0,"25":0,"26":0,"27":0,"28":0,"29":0,"30":0,"31":0,"32":0,"33":0,"34":0,"35":0,"36":0,"37":0,"38":0,"39":0,"40":0,"41":4},"f":{"0":13,"1":0,"2":0,"3":0,"4":0,"5":0},"b":{"0":[7,6],"1":[6,6],"2":[7,6],"3":[0],"4":[0,0],"5":[0,0],"6":[0,0],"7":[0],"8":[0,0],"9":[0,0]}}
,"C:\\CodeProjects\\Apps\\Chess\\server\\src\\Models\\Square.ts": {"path":"C:\\CodeProjects\\Apps\\Chess\\server\\src\\Models\\Square.ts","statementMap":{"0":{"start":{"line":5,"column":0},"end":{"line":5,"column":36}},"1":{"start":{"line":11,"column":37},"end":{"line":11,"column":46}},"2":{"start":{"line":13,"column":41},"end":{"line":13,"column":46}},"3":{"start":{"line":14,"column":41},"end":{"line":14,"column":46}},"4":{"start":{"line":15,"column":57},"end":{"line":15,"column":null}},"5":{"start":{"line":26,"column":4},"end":{"line":26,"column":29}},"6":{"start":{"line":27,"column":4},"end":{"line":27,"column":29}},"7":{"start":{"line":28,"column":4},"end":{"line":28,"column":33}},"8":{"start":{"line":29,"column":4},"end":{"line":29,"column":23}},"9":{"start":{"line":30,"column":4},"end":{"line":30,"column":31}},"10":{"start":{"line":34,"column":20},"end":{"line":34,"column":38}},"11":{"start":{"line":35,"column":34},"end":{"line":35,"column":66}},"12":{"start":{"line":36,"column":4},"end":{"line":49,"column":7}},"13":{"start":{"line":37,"column":19},"end":{"line":37,"column":65}},"14":{"start":{"line":38,"column":19},"end":{"line":38,"column":65}},"15":{"start":{"line":39,"column":6},"end":{"line":48,"column":7}},"16":{"start":{"line":45,"column":8},"end":{"line":45,"column":61}},"17":{"start":{"line":47,"column":8},"end":{"line":47,"column":51}},"18":{"start":{"line":53,"column":4},"end":{"line":53,"column":28}},"19":{"start":{"line":57,"column":4},"end":{"line":57,"column":25}},"20":{"start":{"line":61,"column":4},"end":{"line":61,"column":25}},"21":{"start":{"line":65,"column":4},"end":{"line":65,"column":27}},"22":{"start":{"line":69,"column":4},"end":{"line":69,"column":33}},"23":{"start":{"line":73,"column":4},"end":{"line":73,"column":22}},"24":{"start":{"line":77,"column":4},"end":{"line":77,"column":23}},"25":{"start":{"line":81,"column":4},"end":{"line":81,"column":22}},"26":{"start":{"line":85,"column":4},"end":{"line":85,"column":36}},"27":{"start":{"line":89,"column":4},"end":{"line":89,"column":36}},"28":{"start":{"line":93,"column":4},"end":{"line":93,"column":36}},"29":{"start":{"line":97,"column":4},"end":{"line":97,"column":36}},"30":{"start":{"line":101,"column":0},"end":{"line":101,"column":22}},"31":{"start":{"line":103,"column":13},"end":{"line":112,"column":3}}},"fnMap":{"0":{"name":"(anonymous_0)","decl":{"start":{"line":20,"column":2},"end":{"line":20,"column":null}},"loc":{"start":{"line":24,"column":16},"end":{"line":31,"column":3}}},"1":{"name":"(anonymous_1)","decl":{"start":{"line":33,"column":9},"end":{"line":33,"column":23}},"loc":{"start":{"line":33,"column":36},"end":{"line":50,"column":3}}},"2":{"name":"(anonymous_2)","decl":{"start":{"line":36,"column":23},"end":{"line":36,"column":24}},"loc":{"start":{"line":36,"column":73},"end":{"line":49,"column":5}}},"3":{"name":"(anonymous_3)","decl":{"start":{"line":52,"column":9},"end":{"line":52,"column":23}},"loc":{"start":{"line":52,"column":23},"end":{"line":54,"column":3}}},"4":{"name":"(anonymous_4)","decl":{"start":{"line":56,"column":9},"end":{"line":56,"column":20}},"loc":{"start":{"line":56,"column":20},"end":{"line":58,"column":3}}},"5":{"name":"(anonymous_5)","decl":{"start":{"line":60,"column":9},"end":{"line":60,"column":20}},"loc":{"start":{"line":60,"column":20},"end":{"line":62,"column":3}}},"6":{"name":"(anonymous_6)","decl":{"start":{"line":64,"column":9},"end":{"line":64,"column":22}},"loc":{"start":{"line":64,"column":22},"end":{"line":66,"column":3}}},"7":{"name":"(anonymous_7)","decl":{"start":{"line":68,"column":9},"end":{"line":68,"column":22}},"loc":{"start":{"line":68,"column":42},"end":{"line":70,"column":3}}},"8":{"name":"(anonymous_8)","decl":{"start":{"line":72,"column":9},"end":{"line":72,"column":17}},"loc":{"start":{"line":72,"column":17},"end":{"line":74,"column":3}}},"9":{"name":"(anonymous_9)","decl":{"start":{"line":76,"column":9},"end":{"line":76,"column":17}},"loc":{"start":{"line":76,"column":30},"end":{"line":78,"column":3}}},"10":{"name":"(anonymous_10)","decl":{"start":{"line":80,"column":9},"end":{"line":80,"column":17}},"loc":{"start":{"line":80,"column":17},"end":{"line":82,"column":3}}},"11":{"name":"(anonymous_11)","decl":{"start":{"line":84,"column":9},"end":{"line":84,"column":31}},"loc":{"start":{"line":84,"column":31},"end":{"line":86,"column":3}}},"12":{"name":"(anonymous_12)","decl":{"start":{"line":88,"column":9},"end":{"line":88,"column":31}},"loc":{"start":{"line":88,"column":45},"end":{"line":90,"column":3}}},"13":{"name":"(anonymous_13)","decl":{"start":{"line":92,"column":9},"end":{"line":92,"column":31}},"loc":{"start":{"line":92,"column":31},"end":{"line":94,"column":3}}},"14":{"name":"(anonymous_14)","decl":{"start":{"line":96,"column":9},"end":{"line":96,"column":31}},"loc":{"start":{"line":96,"column":45},"end":{"line":98,"column":3}}}},"branchMap":{"0":{"loc":{"start":{"line":39,"column":6},"end":{"line":48,"column":7}},"type":"if","locations":[{"start":{"line":39,"column":6},"end":{"line":48,"column":7}},{"start":{"line":46,"column":13},"end":{"line":48,"column":7}}]},"1":{"loc":{"start":{"line":40,"column":8},"end":{"line":43,"column":35}},"type":"binary-expr","locations":[{"start":{"line":40,"column":8},"end":{"line":40,"column":17}},{"start":{"line":41,"column":8},"end":{"line":41,"column":29}},{"start":{"line":42,"column":8},"end":{"line":42,"column":17}},{"start":{"line":43,"column":8},"end":{"line":43,"column":35}}]}},"s":{"0":5,"1":192,"2":192,"3":192,"4":192,"5":192,"6":192,"7":192,"8":192,"9":192,"10":192,"11":192,"12":192,"13":1536,"14":1536,"15":1536,"16":1260,"17":276,"18":0,"19":0,"20":480,"21":0,"22":96,"23":256,"24":96,"25":0,"26":0,"27":0,"28":0,"29":0,"30":5,"31":5},"f":{"0":192,"1":192,"2":1536,"3":0,"4":0,"5":480,"6":0,"7":96,"8":256,"9":96,"10":0,"11":0,"12":0,"13":0,"14":0},"b":{"0":[1260,276],"1":[1536,1464,1392,1326]}}
,"C:\\CodeProjects\\Apps\\Chess\\server\\src\\Models\\StandardChess.ts": {"path":"C:\\CodeProjects\\Apps\\Chess\\server\\src\\Models\\StandardChess.ts","statementMap":{"0":{"start":{"line":1,"column":0},"end":{"line":1,"column":41}},"1":{"start":{"line":3,"column":0},"end":{"line":3,"column":57}},"2":{"start":{"line":6,"column":38},"end":{"line":6,"column":62}},"3":{"start":{"line":9,"column":4},"end":{"line":9,"column":36}},"4":{"start":{"line":13,"column":4},"end":{"line":13,"column":22}},"5":{"start":{"line":21,"column":4},"end":{"line":21,"column":47}},"6":{"start":{"line":25,"column":0},"end":{"line":25,"column":29}}},"fnMap":{"0":{"name":"(anonymous_1)","decl":{"start":{"line":8,"column":2},"end":{"line":8,"column":14}},"loc":{"start":{"line":8,"column":54},"end":{"line":10,"column":3}}},"1":{"name":"(anonymous_2)","decl":{"start":{"line":12,"column":9},"end":{"line":12,"column":17}},"loc":{"start":{"line":12,"column":17},"end":{"line":14,"column":3}}},"2":{"name":"(anonymous_3)","decl":{"start":{"line":16,"column":9},"end":{"line":16,"column":18}},"loc":{"start":{"line":16,"column":18},"end":{"line":16,"column":29}}},"3":{"name":"(anonymous_4)","decl":{"start":{"line":18,"column":9},"end":{"line":18,"column":17}},"loc":{"start":{"line":18,"column":17},"end":{"line":18,"column":28}}},"4":{"name":"(anonymous_5)","decl":{"start":{"line":20,"column":9},"end":{"line":20,"column":16}},"loc":{"start":{"line":20,"column":16},"end":{"line":22,"column":3}}}},"branchMap":{},"s":{"0":3,"1":3,"2":3,"3":3,"4":2,"5":0,"6":3},"f":{"0":3,"1":2,"2":0,"3":0,"4":0},"b":{}}
,"C:\\CodeProjects\\Apps\\Chess\\server\\src\\Models\\StandardChessBoard.ts": {"path":"C:\\CodeProjects\\Apps\\Chess\\server\\src\\Models\\StandardChessBoard.ts","statementMap":{"0":{"start":{"line":1,"column":0},"end":{"line":1,"column":33}},"1":{"start":{"line":2,"column":0},"end":{"line":2,"column":31}},"2":{"start":{"line":3,"column":0},"end":{"line":3,"column":29}},"3":{"start":{"line":4,"column":0},"end":{"line":4,"column":33}},"4":{"start":{"line":5,"column":0},"end":{"line":5,"column":29}},"5":{"start":{"line":8,"column":0},"end":{"line":8,"column":37}},"6":{"start":{"line":9,"column":0},"end":{"line":9,"column":31}},"7":{"start":{"line":10,"column":0},"end":{"line":10,"column":29}},"8":{"start":{"line":11,"column":0},"end":{"line":11,"column":33}},"9":{"start":{"line":14,"column":32},"end":{"line":16,"column":24}},"10":{"start":{"line":16,"column":15},"end":{"line":16,"column":23}},"11":{"start":{"line":17,"column":35},"end":{"line":17,"column":46}},"12":{"start":{"line":20,"column":4},"end":{"line":20,"column":12}},"13":{"start":{"line":21,"column":4},"end":{"line":21,"column":23}},"14":{"start":{"line":22,"column":4},"end":{"line":22,"column":22}},"15":{"start":{"line":26,"column":4},"end":{"line":36,"column":5}},"16":{"start":{"line":26,"column":17},"end":{"line":26,"column":18}},"17":{"start":{"line":27,"column":6},"end":{"line":35,"column":7}},"18":{"start":{"line":27,"column":19},"end":{"line":27,"column":20}},"19":{"start":{"line":28,"column":25},"end":{"line":28,"column":75}},"20":{"start":{"line":29,"column":8},"end":{"line":34,"column":10}},"21":{"start":{"line":40,"column":4},"end":{"line":148,"column":5}},"22":{"start":{"line":40,"column":17},"end":{"line":40,"column":18}},"23":{"start":{"line":41,"column":6},"end":{"line":147,"column":7}},"24":{"start":{"line":41,"column":19},"end":{"line":41,"column":20}},"25":{"start":{"line":42,"column":21},"end":{"line":42,"column":39}},"26":{"start":{"line":43,"column":19},"end":{"line":43,"column":49}},"27":{"start":{"line":44,"column":19},"end":{"line":44,"column":49}},"28":{"start":{"line":46,"column":8},"end":{"line":90,"column":9}},"29":{"start":{"line":47,"column":10},"end":{"line":88,"column":11}},"30":{"start":{"line":49,"column":14},"end":{"line":51,"column":16}},"31":{"start":{"line":52,"column":14},"end":{"line":52,"column":20}},"32":{"start":{"line":54,"column":14},"end":{"line":56,"column":16}},"33":{"start":{"line":57,"column":14},"end":{"line":57,"column":20}},"34":{"start":{"line":59,"column":14},"end":{"line":61,"column":16}},"35":{"start":{"line":62,"column":14},"end":{"line":62,"column":20}},"36":{"start":{"line":64,"column":14},"end":{"line":66,"column":16}},"37":{"start":{"line":67,"column":14},"end":{"line":67,"column":20}},"38":{"start":{"line":69,"column":14},"end":{"line":71,"column":16}},"39":{"start":{"line":72,"column":14},"end":{"line":72,"column":20}},"40":{"start":{"line":74,"column":14},"end":{"line":76,"column":16}},"41":{"start":{"line":77,"column":14},"end":{"line":77,"column":20}},"42":{"start":{"line":79,"column":14},"end":{"line":81,"column":16}},"43":{"start":{"line":82,"column":14},"end":{"line":82,"column":20}},"44":{"start":{"line":84,"column":14},"end":{"line":86,"column":16}},"45":{"start":{"line":87,"column":14},"end":{"line":87,"column":20}},"46":{"start":{"line":89,"column":10},"end":{"line":89,"column":49}},"47":{"start":{"line":92,"column":8},"end":{"line":95,"column":9}},"48":{"start":{"line":93,"column":10},"end":{"line":93,"column":79}},"49":{"start":{"line":94,"column":10},"end":{"line":94,"column":49}},"50":{"start":{"line":97,"column":8},"end":{"line":100,"column":9}},"51":{"start":{"line":98,"column":10},"end":{"line":98,"column":79}},"52":{"start":{"line":99,"column":10},"end":{"line":99,"column":49}},"53":{"start":{"line":102,"column":8},"end":{"line":146,"column":9}},"54":{"start":{"line":103,"column":10},"end":{"line":144,"column":11}},"55":{"start":{"line":105,"column":14},"end":{"line":107,"column":16}},"56":{"start":{"line":108,"column":14},"end":{"line":108,"column":20}},"57":{"start":{"line":110,"column":14},"end":{"line":112,"column":16}},"58":{"start":{"line":113,"column":14},"end":{"line":113,"column":20}},"59":{"start":{"line":115,"column":14},"end":{"line":117,"column":16}},"60":{"start":{"line":118,"column":14},"end":{"line":118,"column":20}},"61":{"start":{"line":120,"column":14},"end":{"line":122,"column":16}},"62":{"start":{"line":123,"column":14},"end":{"line":123,"column":20}},"63":{"start":{"line":125,"column":14},"end":{"line":127,"column":16}},"64":{"start":{"line":128,"column":14},"end":{"line":128,"column":20}},"65":{"start":{"line":130,"column":14},"end":{"line":132,"column":16}},"66":{"start":{"line":133,"column":14},"end":{"line":133,"column":20}},"67":{"start":{"line":135,"column":14},"end":{"line":137,"column":16}},"68":{"start":{"line":138,"column":14},"end":{"line":138,"column":20}},"69":{"start":{"line":140,"column":14},"end":{"line":142,"column":16}},"70":{"start":{"line":143,"column":14},"end":{"line":143,"column":20}},"71":{"start":{"line":145,"column":10},"end":{"line":145,"column":49}},"72":{"start":{"line":154,"column":4},"end":{"line":154,"column":24}},"73":{"start":{"line":158,"column":20},"end":{"line":158,"column":32}},"74":{"start":{"line":159,"column":4},"end":{"line":172,"column":5}},"75":{"start":{"line":159,"column":17},"end":{"line":159,"column":18}},"76":{"start":{"line":160,"column":6},"end":{"line":171,"column":7}},"77":{"start":{"line":160,"column":19},"end":{"line":160,"column":20}},"78":{"start":{"line":161,"column":23},"end":{"line":161,"column":36}},"79":{"start":{"line":162,"column":21},"end":{"line":162,"column":39}},"80":{"start":{"line":163,"column":21},"end":{"line":163,"column":39}},"81":{"start":{"line":164,"column":27},"end":{"line":164,"column":57}},"82":{"start":{"line":165,"column":27},"end":{"line":165,"column":57}},"83":{"start":{"line":166,"column":28},"end":{"line":166,"column":47}},"84":{"start":{"line":167,"column":28},"end":{"line":167,"column":47}},"85":{"start":{"line":168,"column":8},"end":{"line":170,"column":9}},"86":{"start":{"line":169,"column":10},"end":{"line":169,"column":24}},"87":{"start":{"line":177,"column":4},"end":{"line":177,"column":45}},"88":{"start":{"line":178,"column":15},"end":{"line":178,"column":16}},"89":{"start":{"line":179,"column":4},"end":{"line":195,"column":5}},"90":{"start":{"line":179,"column":17},"end":{"line":179,"column":18}},"91":{"start":{"line":180,"column":22},"end":{"line":180,"column":24}},"92":{"start":{"line":181,"column":20},"end":{"line":181,"column":37}},"93":{"start":{"line":182,"column":6},"end":{"line":190,"column":7}},"94":{"start":{"line":182,"column":22},"end":{"line":182,"column":23}},"95":{"start":{"line":183,"column":27},"end":{"line":183,"column":57}},"96":{"start":{"line":185,"column":8},"end":{"line":189,"column":9}},"97":{"start":{"line":186,"column":10},"end":{"line":186,"column":71}},"98":{"start":{"line":188,"column":10},"end":{"line":188,"column":31}},"99":{"start":{"line":191,"column":6},"end":{"line":193,"column":8}},"100":{"start":{"line":194,"column":6},"end":{"line":194,"column":13}},"101":{"start":{"line":196,"column":4},"end":{"line":196,"column":45}},"102":{"start":{"line":200,"column":0},"end":{"line":200,"column":34}},"103":{"start":{"line":202,"column":13},"end":{"line":211,"column":3}},"104":{"start":{"line":213,"column":13},"end":{"line":222,"column":3}},"105":{"start":{"line":224,"column":13},"end":{"line":257,"column":3}},"106":{"start":{"line":259,"column":20},"end":{"line":265,"column":1}},"107":{"start":{"line":264,"column":2},"end":{"line":264,"column":19}}},"fnMap":{"0":{"name":"(anonymous_1)","decl":{"start":{"line":16,"column":9},"end":{"line":16,"column":12}},"loc":{"start":{"line":16,"column":15},"end":{"line":16,"column":23}}},"1":{"name":"(anonymous_2)","decl":{"start":{"line":19,"column":2},"end":{"line":19,"column":null}},"loc":{"start":{"line":19,"column":2},"end":{"line":23,"column":3}}},"2":{"name":"(anonymous_3)","decl":{"start":{"line":25,"column":9},"end":{"line":25,"column":20}},"loc":{"start":{"line":25,"column":20},"end":{"line":37,"column":3}}},"3":{"name":"(anonymous_4)","decl":{"start":{"line":39,"column":9},"end":{"line":39,"column":19}},"loc":{"start":{"line":39,"column":19},"end":{"line":149,"column":3}}},"4":{"name":"(anonymous_5)","decl":{"start":{"line":151,"column":9},"end":{"line":151,"column":27}},"loc":{"start":{"line":151,"column":27},"end":{"line":151,"column":38}}},"5":{"name":"(anonymous_6)","decl":{"start":{"line":153,"column":9},"end":{"line":153,"column":19}},"loc":{"start":{"line":153,"column":19},"end":{"line":155,"column":3}}},"6":{"name":"(anonymous_7)","decl":{"start":{"line":157,"column":9},"end":{"line":157,"column":18}},"loc":{"start":{"line":157,"column":37},"end":{"line":173,"column":3}}},"7":{"name":"(anonymous_8)","decl":{"start":{"line":176,"column":9},"end":{"line":176,"column":19}},"loc":{"start":{"line":176,"column":19},"end":{"line":197,"column":3}}},"8":{"name":"(anonymous_9)","decl":{"start":{"line":259,"column":20},"end":{"line":259,"column":null}},"loc":{"start":{"line":263,"column":21},"end":{"line":265,"column":1}}}},"branchMap":{"0":{"loc":{"start":{"line":32,"column":10},"end":{"line":32,"column":40}},"type":"cond-expr","locations":[{"start":{"line":32,"column":24},"end":{"line":32,"column":31}},{"start":{"line":32,"column":34},"end":{"line":32,"column":40}}]},"1":{"loc":{"start":{"line":46,"column":8},"end":{"line":90,"column":9}},"type":"if","locations":[{"start":{"line":46,"column":8},"end":{"line":90,"column":9}}]},"2":{"loc":{"start":{"line":47,"column":10},"end":{"line":88,"column":11}},"type":"switch","locations":[{"start":{"line":48,"column":12},"end":{"line":52,"column":20}},{"start":{"line":53,"column":12},"end":{"line":57,"column":20}},{"start":{"line":58,"column":12},"end":{"line":62,"column":20}},{"start":{"line":63,"column":12},"end":{"line":67,"column":20}},{"start":{"line":68,"column":12},"end":{"line":72,"column":20}},{"start":{"line":73,"column":12},"end":{"line":77,"column":20}},{"start":{"line":78,"column":12},"end":{"line":82,"column":20}},{"start":{"line":83,"column":12},"end":{"line":87,"column":20}}]},"3":{"loc":{"start":{"line":92,"column":8},"end":{"line":95,"column":9}},"type":"if","locations":[{"start":{"line":92,"column":8},"end":{"line":95,"column":9}}]},"4":{"loc":{"start":{"line":97,"column":8},"end":{"line":100,"column":9}},"type":"if","locations":[{"start":{"line":97,"column":8},"end":{"line":100,"column":9}}]},"5":{"loc":{"start":{"line":102,"column":8},"end":{"line":146,"column":9}},"type":"if","locations":[{"start":{"line":102,"column":8},"end":{"line":146,"column":9}}]},"6":{"loc":{"start":{"line":103,"column":10},"end":{"line":144,"column":11}},"type":"switch","locations":[{"start":{"line":104,"column":12},"end":{"line":108,"column":20}},{"start":{"line":109,"column":12},"end":{"line":113,"column":20}},{"start":{"line":114,"column":12},"end":{"line":118,"column":20}},{"start":{"line":119,"column":12},"end":{"line":123,"column":20}},{"start":{"line":124,"column":12},"end":{"line":128,"column":20}},{"start":{"line":129,"column":12},"end":{"line":133,"column":20}},{"start":{"line":134,"column":12},"end":{"line":138,"column":20}},{"start":{"line":139,"column":12},"end":{"line":143,"column":20}}]},"7":{"loc":{"start":{"line":168,"column":8},"end":{"line":170,"column":9}},"type":"if","locations":[{"start":{"line":168,"column":8},"end":{"line":170,"column":9}}]},"8":{"loc":{"start":{"line":168,"column":12},"end":{"line":168,"column":38}},"type":"binary-expr","locations":[{"start":{"line":168,"column":12},"end":{"line":168,"column":23}},{"start":{"line":168,"column":27},"end":{"line":168,"column":38}}]},"9":{"loc":{"start":{"line":185,"column":8},"end":{"line":189,"column":9}},"type":"if","locations":[{"start":{"line":185,"column":8},"end":{"line":189,"column":9}},{"start":{"line":187,"column":15},"end":{"line":189,"column":9}}]}},"s":{"0":3,"1":3,"2":3,"3":3,"4":3,"5":3,"6":3,"7":3,"8":3,"9":3,"10":24,"11":3,"12":3,"13":3,"14":3,"15":3,"16":3,"17":24,"18":24,"19":192,"20":192,"21":3,"22":3,"23":24,"24":24,"25":192,"26":192,"27":192,"28":192,"29":24,"30":3,"31":3,"32":3,"33":3,"34":3,"35":3,"36":3,"37":3,"38":3,"39":3,"40":3,"41":3,"42":3,"43":3,"44":3,"45":3,"46":24,"47":192,"48":24,"49":24,"50":192,"51":24,"52":24,"53":192,"54":24,"55":3,"56":3,"57":3,"58":3,"59":3,"60":3,"61":3,"62":3,"63":3,"64":3,"65":3,"66":3,"67":3,"68":3,"69":3,"70":3,"71":24,"72":610,"73":0,"74":0,"75":0,"76":0,"77":0,"78":0,"79":0,"80":0,"81":0,"82":0,"83":0,"84":0,"85":0,"86":0,"87":0,"88":0,"89":0,"90":0,"91":0,"92":0,"93":0,"94":0,"95":0,"96":0,"97":0,"98":0,"99":0,"100":0,"101":0,"102":3,"103":3,"104":3,"105":3,"106":3,"107":0},"f":{"0":24,"1":3,"2":3,"3":3,"4":0,"5":610,"6":0,"7":0,"8":0},"b":{"0":[0,192],"1":[24],"2":[3,3,3,3,3,3,3,3],"3":[24],"4":[24],"5":[24],"6":[3,3,3,3,3,3,3,3],"7":[0],"8":[0,0],"9":[0,0]}}
,"C:\\CodeProjects\\Apps\\Chess\\server\\src\\Models\\Time.ts": {"path":"C:\\CodeProjects\\Apps\\Chess\\server\\src\\Models\\Time.ts","statementMap":{"0":{"start":{"line":7,"column":4},"end":{"line":7,"column":23}},"1":{"start":{"line":8,"column":4},"end":{"line":8,"column":27}},"2":{"start":{"line":9,"column":4},"end":{"line":9,"column":27}},"3":{"start":{"line":13,"column":4},"end":{"line":13,"column":59}},"4":{"start":{"line":17,"column":4},"end":{"line":17,"column":22}},"5":{"start":{"line":21,"column":4},"end":{"line":21,"column":24}},"6":{"start":{"line":25,"column":4},"end":{"line":25,"column":24}}},"fnMap":{"0":{"name":"(anonymous_0)","decl":{"start":{"line":6,"column":2},"end":{"line":6,"column":14}},"loc":{"start":{"line":6,"column":61},"end":{"line":10,"column":3}}},"1":{"name":"(anonymous_1)","decl":{"start":{"line":12,"column":9},"end":{"line":12,"column":22}},"loc":{"start":{"line":12,"column":22},"end":{"line":14,"column":3}}},"2":{"name":"(anonymous_2)","decl":{"start":{"line":16,"column":9},"end":{"line":16,"column":17}},"loc":{"start":{"line":16,"column":17},"end":{"line":18,"column":3}}},"3":{"name":"(anonymous_3)","decl":{"start":{"line":20,"column":9},"end":{"line":20,"column":19}},"loc":{"start":{"line":20,"column":19},"end":{"line":22,"column":3}}},"4":{"name":"(anonymous_4)","decl":{"start":{"line":24,"column":9},"end":{"line":24,"column":19}},"loc":{"start":{"line":24,"column":19},"end":{"line":26,"column":3}}}},"branchMap":{},"s":{"0":0,"1":0,"2":0,"3":0,"4":0,"5":0,"6":0},"f":{"0":0,"1":0,"2":0,"3":0,"4":0},"b":{}}
,"C:\\CodeProjects\\Apps\\Chess\\server\\src\\Models\\TimeControl.ts": {"path":"C:\\CodeProjects\\Apps\\Chess\\server\\src\\Models\\TimeControl.ts","statementMap":{"0":{"start":{"line":8,"column":4},"end":{"line":8,"column":21}},"1":{"start":{"line":9,"column":4},"end":{"line":9,"column":31}},"2":{"start":{"line":13,"column":4},"end":{"line":13,"column":21}},"3":{"start":{"line":17,"column":4},"end":{"line":17,"column":26}},"4":{"start":{"line":23,"column":33},"end":{"line":35,"column":2}}},"fnMap":{"0":{"name":"(anonymous_0)","decl":{"start":{"line":7,"column":2},"end":{"line":7,"column":14}},"loc":{"start":{"line":7,"column":43},"end":{"line":10,"column":3}}},"1":{"name":"(anonymous_1)","decl":{"start":{"line":12,"column":9},"end":{"line":12,"column":16}},"loc":{"start":{"line":12,"column":16},"end":{"line":14,"column":3}}},"2":{"name":"(anonymous_2)","decl":{"start":{"line":16,"column":9},"end":{"line":16,"column":21}},"loc":{"start":{"line":16,"column":21},"end":{"line":18,"column":3}}}},"branchMap":{},"s":{"0":0,"1":0,"2":0,"3":0,"4":0},"f":{"0":0,"1":0,"2":0},"b":{}}
,"C:\\CodeProjects\\Apps\\Chess\\server\\src\\utils\\utils.ts": {"path":"C:\\CodeProjects\\Apps\\Chess\\server\\src\\utils\\utils.ts","statementMap":{"0":{"start":{"line":2,"column":2},"end":{"line":2,"column":57}}},"fnMap":{"0":{"name":"genId","decl":{"start":{"line":1,"column":16},"end":{"line":1,"column":21}},"loc":{"start":{"line":1,"column":21},"end":{"line":3,"column":1}}}},"branchMap":{},"s":{"0":0},"f":{"0":0},"b":{}}
}
