{"C:\\CodeProjects\\Apps\\Chess\\server\\src\\chatroomHandler.ts": {"path":"C:\\CodeProjects\\Apps\\Chess\\server\\src\\chatroomHandler.ts","statementMap":{"0":{"start":{"line":1,"column":27},"end":{"line":27,"column":1}},"1":{"start":{"line":2,"column":2},"end":{"line":2,"column":75}},"2":{"start":{"line":3,"column":2},"end":{"line":10,"column":5}},"3":{"start":{"line":4,"column":4},"end":{"line":9,"column":5}},"4":{"start":{"line":5,"column":6},"end":{"line":5,"column":28}},"5":{"start":{"line":6,"column":6},"end":{"line":6,"column":73}},"6":{"start":{"line":8,"column":6},"end":{"line":8,"column":52}},"7":{"start":{"line":11,"column":2},"end":{"line":18,"column":5}},"8":{"start":{"line":12,"column":4},"end":{"line":17,"column":5}},"9":{"start":{"line":13,"column":6},"end":{"line":13,"column":28}},"10":{"start":{"line":14,"column":6},"end":{"line":14,"column":72}},"11":{"start":{"line":16,"column":6},"end":{"line":16,"column":51}},"12":{"start":{"line":19,"column":2},"end":{"line":26,"column":5}},"13":{"start":{"line":20,"column":4},"end":{"line":25,"column":5}},"14":{"start":{"line":21,"column":6},"end":{"line":21,"column":29}},"15":{"start":{"line":22,"column":6},"end":{"line":22,"column":70}},"16":{"start":{"line":24,"column":6},"end":{"line":24,"column":51}}},"fnMap":{"0":{"name":"(anonymous_0)","decl":{"start":{"line":1,"column":27},"end":{"line":1,"column":28}},"loc":{"start":{"line":1,"column":43},"end":{"line":27,"column":1}}},"1":{"name":"(anonymous_1)","decl":{"start":{"line":3,"column":30},"end":{"line":3,"column":31}},"loc":{"start":{"line":3,"column":51},"end":{"line":10,"column":3}}},"2":{"name":"(anonymous_2)","decl":{"start":{"line":11,"column":28},"end":{"line":11,"column":29}},"loc":{"start":{"line":11,"column":49},"end":{"line":18,"column":3}}},"3":{"name":"(anonymous_3)","decl":{"start":{"line":19,"column":29},"end":{"line":19,"column":30}},"loc":{"start":{"line":19,"column":50},"end":{"line":26,"column":3}}}},"branchMap":{},"s":{"0":0,"1":0,"2":0,"3":0,"4":0,"5":0,"6":0,"7":0,"8":0,"9":0,"10":0,"11":0,"12":0,"13":0,"14":0,"15":0,"16":0},"f":{"0":0,"1":0,"2":0,"3":0},"b":{}}
,"C:\\CodeProjects\\Apps\\Chess\\server\\src\\gameroomHandler.ts": {"path":"C:\\CodeProjects\\Apps\\Chess\\server\\src\\gameroomHandler.ts","statementMap":{"0":{"start":{"line":1,"column":31},"end":{"line":27,"column":1}},"1":{"start":{"line":2,"column":2},"end":{"line":2,"column":79}},"2":{"start":{"line":3,"column":2},"end":{"line":10,"column":5}},"3":{"start":{"line":4,"column":4},"end":{"line":9,"column":5}},"4":{"start":{"line":5,"column":6},"end":{"line":5,"column":28}},"5":{"start":{"line":6,"column":6},"end":{"line":6,"column":73}},"6":{"start":{"line":8,"column":6},"end":{"line":8,"column":52}},"7":{"start":{"line":11,"column":2},"end":{"line":18,"column":5}},"8":{"start":{"line":12,"column":4},"end":{"line":17,"column":5}},"9":{"start":{"line":13,"column":6},"end":{"line":13,"column":28}},"10":{"start":{"line":14,"column":6},"end":{"line":14,"column":72}},"11":{"start":{"line":16,"column":6},"end":{"line":16,"column":51}},"12":{"start":{"line":19,"column":2},"end":{"line":26,"column":5}},"13":{"start":{"line":20,"column":4},"end":{"line":25,"column":5}},"14":{"start":{"line":21,"column":6},"end":{"line":21,"column":29}},"15":{"start":{"line":22,"column":6},"end":{"line":22,"column":70}},"16":{"start":{"line":24,"column":6},"end":{"line":24,"column":51}}},"fnMap":{"0":{"name":"(anonymous_0)","decl":{"start":{"line":1,"column":31},"end":{"line":1,"column":32}},"loc":{"start":{"line":1,"column":47},"end":{"line":27,"column":1}}},"1":{"name":"(anonymous_1)","decl":{"start":{"line":3,"column":30},"end":{"line":3,"column":31}},"loc":{"start":{"line":3,"column":51},"end":{"line":10,"column":3}}},"2":{"name":"(anonymous_2)","decl":{"start":{"line":11,"column":28},"end":{"line":11,"column":29}},"loc":{"start":{"line":11,"column":49},"end":{"line":18,"column":3}}},"3":{"name":"(anonymous_3)","decl":{"start":{"line":19,"column":29},"end":{"line":19,"column":30}},"loc":{"start":{"line":19,"column":50},"end":{"line":26,"column":3}}}},"branchMap":{},"s":{"0":0,"1":0,"2":0,"3":0,"4":0,"5":0,"6":0,"7":0,"8":0,"9":0,"10":0,"11":0,"12":0,"13":0,"14":0,"15":0,"16":0},"f":{"0":0,"1":0,"2":0,"3":0},"b":{}}
,"C:\\CodeProjects\\Apps\\Chess\\server\\src\\index.ts": {"path":"C:\\CodeProjects\\Apps\\Chess\\server\\src\\index.ts","statementMap":{"0":{"start":{"line":11,"column":12},"end":{"line":11,"column":21}},"1":{"start":{"line":12,"column":15},"end":{"line":12,"column":32}},"2":{"start":{"line":13,"column":18},"end":{"line":17,"column":2}},"3":{"start":{"line":18,"column":13},"end":{"line":18,"column":37}},"4":{"start":{"line":20,"column":0},"end":{"line":22,"column":3}},"5":{"start":{"line":21,"column":2},"end":{"line":21,"column":27}},"6":{"start":{"line":24,"column":0},"end":{"line":26,"column":3}},"7":{"start":{"line":25,"column":2},"end":{"line":25,"column":68}},"8":{"start":{"line":29,"column":0},"end":{"line":29,"column":36}}},"fnMap":{"0":{"name":"(anonymous_0)","decl":{"start":{"line":20,"column":13},"end":{"line":20,"column":14}},"loc":{"start":{"line":20,"column":45},"end":{"line":22,"column":1}}},"1":{"name":"(anonymous_1)","decl":{"start":{"line":24,"column":20},"end":{"line":24,"column":23}},"loc":{"start":{"line":24,"column":25},"end":{"line":26,"column":1}}},"2":{"name":"(anonymous_2)","decl":{"start":{"line":29,"column":20},"end":{"line":29,"column":21}},"loc":{"start":{"line":29,"column":31},"end":{"line":29,"column":34}}}},"branchMap":{"0":{"loc":{"start":{"line":18,"column":13},"end":{"line":18,"column":37}},"type":"binary-expr","locations":[{"start":{"line":18,"column":13},"end":{"line":18,"column":29}},{"start":{"line":18,"column":33},"end":{"line":18,"column":37}}]}},"s":{"0":0,"1":0,"2":0,"3":0,"4":0,"5":0,"6":0,"7":0,"8":0},"f":{"0":0,"1":0,"2":0},"b":{"0":[0,0]}}
,"C:\\CodeProjects\\Apps\\Chess\\server\\src\\lobbyHandler.ts": {"path":"C:\\CodeProjects\\Apps\\Chess\\server\\src\\lobbyHandler.ts","statementMap":{"0":{"start":{"line":8,"column":28},"end":{"line":36,"column":1}},"1":{"start":{"line":9,"column":2},"end":{"line":9,"column":76}},"2":{"start":{"line":10,"column":2},"end":{"line":19,"column":5}},"3":{"start":{"line":11,"column":4},"end":{"line":18,"column":5}},"4":{"start":{"line":12,"column":6},"end":{"line":12,"column":35}},"5":{"start":{"line":13,"column":6},"end":{"line":13,"column":77}},"6":{"start":{"line":14,"column":6},"end":{"line":14,"column":80}},"7":{"start":{"line":15,"column":6},"end":{"line":15,"column":41}},"8":{"start":{"line":17,"column":6},"end":{"line":17,"column":49}},"9":{"start":{"line":20,"column":2},"end":{"line":27,"column":5}},"10":{"start":{"line":21,"column":4},"end":{"line":26,"column":5}},"11":{"start":{"line":22,"column":6},"end":{"line":22,"column":25}},"12":{"start":{"line":23,"column":6},"end":{"line":23,"column":66}},"13":{"start":{"line":25,"column":6},"end":{"line":25,"column":48}},"14":{"start":{"line":28,"column":2},"end":{"line":35,"column":5}},"15":{"start":{"line":29,"column":4},"end":{"line":34,"column":5}},"16":{"start":{"line":30,"column":6},"end":{"line":30,"column":26}},"17":{"start":{"line":31,"column":6},"end":{"line":31,"column":64}},"18":{"start":{"line":33,"column":6},"end":{"line":33,"column":48}}},"fnMap":{"0":{"name":"(anonymous_0)","decl":{"start":{"line":8,"column":28},"end":{"line":8,"column":29}},"loc":{"start":{"line":8,"column":44},"end":{"line":36,"column":1}}},"1":{"name":"(anonymous_1)","decl":{"start":{"line":10,"column":27},"end":{"line":10,"column":28}},"loc":{"start":{"line":10,"column":48},"end":{"line":19,"column":3}}},"2":{"name":"(anonymous_2)","decl":{"start":{"line":20,"column":25},"end":{"line":20,"column":26}},"loc":{"start":{"line":20,"column":43},"end":{"line":27,"column":3}}},"3":{"name":"(anonymous_3)","decl":{"start":{"line":28,"column":26},"end":{"line":28,"column":27}},"loc":{"start":{"line":28,"column":44},"end":{"line":35,"column":3}}}},"branchMap":{},"s":{"0":0,"1":0,"2":0,"3":0,"4":0,"5":0,"6":0,"7":0,"8":0,"9":0,"10":0,"11":0,"12":0,"13":0,"14":0,"15":0,"16":0,"17":0,"18":0},"f":{"0":0,"1":0,"2":0,"3":0},"b":{}}
,"C:\\CodeProjects\\Apps\\Chess\\server\\src\\mainHandler.ts": {"path":"C:\\CodeProjects\\Apps\\Chess\\server\\src\\mainHandler.ts","statementMap":{"0":{"start":{"line":1,"column":27},"end":{"line":3,"column":1}},"1":{"start":{"line":2,"column":2},"end":{"line":2,"column":75}}},"fnMap":{"0":{"name":"(anonymous_0)","decl":{"start":{"line":1,"column":27},"end":{"line":1,"column":28}},"loc":{"start":{"line":1,"column":43},"end":{"line":3,"column":1}}}},"branchMap":{},"s":{"0":0,"1":0},"f":{"0":0},"b":{}}
,"C:\\CodeProjects\\Apps\\Chess\\server\\src\\manual-test.ts": {"path":"C:\\CodeProjects\\Apps\\Chess\\server\\src\\manual-test.ts","statementMap":{"0":{"start":{"line":7,"column":14},"end":{"line":7,"column":72}},"1":{"start":{"line":9,"column":14},"end":{"line":9,"column":30}},"2":{"start":{"line":11,"column":0},"end":{"line":11,"column":19}},"3":{"start":{"line":12,"column":0},"end":{"line":12,"column":41}}},"fnMap":{},"branchMap":{},"s":{"0":0,"1":0,"2":0,"3":0},"f":{},"b":{}}
,"C:\\CodeProjects\\Apps\\Chess\\server\\src\\Models\\Bishop.ts": {"path":"C:\\CodeProjects\\Apps\\Chess\\server\\src\\Models\\Bishop.ts","statementMap":{"0":{"start":{"line":1,"column":0},"end":{"line":1,"column":31}},"1":{"start":{"line":6,"column":4},"end":{"line":11,"column":6}},"2":{"start":{"line":15,"column":0},"end":{"line":15,"column":22}}},"fnMap":{"0":{"name":"(anonymous_1)","decl":{"start":{"line":5,"column":2},"end":{"line":5,"column":14}},"loc":{"start":{"line":5,"column":75},"end":{"line":12,"column":3}}}},"branchMap":{"0":{"loc":{"start":{"line":10,"column":9},"end":{"line":10,"column":59}},"type":"cond-expr","locations":[{"start":{"line":10,"column":29},"end":{"line":10,"column":32}},{"start":{"line":10,"column":35},"end":{"line":10,"column":59}}]},"1":{"loc":{"start":{"line":10,"column":35},"end":{"line":10,"column":59}},"type":"binary-expr","locations":[{"start":{"line":10,"column":35},"end":{"line":10,"column":52}},{"start":{"line":10,"column":56},"end":{"line":10,"column":59}}]}},"s":{"0":2,"1":8,"2":2},"f":{"0":8},"b":{"0":[4,4],"1":[4,4]}}
,"C:\\CodeProjects\\Apps\\Chess\\server\\src\\Models\\Board.ts": {"path":"C:\\CodeProjects\\Apps\\Chess\\server\\src\\Models\\Board.ts","statementMap":{"0":{"start":{"line":1,"column":0},"end":{"line":1,"column":42}},"1":{"start":{"line":10,"column":4},"end":{"line":10,"column":27}},"2":{"start":{"line":14,"column":4},"end":{"line":14,"column":24}},"3":{"start":{"line":23,"column":0},"end":{"line":23,"column":21}}},"fnMap":{"0":{"name":"(anonymous_0)","decl":{"start":{"line":9,"column":2},"end":{"line":9,"column":null}},"loc":{"start":{"line":9,"column":2},"end":{"line":11,"column":3}}},"1":{"name":"(anonymous_1)","decl":{"start":{"line":13,"column":9},"end":{"line":13,"column":19}},"loc":{"start":{"line":13,"column":19},"end":{"line":15,"column":3}}}},"branchMap":{},"s":{"0":2,"1":2,"2":0,"3":2},"f":{"0":2,"1":0},"b":{}}
,"C:\\CodeProjects\\Apps\\Chess\\server\\src\\Models\\Game.ts": {"path":"C:\\CodeProjects\\Apps\\Chess\\server\\src\\Models\\Game.ts","statementMap":{"0":{"start":{"line":1,"column":0},"end":{"line":1,"column":42}},"1":{"start":{"line":8,"column":49},"end":{"line":8,"column":53}},"2":{"start":{"line":11,"column":69},"end":{"line":11,"column":78}},"3":{"start":{"line":14,"column":4},"end":{"line":14,"column":26}},"4":{"start":{"line":15,"column":4},"end":{"line":15,"column":35}},"5":{"start":{"line":16,"column":4},"end":{"line":16,"column":35}},"6":{"start":{"line":20,"column":4},"end":{"line":20,"column":23}},"7":{"start":{"line":24,"column":4},"end":{"line":24,"column":30}},"8":{"start":{"line":28,"column":4},"end":{"line":28,"column":28}},"9":{"start":{"line":32,"column":4},"end":{"line":32,"column":28}},"10":{"start":{"line":36,"column":4},"end":{"line":36,"column":23}},"11":{"start":{"line":46,"column":0},"end":{"line":46,"column":20}}},"fnMap":{"0":{"name":"(anonymous_0)","decl":{"start":{"line":13,"column":2},"end":{"line":13,"column":14}},"loc":{"start":{"line":13,"column":54},"end":{"line":17,"column":3}}},"1":{"name":"(anonymous_1)","decl":{"start":{"line":19,"column":9},"end":{"line":19,"column":18}},"loc":{"start":{"line":19,"column":18},"end":{"line":21,"column":3}}},"2":{"name":"(anonymous_2)","decl":{"start":{"line":23,"column":9},"end":{"line":23,"column":25}},"loc":{"start":{"line":23,"column":25},"end":{"line":25,"column":3}}},"3":{"name":"(anonymous_3)","decl":{"start":{"line":27,"column":9},"end":{"line":27,"column":23}},"loc":{"start":{"line":27,"column":23},"end":{"line":29,"column":3}}},"4":{"name":"(anonymous_4)","decl":{"start":{"line":31,"column":9},"end":{"line":31,"column":23}},"loc":{"start":{"line":31,"column":23},"end":{"line":33,"column":3}}},"5":{"name":"(anonymous_5)","decl":{"start":{"line":35,"column":9},"end":{"line":35,"column":18}},"loc":{"start":{"line":35,"column":18},"end":{"line":37,"column":3}}}},"branchMap":{},"s":{"0":2,"1":2,"2":2,"3":2,"4":2,"5":2,"6":10,"7":1,"8":1,"9":1,"10":1,"11":2},"f":{"0":2,"1":10,"2":1,"3":1,"4":1,"5":1},"b":{}}
,"C:\\CodeProjects\\Apps\\Chess\\server\\src\\Models\\King.ts": {"path":"C:\\CodeProjects\\Apps\\Chess\\server\\src\\Models\\King.ts","statementMap":{"0":{"start":{"line":1,"column":0},"end":{"line":1,"column":31}},"1":{"start":{"line":5,"column":30},"end":{"line":5,"column":35}},"2":{"start":{"line":8,"column":4},"end":{"line":13,"column":6}},"3":{"start":{"line":17,"column":0},"end":{"line":17,"column":20}}},"fnMap":{"0":{"name":"(anonymous_1)","decl":{"start":{"line":7,"column":2},"end":{"line":7,"column":14}},"loc":{"start":{"line":7,"column":75},"end":{"line":14,"column":3}}}},"branchMap":{"0":{"loc":{"start":{"line":12,"column":9},"end":{"line":12,"column":59}},"type":"cond-expr","locations":[{"start":{"line":12,"column":29},"end":{"line":12,"column":32}},{"start":{"line":12,"column":35},"end":{"line":12,"column":59}}]},"1":{"loc":{"start":{"line":12,"column":35},"end":{"line":12,"column":59}},"type":"binary-expr","locations":[{"start":{"line":12,"column":35},"end":{"line":12,"column":52}},{"start":{"line":12,"column":56},"end":{"line":12,"column":59}}]}},"s":{"0":2,"1":4,"2":4,"3":2},"f":{"0":4},"b":{"0":[2,2],"1":[2,2]}}
,"C:\\CodeProjects\\Apps\\Chess\\server\\src\\Models\\Knight.ts": {"path":"C:\\CodeProjects\\Apps\\Chess\\server\\src\\Models\\Knight.ts","statementMap":{"0":{"start":{"line":1,"column":0},"end":{"line":1,"column":31}},"1":{"start":{"line":6,"column":4},"end":{"line":11,"column":6}},"2":{"start":{"line":15,"column":0},"end":{"line":15,"column":22}}},"fnMap":{"0":{"name":"(anonymous_1)","decl":{"start":{"line":5,"column":2},"end":{"line":5,"column":14}},"loc":{"start":{"line":5,"column":75},"end":{"line":12,"column":3}}}},"branchMap":{"0":{"loc":{"start":{"line":10,"column":9},"end":{"line":10,"column":59}},"type":"cond-expr","locations":[{"start":{"line":10,"column":29},"end":{"line":10,"column":32}},{"start":{"line":10,"column":35},"end":{"line":10,"column":59}}]},"1":{"loc":{"start":{"line":10,"column":35},"end":{"line":10,"column":59}},"type":"binary-expr","locations":[{"start":{"line":10,"column":35},"end":{"line":10,"column":52}},{"start":{"line":10,"column":56},"end":{"line":10,"column":59}}]}},"s":{"0":2,"1":8,"2":2},"f":{"0":8},"b":{"0":[4,4],"1":[4,4]}}
,"C:\\CodeProjects\\Apps\\Chess\\server\\src\\Models\\Lobby.ts": {"path":"C:\\CodeProjects\\Apps\\Chess\\server\\src\\Models\\Lobby.ts","statementMap":{"0":{"start":{"line":2,"column":0},"end":{"line":2,"column":42}},"1":{"start":{"line":9,"column":41},"end":{"line":9,"column":66}},"2":{"start":{"line":10,"column":37},"end":{"line":10,"column":60}},"3":{"start":{"line":23,"column":4},"end":{"line":23,"column":27}},"4":{"start":{"line":24,"column":4},"end":{"line":24,"column":31}},"5":{"start":{"line":25,"column":4},"end":{"line":25,"column":21}},"6":{"start":{"line":26,"column":4},"end":{"line":26,"column":47}},"7":{"start":{"line":27,"column":4},"end":{"line":27,"column":25}},"8":{"start":{"line":28,"column":4},"end":{"line":28,"column":66}},"9":{"start":{"line":29,"column":4},"end":{"line":29,"column":73}},"10":{"start":{"line":33,"column":4},"end":{"line":33,"column":24}},"11":{"start":{"line":37,"column":4},"end":{"line":37,"column":26}},"12":{"start":{"line":41,"column":4},"end":{"line":41,"column":21}},"13":{"start":{"line":45,"column":4},"end":{"line":45,"column":24}},"14":{"start":{"line":49,"column":4},"end":{"line":49,"column":27}},"15":{"start":{"line":53,"column":4},"end":{"line":53,"column":22}},"16":{"start":{"line":57,"column":4},"end":{"line":57,"column":23}},"17":{"start":{"line":61,"column":4},"end":{"line":61,"column":25}},"18":{"start":{"line":65,"column":4},"end":{"line":65,"column":51}},"19":{"start":{"line":69,"column":4},"end":{"line":69,"column":36}},"20":{"start":{"line":73,"column":4},"end":{"line":73,"column":43}},"21":{"start":{"line":77,"column":4},"end":{"line":77,"column":30}},"22":{"start":{"line":81,"column":0},"end":{"line":81,"column":21}}},"fnMap":{"0":{"name":"(anonymous_0)","decl":{"start":{"line":16,"column":2},"end":{"line":16,"column":null}},"loc":{"start":{"line":21,"column":23},"end":{"line":30,"column":3}}},"1":{"name":"(anonymous_1)","decl":{"start":{"line":32,"column":9},"end":{"line":32,"column":19}},"loc":{"start":{"line":32,"column":19},"end":{"line":34,"column":3}}},"2":{"name":"(anonymous_2)","decl":{"start":{"line":36,"column":9},"end":{"line":36,"column":21}},"loc":{"start":{"line":36,"column":21},"end":{"line":38,"column":3}}},"3":{"name":"(anonymous_3)","decl":{"start":{"line":40,"column":9},"end":{"line":40,"column":16}},"loc":{"start":{"line":40,"column":16},"end":{"line":42,"column":3}}},"4":{"name":"(anonymous_4)","decl":{"start":{"line":44,"column":9},"end":{"line":44,"column":19}},"loc":{"start":{"line":44,"column":19},"end":{"line":46,"column":3}}},"5":{"name":"(anonymous_5)","decl":{"start":{"line":48,"column":9},"end":{"line":48,"column":22}},"loc":{"start":{"line":48,"column":22},"end":{"line":50,"column":3}}},"6":{"name":"(anonymous_6)","decl":{"start":{"line":52,"column":9},"end":{"line":52,"column":17}},"loc":{"start":{"line":52,"column":17},"end":{"line":54,"column":3}}},"7":{"name":"(anonymous_7)","decl":{"start":{"line":56,"column":9},"end":{"line":56,"column":18}},"loc":{"start":{"line":56,"column":18},"end":{"line":58,"column":3}}},"8":{"name":"(anonymous_8)","decl":{"start":{"line":60,"column":9},"end":{"line":60,"column":20}},"loc":{"start":{"line":60,"column":20},"end":{"line":62,"column":3}}},"9":{"name":"(anonymous_9)","decl":{"start":{"line":64,"column":9},"end":{"line":64,"column":18}},"loc":{"start":{"line":64,"column":33},"end":{"line":66,"column":3}}},"10":{"name":"(anonymous_10)","decl":{"start":{"line":68,"column":9},"end":{"line":68,"column":21}},"loc":{"start":{"line":68,"column":40},"end":{"line":70,"column":3}}},"11":{"name":"(anonymous_11)","decl":{"start":{"line":72,"column":9},"end":{"line":72,"column":16}},"loc":{"start":{"line":72,"column":27},"end":{"line":74,"column":3}}},"12":{"name":"(anonymous_12)","decl":{"start":{"line":76,"column":9},"end":{"line":76,"column":19}},"loc":{"start":{"line":76,"column":34},"end":{"line":78,"column":3}}}},"branchMap":{"0":{"loc":{"start":{"line":28,"column":4},"end":{"line":28,"column":65}},"type":"cond-expr","locations":[{"start":{"line":28,"column":28},"end":{"line":28,"column":52}},{"start":{"line":28,"column":56},"end":{"line":28,"column":65}}]},"1":{"loc":{"start":{"line":29,"column":4},"end":{"line":29,"column":72}},"type":"cond-expr","locations":[{"start":{"line":29,"column":18},"end":{"line":29,"column":46}},{"start":{"line":29,"column":51},"end":{"line":29,"column":71}}]}},"s":{"0":1,"1":2,"2":2,"3":2,"4":2,"5":2,"6":2,"7":2,"8":2,"9":2,"10":4,"11":2,"12":2,"13":16,"14":2,"15":10,"16":2,"17":2,"18":4,"19":2,"20":4,"21":2,"22":1},"f":{"0":2,"1":4,"2":2,"3":2,"4":16,"5":2,"6":10,"7":2,"8":2,"9":4,"10":2,"11":4,"12":2},"b":{"0":[1,1],"1":[0,2]}}
,"C:\\CodeProjects\\Apps\\Chess\\server\\src\\Models\\Pawn.ts": {"path":"C:\\CodeProjects\\Apps\\Chess\\server\\src\\Models\\Pawn.ts","statementMap":{"0":{"start":{"line":1,"column":0},"end":{"line":1,"column":31}},"1":{"start":{"line":5,"column":30},"end":{"line":5,"column":35}},"2":{"start":{"line":8,"column":4},"end":{"line":13,"column":6}},"3":{"start":{"line":17,"column":0},"end":{"line":17,"column":20}}},"fnMap":{"0":{"name":"(anonymous_1)","decl":{"start":{"line":7,"column":2},"end":{"line":7,"column":14}},"loc":{"start":{"line":7,"column":75},"end":{"line":14,"column":3}}}},"branchMap":{"0":{"loc":{"start":{"line":12,"column":9},"end":{"line":12,"column":59}},"type":"cond-expr","locations":[{"start":{"line":12,"column":29},"end":{"line":12,"column":32}},{"start":{"line":12,"column":35},"end":{"line":12,"column":59}}]},"1":{"loc":{"start":{"line":12,"column":35},"end":{"line":12,"column":59}},"type":"binary-expr","locations":[{"start":{"line":12,"column":35},"end":{"line":12,"column":52}},{"start":{"line":12,"column":56},"end":{"line":12,"column":59}}]}},"s":{"0":2,"1":32,"2":32,"3":2},"f":{"0":32},"b":{"0":[16,16],"1":[16,16]}}
,"C:\\CodeProjects\\Apps\\Chess\\server\\src\\Models\\Piece.ts": {"path":"C:\\CodeProjects\\Apps\\Chess\\server\\src\\Models\\Piece.ts","statementMap":{"0":{"start":{"line":7,"column":32},"end":{"line":7,"column":37}},"1":{"start":{"line":16,"column":4},"end":{"line":16,"column":27}},"2":{"start":{"line":17,"column":4},"end":{"line":17,"column":29}},"3":{"start":{"line":18,"column":4},"end":{"line":18,"column":23}},"4":{"start":{"line":19,"column":4},"end":{"line":19,"column":29}},"5":{"start":{"line":23,"column":4},"end":{"line":23,"column":24}},"6":{"start":{"line":27,"column":4},"end":{"line":27,"column":25}},"7":{"start":{"line":31,"column":4},"end":{"line":31,"column":22}},"8":{"start":{"line":35,"column":4},"end":{"line":35,"column":25}},"9":{"start":{"line":39,"column":4},"end":{"line":39,"column":25}},"10":{"start":{"line":45,"column":0},"end":{"line":45,"column":21}}},"fnMap":{"0":{"name":"(anonymous_0)","decl":{"start":{"line":10,"column":2},"end":{"line":10,"column":null}},"loc":{"start":{"line":14,"column":20},"end":{"line":20,"column":3}}},"1":{"name":"(anonymous_1)","decl":{"start":{"line":22,"column":9},"end":{"line":22,"column":19}},"loc":{"start":{"line":22,"column":19},"end":{"line":24,"column":3}}},"2":{"name":"(anonymous_2)","decl":{"start":{"line":26,"column":9},"end":{"line":26,"column":20}},"loc":{"start":{"line":26,"column":20},"end":{"line":28,"column":3}}},"3":{"name":"(anonymous_3)","decl":{"start":{"line":30,"column":9},"end":{"line":30,"column":17}},"loc":{"start":{"line":30,"column":17},"end":{"line":32,"column":3}}},"4":{"name":"(anonymous_4)","decl":{"start":{"line":34,"column":9},"end":{"line":34,"column":18}},"loc":{"start":{"line":34,"column":18},"end":{"line":36,"column":3}}},"5":{"name":"(anonymous_5)","decl":{"start":{"line":38,"column":9},"end":{"line":38,"column":20}},"loc":{"start":{"line":38,"column":20},"end":{"line":40,"column":3}}}},"branchMap":{},"s":{"0":64,"1":64,"2":64,"3":64,"4":64,"5":0,"6":0,"7":32,"8":0,"9":32,"10":2},"f":{"0":64,"1":0,"2":0,"3":32,"4":0,"5":32},"b":{}}
,"C:\\CodeProjects\\Apps\\Chess\\server\\src\\Models\\Player.ts": {"path":"C:\\CodeProjects\\Apps\\Chess\\server\\src\\Models\\Player.ts","statementMap":{"0":{"start":{"line":1,"column":0},"end":{"line":1,"column":42}},"1":{"start":{"line":8,"column":4},"end":{"line":8,"column":29}},"2":{"start":{"line":9,"column":4},"end":{"line":9,"column":28}},"3":{"start":{"line":13,"column":4},"end":{"line":13,"column":25}},"4":{"start":{"line":17,"column":4},"end":{"line":17,"column":25}},"5":{"start":{"line":21,"column":0},"end":{"line":21,"column":22}}},"fnMap":{"0":{"name":"(anonymous_0)","decl":{"start":{"line":7,"column":2},"end":{"line":7,"column":14}},"loc":{"start":{"line":7,"column":30},"end":{"line":10,"column":3}}},"1":{"name":"(anonymous_1)","decl":{"start":{"line":12,"column":9},"end":{"line":12,"column":20}},"loc":{"start":{"line":12,"column":20},"end":{"line":14,"column":3}}},"2":{"name":"(anonymous_2)","decl":{"start":{"line":16,"column":9},"end":{"line":16,"column":20}},"loc":{"start":{"line":16,"column":20},"end":{"line":18,"column":3}}}},"branchMap":{},"s":{"0":2,"1":5,"2":5,"3":20,"4":0,"5":2},"f":{"0":5,"1":20,"2":0},"b":{}}
,"C:\\CodeProjects\\Apps\\Chess\\server\\src\\Models\\Position.ts": {"path":"C:\\CodeProjects\\Apps\\Chess\\server\\src\\Models\\Position.ts","statementMap":{"0":{"start":{"line":7,"column":4},"end":{"line":7,"column":21}},"1":{"start":{"line":8,"column":4},"end":{"line":8,"column":21}},"2":{"start":{"line":9,"column":4},"end":{"line":9,"column":39}},"3":{"start":{"line":13,"column":4},"end":{"line":13,"column":21}},"4":{"start":{"line":17,"column":4},"end":{"line":17,"column":21}},"5":{"start":{"line":21,"column":4},"end":{"line":21,"column":30}},"6":{"start":{"line":25,"column":0},"end":{"line":25,"column":24}}},"fnMap":{"0":{"name":"(anonymous_0)","decl":{"start":{"line":6,"column":2},"end":{"line":6,"column":14}},"loc":{"start":{"line":6,"column":65},"end":{"line":10,"column":3}}},"1":{"name":"(anonymous_1)","decl":{"start":{"line":12,"column":9},"end":{"line":12,"column":16}},"loc":{"start":{"line":12,"column":16},"end":{"line":14,"column":3}}},"2":{"name":"(anonymous_2)","decl":{"start":{"line":16,"column":9},"end":{"line":16,"column":16}},"loc":{"start":{"line":16,"column":16},"end":{"line":18,"column":3}}},"3":{"name":"(anonymous_3)","decl":{"start":{"line":20,"column":9},"end":{"line":20,"column":25}},"loc":{"start":{"line":20,"column":25},"end":{"line":22,"column":3}}}},"branchMap":{},"s":{"0":128,"1":128,"2":128,"3":128,"4":128,"5":128,"6":2},"f":{"0":128,"1":128,"2":128,"3":128},"b":{}}
,"C:\\CodeProjects\\Apps\\Chess\\server\\src\\Models\\Queen.ts": {"path":"C:\\CodeProjects\\Apps\\Chess\\server\\src\\Models\\Queen.ts","statementMap":{"0":{"start":{"line":1,"column":0},"end":{"line":1,"column":31}},"1":{"start":{"line":6,"column":4},"end":{"line":11,"column":6}},"2":{"start":{"line":15,"column":0},"end":{"line":15,"column":21}}},"fnMap":{"0":{"name":"(anonymous_1)","decl":{"start":{"line":5,"column":2},"end":{"line":5,"column":14}},"loc":{"start":{"line":5,"column":75},"end":{"line":12,"column":3}}}},"branchMap":{"0":{"loc":{"start":{"line":10,"column":9},"end":{"line":10,"column":59}},"type":"cond-expr","locations":[{"start":{"line":10,"column":29},"end":{"line":10,"column":32}},{"start":{"line":10,"column":35},"end":{"line":10,"column":59}}]},"1":{"loc":{"start":{"line":10,"column":35},"end":{"line":10,"column":59}},"type":"binary-expr","locations":[{"start":{"line":10,"column":35},"end":{"line":10,"column":52}},{"start":{"line":10,"column":56},"end":{"line":10,"column":59}}]}},"s":{"0":2,"1":4,"2":2},"f":{"0":4},"b":{"0":[2,2],"1":[2,2]}}
,"C:\\CodeProjects\\Apps\\Chess\\server\\src\\Models\\Rook.ts": {"path":"C:\\CodeProjects\\Apps\\Chess\\server\\src\\Models\\Rook.ts","statementMap":{"0":{"start":{"line":1,"column":0},"end":{"line":1,"column":31}},"1":{"start":{"line":6,"column":4},"end":{"line":11,"column":6}},"2":{"start":{"line":15,"column":0},"end":{"line":15,"column":20}}},"fnMap":{"0":{"name":"(anonymous_1)","decl":{"start":{"line":5,"column":2},"end":{"line":5,"column":14}},"loc":{"start":{"line":5,"column":75},"end":{"line":12,"column":3}}}},"branchMap":{"0":{"loc":{"start":{"line":10,"column":9},"end":{"line":10,"column":59}},"type":"cond-expr","locations":[{"start":{"line":10,"column":29},"end":{"line":10,"column":32}},{"start":{"line":10,"column":35},"end":{"line":10,"column":59}}]},"1":{"loc":{"start":{"line":10,"column":35},"end":{"line":10,"column":59}},"type":"binary-expr","locations":[{"start":{"line":10,"column":35},"end":{"line":10,"column":52}},{"start":{"line":10,"column":56},"end":{"line":10,"column":59}}]}},"s":{"0":2,"1":8,"2":2},"f":{"0":8},"b":{"0":[4,4],"1":[4,4]}}
,"C:\\CodeProjects\\Apps\\Chess\\server\\src\\Models\\Square.ts": {"path":"C:\\CodeProjects\\Apps\\Chess\\server\\src\\Models\\Square.ts","statementMap":{"0":{"start":{"line":10,"column":37},"end":{"line":10,"column":46}},"1":{"start":{"line":12,"column":57},"end":{"line":12,"column":null}},"2":{"start":{"line":24,"column":4},"end":{"line":24,"column":29}},"3":{"start":{"line":25,"column":4},"end":{"line":25,"column":29}},"4":{"start":{"line":26,"column":4},"end":{"line":26,"column":33}},"5":{"start":{"line":27,"column":4},"end":{"line":27,"column":23}},"6":{"start":{"line":28,"column":4},"end":{"line":28,"column":31}},"7":{"start":{"line":32,"column":20},"end":{"line":32,"column":38}},"8":{"start":{"line":33,"column":34},"end":{"line":33,"column":66}},"9":{"start":{"line":34,"column":4},"end":{"line":47,"column":7}},"10":{"start":{"line":35,"column":19},"end":{"line":35,"column":65}},"11":{"start":{"line":36,"column":19},"end":{"line":36,"column":65}},"12":{"start":{"line":37,"column":6},"end":{"line":46,"column":7}},"13":{"start":{"line":43,"column":8},"end":{"line":43,"column":61}},"14":{"start":{"line":45,"column":8},"end":{"line":45,"column":51}},"15":{"start":{"line":51,"column":4},"end":{"line":51,"column":25}},"16":{"start":{"line":55,"column":4},"end":{"line":55,"column":25}},"17":{"start":{"line":59,"column":4},"end":{"line":59,"column":27}},"18":{"start":{"line":63,"column":4},"end":{"line":63,"column":33}},"19":{"start":{"line":67,"column":4},"end":{"line":67,"column":22}},"20":{"start":{"line":71,"column":4},"end":{"line":71,"column":23}},"21":{"start":{"line":75,"column":4},"end":{"line":75,"column":22}},"22":{"start":{"line":79,"column":0},"end":{"line":79,"column":22}},"23":{"start":{"line":81,"column":13},"end":{"line":90,"column":3}}},"fnMap":{"0":{"name":"(anonymous_0)","decl":{"start":{"line":17,"column":2},"end":{"line":17,"column":null}},"loc":{"start":{"line":22,"column":16},"end":{"line":29,"column":3}}},"1":{"name":"(anonymous_1)","decl":{"start":{"line":31,"column":9},"end":{"line":31,"column":23}},"loc":{"start":{"line":31,"column":36},"end":{"line":48,"column":3}}},"2":{"name":"(anonymous_2)","decl":{"start":{"line":34,"column":23},"end":{"line":34,"column":24}},"loc":{"start":{"line":34,"column":73},"end":{"line":47,"column":5}}},"3":{"name":"(anonymous_3)","decl":{"start":{"line":50,"column":9},"end":{"line":50,"column":20}},"loc":{"start":{"line":50,"column":20},"end":{"line":52,"column":3}}},"4":{"name":"(anonymous_4)","decl":{"start":{"line":54,"column":9},"end":{"line":54,"column":20}},"loc":{"start":{"line":54,"column":20},"end":{"line":56,"column":3}}},"5":{"name":"(anonymous_5)","decl":{"start":{"line":58,"column":9},"end":{"line":58,"column":22}},"loc":{"start":{"line":58,"column":22},"end":{"line":60,"column":3}}},"6":{"name":"(anonymous_6)","decl":{"start":{"line":62,"column":9},"end":{"line":62,"column":22}},"loc":{"start":{"line":62,"column":42},"end":{"line":64,"column":3}}},"7":{"name":"(anonymous_7)","decl":{"start":{"line":66,"column":9},"end":{"line":66,"column":17}},"loc":{"start":{"line":66,"column":17},"end":{"line":68,"column":3}}},"8":{"name":"(anonymous_8)","decl":{"start":{"line":70,"column":9},"end":{"line":70,"column":17}},"loc":{"start":{"line":70,"column":30},"end":{"line":72,"column":3}}},"9":{"name":"(anonymous_9)","decl":{"start":{"line":74,"column":9},"end":{"line":74,"column":17}},"loc":{"start":{"line":74,"column":17},"end":{"line":76,"column":3}}}},"branchMap":{"0":{"loc":{"start":{"line":37,"column":6},"end":{"line":46,"column":7}},"type":"if","locations":[{"start":{"line":37,"column":6},"end":{"line":46,"column":7}},{"start":{"line":44,"column":13},"end":{"line":46,"column":7}}]},"1":{"loc":{"start":{"line":38,"column":8},"end":{"line":41,"column":35}},"type":"binary-expr","locations":[{"start":{"line":38,"column":8},"end":{"line":38,"column":17}},{"start":{"line":39,"column":8},"end":{"line":39,"column":29}},{"start":{"line":40,"column":8},"end":{"line":40,"column":17}},{"start":{"line":41,"column":8},"end":{"line":41,"column":35}}]}},"s":{"0":128,"1":128,"2":128,"3":128,"4":128,"5":128,"6":128,"7":128,"8":128,"9":128,"10":1024,"11":1024,"12":1024,"13":840,"14":184,"15":0,"16":320,"17":0,"18":64,"19":128,"20":64,"21":0,"22":2,"23":2},"f":{"0":128,"1":128,"2":1024,"3":0,"4":320,"5":0,"6":64,"7":128,"8":64,"9":0},"b":{"0":[840,184],"1":[1024,976,928,884]}}
,"C:\\CodeProjects\\Apps\\Chess\\server\\src\\Models\\StandardChess.ts": {"path":"C:\\CodeProjects\\Apps\\Chess\\server\\src\\Models\\StandardChess.ts","statementMap":{"0":{"start":{"line":1,"column":0},"end":{"line":1,"column":41}},"1":{"start":{"line":3,"column":0},"end":{"line":3,"column":57}},"2":{"start":{"line":6,"column":38},"end":{"line":6,"column":62}},"3":{"start":{"line":8,"column":4},"end":{"line":8,"column":36}},"4":{"start":{"line":12,"column":4},"end":{"line":12,"column":22}},"5":{"start":{"line":20,"column":4},"end":{"line":20,"column":47}},"6":{"start":{"line":24,"column":0},"end":{"line":24,"column":29}}},"fnMap":{"0":{"name":"(anonymous_1)","decl":{"start":{"line":7,"column":2},"end":{"line":7,"column":14}},"loc":{"start":{"line":7,"column":54},"end":{"line":9,"column":3}}},"1":{"name":"(anonymous_2)","decl":{"start":{"line":11,"column":9},"end":{"line":11,"column":17}},"loc":{"start":{"line":11,"column":17},"end":{"line":13,"column":3}}},"2":{"name":"(anonymous_3)","decl":{"start":{"line":15,"column":9},"end":{"line":15,"column":18}},"loc":{"start":{"line":15,"column":18},"end":{"line":15,"column":29}}},"3":{"name":"(anonymous_4)","decl":{"start":{"line":17,"column":9},"end":{"line":17,"column":17}},"loc":{"start":{"line":17,"column":17},"end":{"line":17,"column":28}}},"4":{"name":"(anonymous_5)","decl":{"start":{"line":19,"column":9},"end":{"line":19,"column":16}},"loc":{"start":{"line":19,"column":16},"end":{"line":21,"column":3}}}},"branchMap":{},"s":{"0":2,"1":2,"2":2,"3":2,"4":1,"5":0,"6":2},"f":{"0":2,"1":1,"2":0,"3":0,"4":0},"b":{}}
,"C:\\CodeProjects\\Apps\\Chess\\server\\src\\Models\\StandardChessBoard.ts": {"path":"C:\\CodeProjects\\Apps\\Chess\\server\\src\\Models\\StandardChessBoard.ts","statementMap":{"0":{"start":{"line":1,"column":0},"end":{"line":1,"column":33}},"1":{"start":{"line":2,"column":0},"end":{"line":2,"column":31}},"2":{"start":{"line":3,"column":0},"end":{"line":3,"column":29}},"3":{"start":{"line":4,"column":0},"end":{"line":4,"column":33}},"4":{"start":{"line":5,"column":0},"end":{"line":5,"column":29}},"5":{"start":{"line":7,"column":0},"end":{"line":7,"column":37}},"6":{"start":{"line":8,"column":0},"end":{"line":8,"column":31}},"7":{"start":{"line":9,"column":0},"end":{"line":9,"column":29}},"8":{"start":{"line":10,"column":0},"end":{"line":10,"column":33}},"9":{"start":{"line":13,"column":32},"end":{"line":15,"column":24}},"10":{"start":{"line":15,"column":15},"end":{"line":15,"column":23}},"11":{"start":{"line":18,"column":4},"end":{"line":18,"column":12}},"12":{"start":{"line":19,"column":4},"end":{"line":19,"column":23}},"13":{"start":{"line":20,"column":4},"end":{"line":20,"column":22}},"14":{"start":{"line":24,"column":4},"end":{"line":35,"column":5}},"15":{"start":{"line":24,"column":17},"end":{"line":24,"column":18}},"16":{"start":{"line":25,"column":6},"end":{"line":34,"column":7}},"17":{"start":{"line":25,"column":19},"end":{"line":25,"column":20}},"18":{"start":{"line":26,"column":25},"end":{"line":26,"column":75}},"19":{"start":{"line":27,"column":8},"end":{"line":33,"column":10}},"20":{"start":{"line":39,"column":4},"end":{"line":151,"column":5}},"21":{"start":{"line":39,"column":17},"end":{"line":39,"column":18}},"22":{"start":{"line":40,"column":6},"end":{"line":150,"column":7}},"23":{"start":{"line":40,"column":19},"end":{"line":40,"column":20}},"24":{"start":{"line":41,"column":21},"end":{"line":41,"column":39}},"25":{"start":{"line":42,"column":19},"end":{"line":42,"column":49}},"26":{"start":{"line":43,"column":19},"end":{"line":43,"column":49}},"27":{"start":{"line":45,"column":8},"end":{"line":89,"column":9}},"28":{"start":{"line":46,"column":10},"end":{"line":87,"column":11}},"29":{"start":{"line":48,"column":14},"end":{"line":50,"column":16}},"30":{"start":{"line":51,"column":14},"end":{"line":51,"column":20}},"31":{"start":{"line":53,"column":14},"end":{"line":55,"column":16}},"32":{"start":{"line":56,"column":14},"end":{"line":56,"column":20}},"33":{"start":{"line":58,"column":14},"end":{"line":60,"column":16}},"34":{"start":{"line":61,"column":14},"end":{"line":61,"column":20}},"35":{"start":{"line":63,"column":14},"end":{"line":65,"column":16}},"36":{"start":{"line":66,"column":14},"end":{"line":66,"column":20}},"37":{"start":{"line":68,"column":14},"end":{"line":70,"column":16}},"38":{"start":{"line":71,"column":14},"end":{"line":71,"column":20}},"39":{"start":{"line":73,"column":14},"end":{"line":75,"column":16}},"40":{"start":{"line":76,"column":14},"end":{"line":76,"column":20}},"41":{"start":{"line":78,"column":14},"end":{"line":80,"column":16}},"42":{"start":{"line":81,"column":14},"end":{"line":81,"column":20}},"43":{"start":{"line":83,"column":14},"end":{"line":85,"column":16}},"44":{"start":{"line":86,"column":14},"end":{"line":86,"column":20}},"45":{"start":{"line":88,"column":10},"end":{"line":88,"column":49}},"46":{"start":{"line":91,"column":8},"end":{"line":96,"column":9}},"47":{"start":{"line":92,"column":10},"end":{"line":94,"column":12}},"48":{"start":{"line":95,"column":10},"end":{"line":95,"column":49}},"49":{"start":{"line":98,"column":8},"end":{"line":103,"column":9}},"50":{"start":{"line":99,"column":10},"end":{"line":101,"column":12}},"51":{"start":{"line":102,"column":10},"end":{"line":102,"column":49}},"52":{"start":{"line":105,"column":8},"end":{"line":149,"column":9}},"53":{"start":{"line":106,"column":10},"end":{"line":147,"column":11}},"54":{"start":{"line":108,"column":14},"end":{"line":110,"column":16}},"55":{"start":{"line":111,"column":14},"end":{"line":111,"column":20}},"56":{"start":{"line":113,"column":14},"end":{"line":115,"column":16}},"57":{"start":{"line":116,"column":14},"end":{"line":116,"column":20}},"58":{"start":{"line":118,"column":14},"end":{"line":120,"column":16}},"59":{"start":{"line":121,"column":14},"end":{"line":121,"column":20}},"60":{"start":{"line":123,"column":14},"end":{"line":125,"column":16}},"61":{"start":{"line":126,"column":14},"end":{"line":126,"column":20}},"62":{"start":{"line":128,"column":14},"end":{"line":130,"column":16}},"63":{"start":{"line":131,"column":14},"end":{"line":131,"column":20}},"64":{"start":{"line":133,"column":14},"end":{"line":135,"column":16}},"65":{"start":{"line":136,"column":14},"end":{"line":136,"column":20}},"66":{"start":{"line":138,"column":14},"end":{"line":140,"column":16}},"67":{"start":{"line":141,"column":14},"end":{"line":141,"column":20}},"68":{"start":{"line":143,"column":14},"end":{"line":145,"column":16}},"69":{"start":{"line":146,"column":14},"end":{"line":146,"column":20}},"70":{"start":{"line":148,"column":10},"end":{"line":148,"column":49}},"71":{"start":{"line":155,"column":4},"end":{"line":155,"column":24}},"72":{"start":{"line":160,"column":4},"end":{"line":160,"column":45}},"73":{"start":{"line":161,"column":15},"end":{"line":161,"column":16}},"74":{"start":{"line":162,"column":4},"end":{"line":178,"column":5}},"75":{"start":{"line":162,"column":17},"end":{"line":162,"column":18}},"76":{"start":{"line":163,"column":22},"end":{"line":163,"column":24}},"77":{"start":{"line":164,"column":20},"end":{"line":164,"column":37}},"78":{"start":{"line":165,"column":6},"end":{"line":173,"column":7}},"79":{"start":{"line":165,"column":22},"end":{"line":165,"column":23}},"80":{"start":{"line":166,"column":27},"end":{"line":166,"column":57}},"81":{"start":{"line":168,"column":8},"end":{"line":172,"column":9}},"82":{"start":{"line":169,"column":10},"end":{"line":169,"column":67}},"83":{"start":{"line":171,"column":10},"end":{"line":171,"column":31}},"84":{"start":{"line":174,"column":6},"end":{"line":176,"column":8}},"85":{"start":{"line":177,"column":6},"end":{"line":177,"column":13}},"86":{"start":{"line":179,"column":4},"end":{"line":179,"column":45}},"87":{"start":{"line":183,"column":0},"end":{"line":183,"column":34}},"88":{"start":{"line":185,"column":13},"end":{"line":194,"column":3}},"89":{"start":{"line":196,"column":13},"end":{"line":205,"column":3}},"90":{"start":{"line":207,"column":13},"end":{"line":240,"column":3}}},"fnMap":{"0":{"name":"(anonymous_1)","decl":{"start":{"line":15,"column":9},"end":{"line":15,"column":12}},"loc":{"start":{"line":15,"column":15},"end":{"line":15,"column":23}}},"1":{"name":"(anonymous_2)","decl":{"start":{"line":17,"column":2},"end":{"line":17,"column":null}},"loc":{"start":{"line":17,"column":2},"end":{"line":21,"column":3}}},"2":{"name":"(anonymous_3)","decl":{"start":{"line":23,"column":9},"end":{"line":23,"column":20}},"loc":{"start":{"line":23,"column":20},"end":{"line":36,"column":3}}},"3":{"name":"(anonymous_4)","decl":{"start":{"line":38,"column":9},"end":{"line":38,"column":19}},"loc":{"start":{"line":38,"column":19},"end":{"line":152,"column":3}}},"4":{"name":"(anonymous_5)","decl":{"start":{"line":154,"column":9},"end":{"line":154,"column":19}},"loc":{"start":{"line":154,"column":19},"end":{"line":156,"column":3}}},"5":{"name":"(anonymous_6)","decl":{"start":{"line":159,"column":9},"end":{"line":159,"column":19}},"loc":{"start":{"line":159,"column":19},"end":{"line":180,"column":3}}}},"branchMap":{"0":{"loc":{"start":{"line":31,"column":10},"end":{"line":31,"column":40}},"type":"cond-expr","locations":[{"start":{"line":31,"column":24},"end":{"line":31,"column":31}},{"start":{"line":31,"column":34},"end":{"line":31,"column":40}}]},"1":{"loc":{"start":{"line":45,"column":8},"end":{"line":89,"column":9}},"type":"if","locations":[{"start":{"line":45,"column":8},"end":{"line":89,"column":9}}]},"2":{"loc":{"start":{"line":46,"column":10},"end":{"line":87,"column":11}},"type":"switch","locations":[{"start":{"line":47,"column":12},"end":{"line":51,"column":20}},{"start":{"line":52,"column":12},"end":{"line":56,"column":20}},{"start":{"line":57,"column":12},"end":{"line":61,"column":20}},{"start":{"line":62,"column":12},"end":{"line":66,"column":20}},{"start":{"line":67,"column":12},"end":{"line":71,"column":20}},{"start":{"line":72,"column":12},"end":{"line":76,"column":20}},{"start":{"line":77,"column":12},"end":{"line":81,"column":20}},{"start":{"line":82,"column":12},"end":{"line":86,"column":20}}]},"3":{"loc":{"start":{"line":91,"column":8},"end":{"line":96,"column":9}},"type":"if","locations":[{"start":{"line":91,"column":8},"end":{"line":96,"column":9}}]},"4":{"loc":{"start":{"line":98,"column":8},"end":{"line":103,"column":9}},"type":"if","locations":[{"start":{"line":98,"column":8},"end":{"line":103,"column":9}}]},"5":{"loc":{"start":{"line":105,"column":8},"end":{"line":149,"column":9}},"type":"if","locations":[{"start":{"line":105,"column":8},"end":{"line":149,"column":9}}]},"6":{"loc":{"start":{"line":106,"column":10},"end":{"line":147,"column":11}},"type":"switch","locations":[{"start":{"line":107,"column":12},"end":{"line":111,"column":20}},{"start":{"line":112,"column":12},"end":{"line":116,"column":20}},{"start":{"line":117,"column":12},"end":{"line":121,"column":20}},{"start":{"line":122,"column":12},"end":{"line":126,"column":20}},{"start":{"line":127,"column":12},"end":{"line":131,"column":20}},{"start":{"line":132,"column":12},"end":{"line":136,"column":20}},{"start":{"line":137,"column":12},"end":{"line":141,"column":20}},{"start":{"line":142,"column":12},"end":{"line":146,"column":20}}]},"7":{"loc":{"start":{"line":168,"column":8},"end":{"line":172,"column":9}},"type":"if","locations":[{"start":{"line":168,"column":8},"end":{"line":172,"column":9}},{"start":{"line":170,"column":15},"end":{"line":172,"column":9}}]}},"s":{"0":2,"1":2,"2":2,"3":2,"4":2,"5":2,"6":2,"7":2,"8":2,"9":2,"10":16,"11":2,"12":2,"13":2,"14":2,"15":2,"16":16,"17":16,"18":128,"19":128,"20":2,"21":2,"22":16,"23":16,"24":128,"25":128,"26":128,"27":128,"28":16,"29":2,"30":2,"31":2,"32":2,"33":2,"34":2,"35":2,"36":2,"37":2,"38":2,"39":2,"40":2,"41":2,"42":2,"43":2,"44":2,"45":16,"46":128,"47":16,"48":16,"49":128,"50":16,"51":16,"52":128,"53":16,"54":2,"55":2,"56":2,"57":2,"58":2,"59":2,"60":2,"61":2,"62":2,"63":2,"64":2,"65":2,"66":2,"67":2,"68":2,"69":2,"70":16,"71":337,"72":0,"73":0,"74":0,"75":0,"76":0,"77":0,"78":0,"79":0,"80":0,"81":0,"82":0,"83":0,"84":0,"85":0,"86":0,"87":2,"88":2,"89":2,"90":2},"f":{"0":16,"1":2,"2":2,"3":2,"4":337,"5":0},"b":{"0":[0,128],"1":[16],"2":[2,2,2,2,2,2,2,2],"3":[16],"4":[16],"5":[16],"6":[2,2,2,2,2,2,2,2],"7":[0,0]}}
,"C:\\CodeProjects\\Apps\\Chess\\server\\src\\Models\\Time.ts": {"path":"C:\\CodeProjects\\Apps\\Chess\\server\\src\\Models\\Time.ts","statementMap":{"0":{"start":{"line":7,"column":4},"end":{"line":7,"column":23}},"1":{"start":{"line":8,"column":4},"end":{"line":8,"column":27}},"2":{"start":{"line":9,"column":4},"end":{"line":9,"column":27}},"3":{"start":{"line":17,"column":4},"end":{"line":17,"column":59}},"4":{"start":{"line":21,"column":4},"end":{"line":21,"column":22}},"5":{"start":{"line":25,"column":4},"end":{"line":25,"column":24}},"6":{"start":{"line":29,"column":4},"end":{"line":29,"column":24}}},"fnMap":{"0":{"name":"(anonymous_0)","decl":{"start":{"line":6,"column":2},"end":{"line":6,"column":14}},"loc":{"start":{"line":6,"column":61},"end":{"line":10,"column":3}}},"1":{"name":"(anonymous_1)","decl":{"start":{"line":12,"column":9},"end":{"line":12,"column":18}},"loc":{"start":{"line":12,"column":18},"end":{"line":12,"column":29}}},"2":{"name":"(anonymous_2)","decl":{"start":{"line":14,"column":9},"end":{"line":14,"column":17}},"loc":{"start":{"line":14,"column":17},"end":{"line":14,"column":28}}},"3":{"name":"(anonymous_3)","decl":{"start":{"line":16,"column":9},"end":{"line":16,"column":22}},"loc":{"start":{"line":16,"column":22},"end":{"line":18,"column":3}}},"4":{"name":"(anonymous_4)","decl":{"start":{"line":20,"column":9},"end":{"line":20,"column":17}},"loc":{"start":{"line":20,"column":17},"end":{"line":22,"column":3}}},"5":{"name":"(anonymous_5)","decl":{"start":{"line":24,"column":9},"end":{"line":24,"column":19}},"loc":{"start":{"line":24,"column":19},"end":{"line":26,"column":3}}},"6":{"name":"(anonymous_6)","decl":{"start":{"line":28,"column":9},"end":{"line":28,"column":19}},"loc":{"start":{"line":28,"column":19},"end":{"line":30,"column":3}}}},"branchMap":{},"s":{"0":0,"1":0,"2":0,"3":0,"4":0,"5":0,"6":0},"f":{"0":0,"1":0,"2":0,"3":0,"4":0,"5":0,"6":0},"b":{}}
,"C:\\CodeProjects\\Apps\\Chess\\server\\src\\utils\\utils.ts": {"path":"C:\\CodeProjects\\Apps\\Chess\\server\\src\\utils\\utils.ts","statementMap":{"0":{"start":{"line":2,"column":2},"end":{"line":2,"column":57}},"1":{"start":{"line":1,"column":0},"end":{"line":1,"column":16}}},"fnMap":{"0":{"name":"genId","decl":{"start":{"line":1,"column":16},"end":{"line":1,"column":21}},"loc":{"start":{"line":1,"column":21},"end":{"line":3,"column":1}}}},"branchMap":{},"s":{"0":11,"1":2},"f":{"0":11},"b":{}}
}
