TN:
SF:src\index.ts
FN:20,(anonymous_0)
FN:24,(anonymous_1)
FN:29,(anonymous_2)
FNF:3
FNH:0
FNDA:0,(anonymous_0)
FNDA:0,(anonymous_1)
FNDA:0,(anonymous_2)
DA:11,0
DA:12,0
DA:13,0
DA:18,0
DA:20,0
DA:21,0
DA:24,0
DA:25,0
DA:29,0
LF:9
LH:0
BRDA:18,0,0,0
BRDA:18,0,1,0
BRF:2
BRH:0
end_of_record
TN:
SF:src\manual-test.ts
FNF:0
FNH:0
DA:4,0
DA:6,0
LF:2
LH:0
BRF:0
BRH:0
end_of_record
TN:
SF:src\play.ts
FNF:0
FNH:0
DA:1,0
LF:1
LH:0
BRF:0
BRH:0
end_of_record
TN:
SF:src\Models\Bishop.ts
FN:7,(anonymous_1)
FN:17,(anonymous_2)
FN:22,(anonymous_3)
FN:43,(anonymous_4)
FN:50,(anonymous_5)
FNF:5
FNH:1
FNDA:13,(anonymous_1)
FNDA:0,(anonymous_2)
FNDA:0,(anonymous_3)
FNDA:0,(anonymous_4)
FNDA:0,(anonymous_5)
DA:1,4
DA:3,4
DA:8,13
DA:18,0
DA:19,0
DA:20,0
DA:21,0
DA:22,0
DA:23,0
DA:24,0
DA:25,0
DA:26,0
DA:27,0
DA:28,0
DA:30,0
DA:32,0
DA:33,0
DA:34,0
DA:36,0
DA:44,0
DA:45,0
DA:46,0
DA:47,0
DA:48,0
DA:49,0
DA:50,0
DA:51,0
DA:52,0
DA:53,0
DA:54,0
DA:55,0
DA:56,0
DA:57,0
DA:60,0
DA:61,0
DA:62,0
DA:65,0
DA:66,0
DA:67,0
DA:71,0
DA:75,4
LF:41
LH:4
BRDA:11,0,0,7
BRDA:11,0,1,6
BRDA:11,1,0,6
BRDA:11,1,1,6
BRDA:12,2,0,7
BRDA:12,2,1,6
BRDA:26,3,0,0
BRDA:27,4,0,0
BRDA:27,4,1,0
BRDA:33,5,0,0
BRDA:33,5,1,0
BRDA:55,6,0,0
BRDA:55,6,1,0
BRDA:60,7,0,0
BRDA:62,8,0,0
BRDA:62,8,1,0
BRDA:66,9,0,0
BRDA:66,9,1,0
BRF:18
BRH:6
end_of_record
TN:
SF:src\Models\Board.ts
FN:10,(anonymous_0)
FN:14,(anonymous_1)
FNF:2
FNH:1
FNDA:3,(anonymous_0)
FNDA:0,(anonymous_1)
DA:3,3
DA:11,3
DA:15,0
DA:26,3
LF:4
LH:3
BRF:0
BRH:0
end_of_record
TN:
SF:src\Models\Clock.ts
FN:9,(anonymous_0)
FN:15,(anonymous_1)
FN:19,(anonymous_2)
FN:23,(anonymous_3)
FNF:4
FNH:0
FNDA:0,(anonymous_0)
FNDA:0,(anonymous_1)
FNDA:0,(anonymous_2)
FNDA:0,(anonymous_3)
DA:10,0
DA:11,0
DA:12,0
DA:16,0
DA:20,0
DA:24,0
LF:6
LH:0
BRF:0
BRH:0
end_of_record
TN:
SF:src\Models\Game.ts
FN:16,(anonymous_0)
FN:22,(anonymous_1)
FN:26,(anonymous_2)
FN:30,(anonymous_3)
FN:34,(anonymous_4)
FN:38,(anonymous_5)
FN:42,(anonymous_6)
FNF:7
FNH:7
FNDA:3,(anonymous_0)
FNDA:10,(anonymous_1)
FNDA:1,(anonymous_2)
FNDA:1,(anonymous_3)
FNDA:1,(anonymous_4)
FNDA:1,(anonymous_5)
FNDA:1,(anonymous_6)
DA:2,3
DA:8,3
DA:11,3
DA:12,3
DA:13,3
DA:14,3
DA:17,3
DA:18,3
DA:19,3
DA:23,10
DA:27,1
DA:31,1
DA:35,1
DA:39,1
DA:43,1
DA:52,3
LF:16
LH:16
BRF:0
BRH:0
end_of_record
TN:
SF:src\Models\King.ts
FN:12,(anonymous_1)
FN:22,(anonymous_2)
FN:26,(anonymous_3)
FN:30,(anonymous_4)
FN:36,(anonymous_5)
FN:48,(anonymous_6)
FN:58,(anonymous_7)
FNF:7
FNH:1
FNDA:7,(anonymous_1)
FNDA:0,(anonymous_2)
FNDA:0,(anonymous_3)
FNDA:0,(anonymous_4)
FNDA:0,(anonymous_5)
FNDA:0,(anonymous_6)
FNDA:0,(anonymous_7)
DA:1,4
DA:3,4
DA:6,4
DA:9,7
DA:10,7
DA:13,7
DA:23,0
DA:27,0
DA:31,0
DA:32,0
DA:33,0
DA:34,0
DA:35,0
DA:36,0
DA:37,0
DA:38,0
DA:39,0
DA:40,0
DA:42,0
DA:50,0
DA:51,0
DA:52,0
DA:53,0
DA:54,0
DA:55,0
DA:58,0
DA:59,0
DA:60,0
DA:61,0
DA:62,0
DA:63,0
DA:64,0
DA:65,0
DA:66,0
DA:67,0
DA:68,0
DA:70,0
DA:71,0
DA:72,0
DA:73,0
DA:74,0
DA:77,0
DA:81,0
DA:82,0
DA:83,0
DA:84,0
DA:87,0
DA:94,0
DA:95,0
DA:97,0
DA:98,0
DA:99,0
DA:100,0
DA:101,0
DA:102,0
DA:103,0
DA:106,0
DA:107,0
DA:108,0
DA:109,0
DA:110,0
DA:111,0
DA:112,0
DA:113,0
DA:118,0
DA:119,0
DA:120,0
DA:121,0
DA:122,0
DA:123,0
DA:124,0
DA:127,0
DA:128,0
DA:129,0
DA:130,0
DA:131,0
DA:132,0
DA:133,0
DA:134,0
DA:139,0
DA:140,0
DA:141,0
DA:142,0
DA:143,0
DA:144,0
DA:145,0
DA:148,0
DA:149,0
DA:150,0
DA:151,0
DA:152,0
DA:153,0
DA:154,0
DA:155,0
DA:160,0
DA:161,0
DA:162,0
DA:163,0
DA:164,0
DA:165,0
DA:166,0
DA:169,0
DA:170,0
DA:171,0
DA:172,0
DA:173,0
DA:174,0
DA:175,0
DA:176,0
DA:182,0
DA:186,4
LF:111
LH:7
BRDA:16,0,0,4
BRDA:16,0,1,3
BRDA:16,1,0,3
BRDA:16,1,1,3
BRDA:17,2,0,4
BRDA:17,2,1,3
BRDA:38,3,0,0
BRDA:39,4,0,0
BRDA:39,4,1,0
BRDA:70,5,0,0
BRDA:70,5,1,0
BRDA:71,6,0,0
BRDA:72,7,0,0
BRDA:72,7,1,0
BRDA:73,8,0,0
BRDA:81,9,0,0
BRDA:82,10,0,0
BRDA:82,10,1,0
BRDA:83,11,0,0
BRDA:94,12,0,0
BRDA:94,13,0,0
BRDA:94,13,1,0
BRDA:95,14,0,0
BRDA:95,14,1,0
BRDA:102,15,0,0
BRDA:109,16,0,0
BRDA:111,17,0,0
BRDA:111,18,0,0
BRDA:111,18,1,0
BRDA:111,18,2,0
BRDA:123,19,0,0
BRDA:130,20,0,0
BRDA:132,21,0,0
BRDA:132,22,0,0
BRDA:132,22,1,0
BRDA:132,22,2,0
BRDA:144,23,0,0
BRDA:151,24,0,0
BRDA:153,25,0,0
BRDA:153,26,0,0
BRDA:153,26,1,0
BRDA:153,26,2,0
BRDA:165,27,0,0
BRDA:172,28,0,0
BRDA:174,29,0,0
BRDA:174,30,0,0
BRDA:174,30,1,0
BRDA:174,30,2,0
BRF:48
BRH:6
end_of_record
TN:
SF:src\Models\Knight.ts
FN:7,(anonymous_1)
FN:17,(anonymous_2)
FN:23,(anonymous_3)
FN:35,(anonymous_4)
FN:43,(anonymous_5)
FNF:5
FNH:1
FNDA:13,(anonymous_1)
FNDA:0,(anonymous_2)
FNDA:0,(anonymous_3)
FNDA:0,(anonymous_4)
FNDA:0,(anonymous_5)
DA:1,4
DA:3,4
DA:8,13
DA:18,0
DA:19,0
DA:20,0
DA:21,0
DA:22,0
DA:23,0
DA:24,0
DA:25,0
DA:26,0
DA:27,0
DA:29,0
DA:36,0
DA:37,0
DA:38,0
DA:39,0
DA:40,0
DA:41,0
DA:42,0
DA:43,0
DA:45,0
DA:46,0
DA:47,0
DA:48,0
DA:49,0
DA:50,0
DA:53,0
DA:56,0
DA:59,0
DA:64,4
DA:66,4
LF:33
LH:5
BRDA:11,0,0,7
BRDA:11,0,1,6
BRDA:11,1,0,6
BRDA:11,1,1,6
BRDA:12,2,0,7
BRDA:12,2,1,6
BRDA:25,3,0,0
BRDA:26,4,0,0
BRDA:26,4,1,0
BRDA:36,5,0,0
BRDA:36,5,1,0
BRDA:48,6,0,0
BRDA:48,6,1,0
BRDA:49,7,0,0
BRF:14
BRH:6
end_of_record
TN:
SF:src\Models\Lobby.ts
FN:16,(anonymous_0)
FN:32,(anonymous_1)
FN:36,(anonymous_2)
FN:40,(anonymous_3)
FN:44,(anonymous_4)
FN:48,(anonymous_5)
FN:52,(anonymous_6)
FN:56,(anonymous_7)
FN:60,(anonymous_8)
FN:64,(anonymous_9)
FN:68,(anonymous_10)
FN:72,(anonymous_11)
FN:76,(anonymous_12)
FNF:13
FNH:13
FNDA:2,(anonymous_0)
FNDA:2,(anonymous_1)
FNDA:2,(anonymous_2)
FNDA:2,(anonymous_3)
FNDA:16,(anonymous_4)
FNDA:2,(anonymous_5)
FNDA:10,(anonymous_6)
FNDA:2,(anonymous_7)
FNDA:2,(anonymous_8)
FNDA:4,(anonymous_9)
FNDA:2,(anonymous_10)
FNDA:4,(anonymous_11)
FNDA:2,(anonymous_12)
DA:4,1
DA:9,2
DA:10,2
DA:23,2
DA:24,2
DA:25,2
DA:26,2
DA:27,2
DA:28,2
DA:29,2
DA:33,2
DA:37,2
DA:41,2
DA:45,16
DA:49,2
DA:53,10
DA:57,2
DA:61,2
DA:65,4
DA:69,2
DA:73,4
DA:77,2
DA:81,1
LF:23
LH:23
BRDA:28,0,0,1
BRDA:28,0,1,1
BRDA:29,1,0,0
BRDA:29,1,1,2
BRF:4
BRH:3
end_of_record
TN:
SF:src\Models\Pawn.ts
FN:10,(anonymous_1)
FN:20,(anonymous_2)
FN:29,(anonymous_3)
FN:38,(anonymous_4)
FN:46,(anonymous_5)
FN:57,(anonymous_6)
FN:95,(anonymous_7)
FNF:7
FNH:1
FNDA:49,(anonymous_1)
FNDA:0,(anonymous_2)
FNDA:0,(anonymous_3)
FNDA:0,(anonymous_4)
FNDA:0,(anonymous_5)
FNDA:0,(anonymous_6)
FNDA:0,(anonymous_7)
DA:1,4
DA:3,4
DA:8,49
DA:11,49
DA:21,0
DA:22,0
DA:23,0
DA:24,0
DA:25,0
DA:26,0
DA:27,0
DA:28,0
DA:29,0
DA:30,0
DA:31,0
DA:35,0
DA:36,0
DA:37,0
DA:38,0
DA:39,0
DA:40,0
DA:47,0
DA:48,0
DA:49,0
DA:50,0
DA:51,0
DA:52,0
DA:54,0
DA:55,0
DA:56,0
DA:57,0
DA:58,0
DA:59,0
DA:60,0
DA:61,0
DA:62,0
DA:63,0
DA:70,0
DA:71,0
DA:72,0
DA:73,0
DA:74,0
DA:76,0
DA:77,0
DA:78,0
DA:79,0
DA:80,0
DA:81,0
DA:82,0
DA:83,0
DA:85,0
DA:88,0
DA:92,0
DA:93,0
DA:94,0
DA:95,0
DA:96,0
DA:97,0
DA:98,0
DA:99,0
DA:100,0
DA:101,0
DA:108,0
DA:109,0
DA:110,0
DA:111,0
DA:112,0
DA:114,0
DA:115,0
DA:116,0
DA:117,0
DA:118,0
DA:119,0
DA:120,0
DA:121,0
DA:123,0
DA:126,0
DA:131,0
DA:135,4
LF:79
LH:5
BRDA:14,0,0,25
BRDA:14,0,1,24
BRDA:14,1,0,24
BRDA:14,1,1,24
BRDA:15,2,0,25
BRDA:15,2,1,24
BRDA:25,3,0,0
BRDA:25,3,1,0
BRDA:30,4,0,0
BRDA:39,5,0,0
BRDA:51,6,0,0
BRDA:51,6,1,0
BRDA:52,7,0,0
BRDA:52,7,1,0
BRDA:58,8,0,0
BRDA:61,9,0,0
BRDA:62,10,0,0
BRDA:73,11,0,0
BRDA:78,12,0,0
BRDA:78,12,1,0
BRDA:81,13,0,0
BRDA:82,14,0,0
BRDA:82,14,1,0
BRDA:96,15,0,0
BRDA:99,16,0,0
BRDA:100,17,0,0
BRDA:111,18,0,0
BRDA:116,19,0,0
BRDA:116,19,1,0
BRDA:119,20,0,0
BRDA:120,21,0,0
BRDA:120,21,1,0
BRF:32
BRH:6
end_of_record
TN:
SF:src\Models\Piece.ts
FN:16,(anonymous_0)
FN:31,(anonymous_1)
FN:35,(anonymous_2)
FN:39,(anonymous_3)
FN:43,(anonymous_4)
FN:47,(anonymous_5)
FN:51,(anonymous_6)
FN:55,(anonymous_7)
FN:59,(anonymous_8)
FN:63,(anonymous_9)
FNF:10
FNH:3
FNDA:102,(anonymous_0)
FNDA:0,(anonymous_1)
FNDA:0,(anonymous_2)
FNDA:32,(anonymous_3)
FNDA:0,(anonymous_4)
FNDA:32,(anonymous_5)
FNDA:0,(anonymous_6)
FNDA:0,(anonymous_7)
FNDA:0,(anonymous_8)
FNDA:0,(anonymous_9)
DA:3,9
DA:9,102
DA:12,102
DA:23,102
DA:24,102
DA:25,102
DA:26,102
DA:27,102
DA:28,102
DA:32,0
DA:36,0
DA:40,32
DA:44,0
DA:48,32
DA:52,0
DA:56,0
DA:60,0
DA:64,0
DA:71,9
LF:19
LH:12
BRF:0
BRH:0
end_of_record
TN:
SF:src\Models\Pin.ts
FN:13,(anonymous_0)
FN:31,(anonymous_1)
FN:35,(anonymous_2)
FN:39,(anonymous_3)
FN:43,(anonymous_4)
FN:47,(anonymous_5)
FN:51,(anonymous_6)
FN:55,(anonymous_7)
FNF:8
FNH:0
FNDA:0,(anonymous_0)
FNDA:0,(anonymous_1)
FNDA:0,(anonymous_2)
FNDA:0,(anonymous_3)
FNDA:0,(anonymous_4)
FNDA:0,(anonymous_5)
FNDA:0,(anonymous_6)
FNDA:0,(anonymous_7)
DA:22,0
DA:23,0
DA:24,0
DA:25,0
DA:26,0
DA:27,0
DA:28,0
DA:32,0
DA:36,0
DA:40,0
DA:44,0
DA:48,0
DA:52,0
DA:56,0
LF:14
LH:0
BRF:0
BRH:0
end_of_record
TN:
SF:src\Models\Player.ts
FN:7,(anonymous_0)
FN:12,(anonymous_1)
FN:16,(anonymous_2)
FNF:3
FNH:2
FNDA:7,(anonymous_0)
FNDA:20,(anonymous_1)
FNDA:0,(anonymous_2)
DA:1,3
DA:8,7
DA:9,7
DA:13,20
DA:17,0
DA:21,3
LF:6
LH:5
BRF:0
BRH:0
end_of_record
TN:
SF:src\Models\Position.ts
FN:6,(anonymous_0)
FN:12,(anonymous_1)
FN:16,(anonymous_2)
FN:20,(anonymous_3)
FNF:4
FNH:4
FNDA:198,(anonymous_0)
FNDA:192,(anonymous_1)
FNDA:192,(anonymous_2)
FNDA:192,(anonymous_3)
DA:7,198
DA:8,198
DA:9,198
DA:13,192
DA:17,192
DA:21,192
DA:25,9
LF:7
LH:7
BRF:0
BRH:0
end_of_record
TN:
SF:src\Models\Queen.ts
FN:8,(anonymous_1)
FN:18,(anonymous_2)
FN:22,(anonymous_3)
FN:43,(anonymous_4)
FN:49,(anonymous_5)
FNF:5
FNH:1
FNDA:7,(anonymous_1)
FNDA:0,(anonymous_2)
FNDA:0,(anonymous_3)
FNDA:0,(anonymous_4)
FNDA:0,(anonymous_5)
DA:1,4
DA:3,4
DA:5,4
DA:9,7
DA:19,0
DA:20,0
DA:21,0
DA:22,0
DA:23,0
DA:24,0
DA:25,0
DA:26,0
DA:27,0
DA:28,0
DA:30,0
DA:32,0
DA:33,0
DA:34,0
DA:36,0
DA:44,0
DA:45,0
DA:46,0
DA:47,0
DA:48,0
DA:49,0
DA:50,0
DA:51,0
DA:52,0
DA:53,0
DA:54,0
DA:55,0
DA:56,0
DA:59,0
DA:60,0
DA:61,0
DA:64,0
DA:65,0
DA:66,0
DA:72,0
DA:76,0
DA:80,4
LF:41
LH:5
BRDA:12,0,0,4
BRDA:12,0,1,3
BRDA:12,1,0,3
BRDA:12,1,1,3
BRDA:13,2,0,4
BRDA:13,2,1,3
BRDA:26,3,0,0
BRDA:27,4,0,0
BRDA:27,4,1,0
BRDA:33,5,0,0
BRDA:33,5,1,0
BRDA:54,6,0,0
BRDA:54,6,1,0
BRDA:59,7,0,0
BRDA:61,8,0,0
BRDA:61,8,1,0
BRDA:65,9,0,0
BRDA:65,9,1,0
BRDA:72,10,0,0
BRF:19
BRH:6
end_of_record
TN:
SF:src\Models\Rook.ts
FN:9,(anonymous_1)
FN:19,(anonymous_2)
FN:23,(anonymous_3)
FN:28,(anonymous_4)
FN:49,(anonymous_5)
FN:56,(anonymous_6)
FNF:6
FNH:1
FNDA:13,(anonymous_1)
FNDA:0,(anonymous_2)
FNDA:0,(anonymous_3)
FNDA:0,(anonymous_4)
FNDA:0,(anonymous_5)
FNDA:0,(anonymous_6)
DA:1,4
DA:3,4
DA:7,13
DA:10,13
DA:20,0
DA:24,0
DA:25,0
DA:26,0
DA:27,0
DA:28,0
DA:29,0
DA:30,0
DA:31,0
DA:32,0
DA:33,0
DA:34,0
DA:36,0
DA:38,0
DA:39,0
DA:40,0
DA:42,0
DA:50,0
DA:51,0
DA:52,0
DA:53,0
DA:54,0
DA:55,0
DA:56,0
DA:57,0
DA:58,0
DA:59,0
DA:60,0
DA:61,0
DA:62,0
DA:63,0
DA:66,0
DA:67,0
DA:68,0
DA:71,0
DA:72,0
DA:73,0
DA:77,0
DA:81,4
LF:43
LH:5
BRDA:13,0,0,7
BRDA:13,0,1,6
BRDA:13,1,0,6
BRDA:13,1,1,6
BRDA:14,2,0,7
BRDA:14,2,1,6
BRDA:32,3,0,0
BRDA:33,4,0,0
BRDA:33,4,1,0
BRDA:39,5,0,0
BRDA:39,5,1,0
BRDA:61,6,0,0
BRDA:61,6,1,0
BRDA:66,7,0,0
BRDA:68,8,0,0
BRDA:68,8,1,0
BRDA:72,9,0,0
BRDA:72,9,1,0
BRF:18
BRH:6
end_of_record
TN:
SF:src\Models\Square.ts
FN:20,(anonymous_0)
FN:33,(anonymous_1)
FN:36,(anonymous_2)
FN:52,(anonymous_3)
FN:56,(anonymous_4)
FN:60,(anonymous_5)
FN:64,(anonymous_6)
FN:68,(anonymous_7)
FN:72,(anonymous_8)
FN:76,(anonymous_9)
FN:80,(anonymous_10)
FN:84,(anonymous_11)
FN:88,(anonymous_12)
FN:92,(anonymous_13)
FN:96,(anonymous_14)
FNF:15
FNH:7
FNDA:192,(anonymous_0)
FNDA:192,(anonymous_1)
FNDA:1536,(anonymous_2)
FNDA:0,(anonymous_3)
FNDA:0,(anonymous_4)
FNDA:480,(anonymous_5)
FNDA:0,(anonymous_6)
FNDA:96,(anonymous_7)
FNDA:128,(anonymous_8)
FNDA:96,(anonymous_9)
FNDA:0,(anonymous_10)
FNDA:0,(anonymous_11)
FNDA:0,(anonymous_12)
FNDA:0,(anonymous_13)
FNDA:0,(anonymous_14)
DA:5,5
DA:11,192
DA:13,192
DA:14,192
DA:15,192
DA:26,192
DA:27,192
DA:28,192
DA:29,192
DA:30,192
DA:34,192
DA:35,192
DA:36,192
DA:37,1536
DA:38,1536
DA:39,1536
DA:45,1260
DA:47,276
DA:53,0
DA:57,0
DA:61,480
DA:65,0
DA:69,96
DA:73,128
DA:77,96
DA:81,0
DA:85,0
DA:89,0
DA:93,0
DA:97,0
DA:101,5
DA:103,5
LF:32
LH:24
BRDA:39,0,0,1260
BRDA:39,0,1,276
BRDA:40,1,0,1536
BRDA:40,1,1,1464
BRDA:40,1,2,1392
BRDA:40,1,3,1326
BRF:6
BRH:6
end_of_record
TN:
SF:src\Models\StandardChess.ts
FN:8,(anonymous_1)
FN:12,(anonymous_2)
FN:16,(anonymous_3)
FN:18,(anonymous_4)
FN:20,(anonymous_5)
FN:24,(anonymous_6)
FN:39,(anonymous_7)
FNF:7
FNH:2
FNDA:3,(anonymous_1)
FNDA:2,(anonymous_2)
FNDA:0,(anonymous_3)
FNDA:0,(anonymous_4)
FNDA:0,(anonymous_5)
FNDA:0,(anonymous_6)
FNDA:0,(anonymous_7)
DA:1,3
DA:3,3
DA:6,3
DA:9,3
DA:13,2
DA:21,0
DA:26,0
DA:27,0
DA:28,0
DA:29,0
DA:31,0
DA:32,0
DA:33,0
DA:34,0
DA:35,0
DA:36,0
DA:37,0
DA:38,0
DA:39,0
DA:40,0
DA:42,0
DA:43,0
DA:47,3
LF:23
LH:6
BRF:0
BRH:0
end_of_record
TN:
SF:src\Models\StandardChessBoard.ts
FN:17,(anonymous_1)
FN:20,(anonymous_2)
FN:26,(anonymous_3)
FN:41,(anonymous_4)
FN:153,(anonymous_5)
FN:155,(anonymous_6)
FN:159,(anonymous_7)
FN:178,(anonymous_8)
FN:292,(anonymous_9)
FNF:9
FNH:5
FNDA:24,(anonymous_1)
FNDA:3,(anonymous_2)
FNDA:3,(anonymous_3)
FNDA:3,(anonymous_4)
FNDA:0,(anonymous_5)
FNDA:401,(anonymous_6)
FNDA:0,(anonymous_7)
FNDA:0,(anonymous_8)
FNDA:0,(anonymous_9)
DA:1,3
DA:2,3
DA:3,3
DA:4,3
DA:5,3
DA:6,3
DA:9,3
DA:10,3
DA:11,3
DA:12,3
DA:15,3
DA:17,24
DA:18,3
DA:21,3
DA:22,3
DA:23,3
DA:27,3
DA:28,24
DA:29,192
DA:30,192
DA:31,192
DA:42,3
DA:43,24
DA:44,192
DA:45,192
DA:46,192
DA:48,192
DA:49,24
DA:51,3
DA:54,3
DA:56,3
DA:59,3
DA:61,3
DA:64,3
DA:66,3
DA:69,3
DA:71,3
DA:74,3
DA:76,3
DA:79,3
DA:81,3
DA:84,3
DA:86,3
DA:89,3
DA:91,24
DA:94,192
DA:95,24
DA:96,24
DA:99,192
DA:100,24
DA:101,24
DA:104,192
DA:105,24
DA:107,3
DA:110,3
DA:112,3
DA:115,3
DA:117,3
DA:120,3
DA:122,3
DA:125,3
DA:127,3
DA:130,3
DA:132,3
DA:135,3
DA:137,3
DA:140,3
DA:142,3
DA:145,3
DA:147,24
DA:156,401
DA:160,0
DA:161,0
DA:162,0
DA:163,0
DA:164,0
DA:165,0
DA:166,0
DA:167,0
DA:168,0
DA:169,0
DA:170,0
DA:171,0
DA:179,0
DA:180,0
DA:181,0
DA:182,0
DA:183,0
DA:184,0
DA:186,0
DA:187,0
DA:189,0
DA:192,0
DA:227,0
DA:229,0
DA:233,3
DA:235,3
DA:246,3
DA:257,3
DA:292,3
DA:298,0
DA:299,0
DA:300,0
DA:301,0
DA:302,0
DA:303,0
DA:304,0
DA:305,0
DA:306,0
DA:307,0
DA:308,0
DA:309,0
DA:310,0
DA:311,0
DA:313,0
DA:314,0
DA:318,0
DA:321,0
DA:324,0
LF:119
LH:76
BRDA:34,0,0,96
BRDA:34,0,1,96
BRDA:48,1,0,24
BRDA:49,2,0,3
BRDA:49,2,1,3
BRDA:49,2,2,3
BRDA:49,2,3,3
BRDA:49,2,4,3
BRDA:49,2,5,3
BRDA:49,2,6,3
BRDA:49,2,7,3
BRDA:94,3,0,24
BRDA:99,4,0,24
BRDA:104,5,0,24
BRDA:105,6,0,3
BRDA:105,6,1,3
BRDA:105,6,2,3
BRDA:105,6,3,3
BRDA:105,6,4,3
BRDA:105,6,5,3
BRDA:105,6,6,3
BRDA:105,6,7,3
BRDA:170,7,0,0
BRDA:170,8,0,0
BRDA:170,8,1,0
BRDA:186,9,0,0
BRDA:186,9,1,0
BRDA:194,10,0,0
BRDA:194,10,1,0
BRDA:198,11,0,0
BRDA:198,11,1,0
BRDA:202,12,0,0
BRDA:202,12,1,0
BRDA:206,13,0,0
BRDA:206,13,1,0
BRDA:210,14,0,0
BRDA:210,14,1,0
BRDA:214,15,0,0
BRDA:214,15,1,0
BRDA:218,16,0,0
BRDA:218,16,1,0
BRDA:222,17,0,0
BRDA:222,17,1,0
BRDA:306,18,0,0
BRDA:306,18,1,0
BRDA:308,19,0,0
BRDA:308,19,1,0
BRDA:310,20,0,0
BRDA:310,20,1,0
BRDA:313,21,0,0
BRF:50
BRH:22
end_of_record
TN:
SF:src\Models\Time.ts
FN:6,(anonymous_0)
FN:12,(anonymous_1)
FN:16,(anonymous_2)
FN:20,(anonymous_3)
FN:24,(anonymous_4)
FNF:5
FNH:0
FNDA:0,(anonymous_0)
FNDA:0,(anonymous_1)
FNDA:0,(anonymous_2)
FNDA:0,(anonymous_3)
FNDA:0,(anonymous_4)
DA:7,0
DA:8,0
DA:9,0
DA:13,0
DA:17,0
DA:21,0
DA:25,0
LF:7
LH:0
BRF:0
BRH:0
end_of_record
TN:
SF:src\Models\TimeControl.ts
FN:7,(anonymous_0)
FN:12,(anonymous_1)
FN:16,(anonymous_2)
FNF:3
FNH:0
FNDA:0,(anonymous_0)
FNDA:0,(anonymous_1)
FNDA:0,(anonymous_2)
DA:8,0
DA:9,0
DA:13,0
DA:17,0
DA:23,0
LF:5
LH:0
BRF:0
BRH:0
end_of_record
TN:
SF:src\utils\utils.ts
FN:1,genId
FNF:1
FNH:0
FNDA:0,genId
DA:2,0
LF:1
LH:0
BRF:0
BRH:0
end_of_record
